<?xml version="1.0" encoding="UTF-8"?>
<testsuite xmlns:xsi="http://www.w3.org/2001/XMLSchema-instance" xsi:noNamespaceSchemaLocation="https://maven.apache.org/surefire/maven-surefire-plugin/xsd/surefire-test-report-3.0.xsd" version="3.0" name="User should be able to fill up the form and submit" time="671.04" tests="63" errors="7" skipped="0" failures="0">
  <properties>
    <property name="sun.desktop" value="windows"/>
    <property name="awt.toolkit" value="sun.awt.windows.WToolkit"/>
    <property name="file.encoding.pkg" value="sun.io"/>
    <property name="java.specification.version" value="1.8"/>
    <property name="webdriver.chrome.driver" value="C:\Users\USER\.cache\selenium\chromedriver\win32\114.0.5735.90\chromedriver.exe"/>
    <property name="sun.cpu.isalist" value="amd64"/>
    <property name="sun.jnu.encoding" value="Cp1251"/>
    <property name="java.class.path" value="C:\Users\USER\WORKSPACE\NCApplianceRepair\target\test-classes;C:\Users\USER\WORKSPACE\NCApplianceRepair\target\classes;C:\Users\USER\.m2\repository\org\seleniumhq\selenium\selenium-java\4.8.1\selenium-java-4.8.1.jar;C:\Users\USER\.m2\repository\org\seleniumhq\selenium\selenium-api\4.8.1\selenium-api-4.8.1.jar;C:\Users\USER\.m2\repository\org\seleniumhq\selenium\selenium-chrome-driver\4.8.1\selenium-chrome-driver-4.8.1.jar;C:\Users\USER\.m2\repository\com\google\auto\service\auto-service-annotations\1.0.1\auto-service-annotations-1.0.1.jar;C:\Users\USER\.m2\repository\com\google\auto\service\auto-service\1.0.1\auto-service-1.0.1.jar;C:\Users\USER\.m2\repository\com\google\auto\auto-common\1.2\auto-common-1.2.jar;C:\Users\USER\.m2\repository\com\google\guava\guava\31.1-jre\guava-31.1-jre.jar;C:\Users\USER\.m2\repository\com\google\guava\failureaccess\1.0.1\failureaccess-1.0.1.jar;C:\Users\USER\.m2\repository\com\google\guava\listenablefuture\9999.0-empty-to-avoid-conflict-with-guava\listenablefuture-9999.0-empty-to-avoid-conflict-with-guava.jar;C:\Users\USER\.m2\repository\com\google\code\findbugs\jsr305\3.0.2\jsr305-3.0.2.jar;C:\Users\USER\.m2\repository\org\checkerframework\checker-qual\3.12.0\checker-qual-3.12.0.jar;C:\Users\USER\.m2\repository\com\google\errorprone\error_prone_annotations\2.11.0\error_prone_annotations-2.11.0.jar;C:\Users\USER\.m2\repository\com\google\j2objc\j2objc-annotations\1.3\j2objc-annotations-1.3.jar;C:\Users\USER\.m2\repository\org\seleniumhq\selenium\selenium-chromium-driver\4.8.1\selenium-chromium-driver-4.8.1.jar;C:\Users\USER\.m2\repository\org\seleniumhq\selenium\selenium-json\4.8.1\selenium-json-4.8.1.jar;C:\Users\USER\.m2\repository\org\seleniumhq\selenium\selenium-devtools-v108\4.8.1\selenium-devtools-v108-4.8.1.jar;C:\Users\USER\.m2\repository\org\seleniumhq\selenium\selenium-devtools-v109\4.8.1\selenium-devtools-v109-4.8.1.jar;C:\Users\USER\.m2\repository\org\seleniumhq\selenium\selenium-devtools-v110\4.8.1\selenium-devtools-v110-4.8.1.jar;C:\Users\USER\.m2\repository\org\seleniumhq\selenium\selenium-devtools-v85\4.8.1\selenium-devtools-v85-4.8.1.jar;C:\Users\USER\.m2\repository\org\seleniumhq\selenium\selenium-edge-driver\4.8.1\selenium-edge-driver-4.8.1.jar;C:\Users\USER\.m2\repository\org\seleniumhq\selenium\selenium-firefox-driver\4.8.1\selenium-firefox-driver-4.8.1.jar;C:\Users\USER\.m2\repository\org\seleniumhq\selenium\selenium-http\4.8.1\selenium-http-4.8.1.jar;C:\Users\USER\.m2\repository\dev\failsafe\failsafe\3.3.0\failsafe-3.3.0.jar;C:\Users\USER\.m2\repository\org\seleniumhq\selenium\selenium-ie-driver\4.8.1\selenium-ie-driver-4.8.1.jar;C:\Users\USER\.m2\repository\org\seleniumhq\selenium\selenium-remote-driver\4.8.1\selenium-remote-driver-4.8.1.jar;C:\Users\USER\.m2\repository\com\beust\jcommander\1.82\jcommander-1.82.jar;C:\Users\USER\.m2\repository\io\netty\netty-buffer\4.1.87.Final\netty-buffer-4.1.87.Final.jar;C:\Users\USER\.m2\repository\io\netty\netty-codec-http\4.1.87.Final\netty-codec-http-4.1.87.Final.jar;C:\Users\USER\.m2\repository\io\netty\netty-codec\4.1.87.Final\netty-codec-4.1.87.Final.jar;C:\Users\USER\.m2\repository\io\netty\netty-handler\4.1.87.Final\netty-handler-4.1.87.Final.jar;C:\Users\USER\.m2\repository\io\netty\netty-common\4.1.87.Final\netty-common-4.1.87.Final.jar;C:\Users\USER\.m2\repository\io\netty\netty-transport-classes-epoll\4.1.87.Final\netty-transport-classes-epoll-4.1.87.Final.jar;C:\Users\USER\.m2\repository\io\netty\netty-transport-classes-kqueue\4.1.87.Final\netty-transport-classes-kqueue-4.1.87.Final.jar;C:\Users\USER\.m2\repository\io\netty\netty-transport-native-epoll\4.1.87.Final\netty-transport-native-epoll-4.1.87.Final.jar;C:\Users\USER\.m2\repository\io\netty\netty-transport-native-kqueue\4.1.87.Final\netty-transport-native-kqueue-4.1.87.Final.jar;C:\Users\USER\.m2\repository\io\netty\netty-transport-native-unix-common\4.1.87.Final\netty-transport-native-unix-common-4.1.87.Final.jar;C:\Users\USER\.m2\repository\io\netty\netty-transport\4.1.87.Final\netty-transport-4.1.87.Final.jar;C:\Users\USER\.m2\repository\io\netty\netty-resolver\4.1.87.Final\netty-resolver-4.1.87.Final.jar;C:\Users\USER\.m2\repository\io\opentelemetry\opentelemetry-api\1.22.0\opentelemetry-api-1.22.0.jar;C:\Users\USER\.m2\repository\io\opentelemetry\opentelemetry-context\1.22.0\opentelemetry-context-1.22.0.jar;C:\Users\USER\.m2\repository\io\opentelemetry\opentelemetry-exporter-logging\1.22.0\opentelemetry-exporter-logging-1.22.0.jar;C:\Users\USER\.m2\repository\io\opentelemetry\opentelemetry-sdk-metrics\1.22.0\opentelemetry-sdk-metrics-1.22.0.jar;C:\Users\USER\.m2\repository\io\opentelemetry\opentelemetry-sdk-logs\1.22.0-alpha\opentelemetry-sdk-logs-1.22.0-alpha.jar;C:\Users\USER\.m2\repository\io\opentelemetry\opentelemetry-api-logs\1.22.0-alpha\opentelemetry-api-logs-1.22.0-alpha.jar;C:\Users\USER\.m2\repository\io\opentelemetry\opentelemetry-sdk-common\1.22.0\opentelemetry-sdk-common-1.22.0.jar;C:\Users\USER\.m2\repository\io\opentelemetry\opentelemetry-sdk-extension-autoconfigure-spi\1.22.0\opentelemetry-sdk-extension-autoconfigure-spi-1.22.0.jar;C:\Users\USER\.m2\repository\io\opentelemetry\opentelemetry-sdk-extension-autoconfigure\1.22.0-alpha\opentelemetry-sdk-extension-autoconfigure-1.22.0-alpha.jar;C:\Users\USER\.m2\repository\io\opentelemetry\opentelemetry-sdk-trace\1.22.0\opentelemetry-sdk-trace-1.22.0.jar;C:\Users\USER\.m2\repository\io\opentelemetry\opentelemetry-sdk\1.22.0\opentelemetry-sdk-1.22.0.jar;C:\Users\USER\.m2\repository\io\opentelemetry\opentelemetry-semconv\1.22.0-alpha\opentelemetry-semconv-1.22.0-alpha.jar;C:\Users\USER\.m2\repository\io\ous\jtoml\2.0.0\jtoml-2.0.0.jar;C:\Users\USER\.m2\repository\net\bytebuddy\byte-buddy\1.12.22\byte-buddy-1.12.22.jar;C:\Users\USER\.m2\repository\org\apache\commons\commons-exec\1.3\commons-exec-1.3.jar;C:\Users\USER\.m2\repository\org\asynchttpclient\async-http-client\2.12.3\async-http-client-2.12.3.jar;C:\Users\USER\.m2\repository\org\asynchttpclient\async-http-client-netty-utils\2.12.3\async-http-client-netty-utils-2.12.3.jar;C:\Users\USER\.m2\repository\io\netty\netty-codec-socks\4.1.60.Final\netty-codec-socks-4.1.60.Final.jar;C:\Users\USER\.m2\repository\io\netty\netty-handler-proxy\4.1.60.Final\netty-handler-proxy-4.1.60.Final.jar;C:\Users\USER\.m2\repository\io\netty\netty-transport-native-epoll\4.1.60.Final\netty-transport-native-epoll-4.1.60.Final-linux-x86_64.jar;C:\Users\USER\.m2\repository\io\netty\netty-transport-native-kqueue\4.1.60.Final\netty-transport-native-kqueue-4.1.60.Final-osx-x86_64.jar;C:\Users\USER\.m2\repository\org\reactivestreams\reactive-streams\1.0.3\reactive-streams-1.0.3.jar;C:\Users\USER\.m2\repository\com\typesafe\netty\netty-reactive-streams\2.0.4\netty-reactive-streams-2.0.4.jar;C:\Users\USER\.m2\repository\com\sun\activation\jakarta.activation\1.2.2\jakarta.activation-1.2.2.jar;C:\Users\USER\.m2\repository\org\seleniumhq\selenium\selenium-manager\4.8.1\selenium-manager-4.8.1.jar;C:\Users\USER\.m2\repository\org\seleniumhq\selenium\selenium-safari-driver\4.8.1\selenium-safari-driver-4.8.1.jar;C:\Users\USER\.m2\repository\org\seleniumhq\selenium\selenium-support\4.8.1\selenium-support-4.8.1.jar;C:\Users\USER\.m2\repository\com\github\javafaker\javafaker\1.0.2\javafaker-1.0.2.jar;C:\Users\USER\.m2\repository\org\apache\commons\commons-lang3\3.5\commons-lang3-3.5.jar;C:\Users\USER\.m2\repository\org\yaml\snakeyaml\1.23\snakeyaml-1.23-android.jar;C:\Users\USER\.m2\repository\com\github\mifmif\generex\1.0.2\generex-1.0.2.jar;C:\Users\USER\.m2\repository\dk\brics\automaton\automaton\1.11-8\automaton-1.11-8.jar;C:\Users\USER\.m2\repository\io\github\bonigarcia\webdrivermanager\5.3.2\webdrivermanager-5.3.2.jar;C:\Users\USER\.m2\repository\org\slf4j\slf4j-api\2.0.6\slf4j-api-2.0.6.jar;C:\Users\USER\.m2\repository\com\google\code\gson\gson\2.10.1\gson-2.10.1.jar;C:\Users\USER\.m2\repository\com\github\docker-java\docker-java\3.2.14\docker-java-3.2.14.jar;C:\Users\USER\.m2\repository\com\github\docker-java\docker-java-core\3.2.14\docker-java-core-3.2.14.jar;C:\Users\USER\.m2\repository\com\github\docker-java\docker-java-api\3.2.14\docker-java-api-3.2.14.jar;C:\Users\USER\.m2\repository\com\fasterxml\jackson\core\jackson-annotations\2.10.3\jackson-annotations-2.10.3.jar;C:\Users\USER\.m2\repository\commons-io\commons-io\2.6\commons-io-2.6.jar;C:\Users\USER\.m2\repository\org\apache\commons\commons-compress\1.21\commons-compress-1.21.jar;C:\Users\USER\.m2\repository\com\fasterxml\jackson\core\jackson-databind\2.10.3\jackson-databind-2.10.3.jar;C:\Users\USER\.m2\repository\com\fasterxml\jackson\core\jackson-core\2.10.3\jackson-core-2.10.3.jar;C:\Users\USER\.m2\repository\org\bouncycastle\bcpkix-jdk15on\1.64\bcpkix-jdk15on-1.64.jar;C:\Users\USER\.m2\repository\org\bouncycastle\bcprov-jdk15on\1.64\bcprov-jdk15on-1.64.jar;C:\Users\USER\.m2\repository\org\slf4j\jcl-over-slf4j\1.7.30\jcl-over-slf4j-1.7.30.jar;C:\Users\USER\.m2\repository\com\github\docker-java\docker-java-transport-httpclient5\3.2.14\docker-java-transport-httpclient5-3.2.14.jar;C:\Users\USER\.m2\repository\com\github\docker-java\docker-java-transport\3.2.14\docker-java-transport-3.2.14.jar;C:\Users\USER\.m2\repository\net\java\dev\jna\jna\5.12.1\jna-5.12.1.jar;C:\Users\USER\.m2\repository\org\brotli\dec\0.1.2\dec-0.1.2.jar;C:\Users\USER\.m2\repository\org\apache\httpcomponents\client5\httpclient5\5.2.1\httpclient5-5.2.1.jar;C:\Users\USER\.m2\repository\org\apache\httpcomponents\core5\httpcore5\5.2\httpcore5-5.2.jar;C:\Users\USER\.m2\repository\org\apache\httpcomponents\core5\httpcore5-h2\5.2\httpcore5-h2-5.2.jar;C:\Users\USER\.m2\repository\io\cucumber\cucumber-java\7.11.1\cucumber-java-7.11.1.jar;C:\Users\USER\.m2\repository\io\cucumber\cucumber-core\7.11.1\cucumber-core-7.11.1.jar;C:\Users\USER\.m2\repository\io\cucumber\cucumber-gherkin\7.11.1\cucumber-gherkin-7.11.1.jar;C:\Users\USER\.m2\repository\io\cucumber\cucumber-gherkin-messages\7.11.1\cucumber-gherkin-messages-7.11.1.jar;C:\Users\USER\.m2\repository\io\cucumber\gherkin\26.0.3\gherkin-26.0.3.jar;C:\Users\USER\.m2\repository\io\cucumber\messages\21.0.1\messages-21.0.1.jar;C:\Users\USER\.m2\repository\io\cucumber\tag-expressions\5.0.1\tag-expressions-5.0.1.jar;C:\Users\USER\.m2\repository\io\cucumber\cucumber-expressions\16.1.2\cucumber-expressions-16.1.2.jar;C:\Users\USER\.m2\repository\io\cucumber\datatable\7.11.1\datatable-7.11.1.jar;C:\Users\USER\.m2\repository\io\cucumber\cucumber-plugin\7.11.1\cucumber-plugin-7.11.1.jar;C:\Users\USER\.m2\repository\io\cucumber\docstring\7.11.1\docstring-7.11.1.jar;C:\Users\USER\.m2\repository\io\cucumber\html-formatter\20.2.1\html-formatter-20.2.1.jar;C:\Users\USER\.m2\repository\io\cucumber\junit-xml-formatter\0.1.0\junit-xml-formatter-0.1.0.jar;C:\Users\USER\.m2\repository\io\cucumber\ci-environment\9.1.0\ci-environment-9.1.0.jar;C:\Users\USER\.m2\repository\org\apiguardian\apiguardian-api\1.1.2\apiguardian-api-1.1.2.jar;C:\Users\USER\.m2\repository\io\cucumber\cucumber-junit\7.11.1\cucumber-junit-7.11.1.jar;C:\Users\USER\.m2\repository\junit\junit\4.13.2\junit-4.13.2.jar;C:\Users\USER\.m2\repository\org\hamcrest\hamcrest-core\1.3\hamcrest-core-1.3.jar;C:\Users\USER\.m2\repository\org\slf4j\slf4j-simple\2.0.5\slf4j-simple-2.0.5.jar;"/>
    <property name="java.vm.vendor" value="Oracle Corporation"/>
    <property name="sun.arch.data.model" value="64"/>
    <property name="user.variant" value=""/>
    <property name="java.vendor.url" value="http://java.oracle.com/"/>
    <property name="user.timezone" value="GMT-04:00"/>
    <property name="java.vm.specification.version" value="1.8"/>
    <property name="os.name" value="Windows 10"/>
    <property name="user.country" value="US"/>
    <property name="sun.java.launcher" value="SUN_STANDARD"/>
    <property name="sun.boot.library.path" value="C:\Program Files\Java\jdk1.8.0_231\jre\bin"/>
    <property name="sun.java.command" value="C:\Users\USER\AppData\Local\Temp\surefire4141042191011342452\surefirebooter1651059545353373807.jar C:\Users\USER\AppData\Local\Temp\surefire4141042191011342452 2023-10-26T03-27-31_782-jvmRun1 surefire2150190612123820666tmp surefire_05243395022574339981tmp"/>
    <property name="surefire.test.class.path" value="C:\Users\USER\WORKSPACE\NCApplianceRepair\target\test-classes;C:\Users\USER\WORKSPACE\NCApplianceRepair\target\classes;C:\Users\USER\.m2\repository\org\seleniumhq\selenium\selenium-java\4.8.1\selenium-java-4.8.1.jar;C:\Users\USER\.m2\repository\org\seleniumhq\selenium\selenium-api\4.8.1\selenium-api-4.8.1.jar;C:\Users\USER\.m2\repository\org\seleniumhq\selenium\selenium-chrome-driver\4.8.1\selenium-chrome-driver-4.8.1.jar;C:\Users\USER\.m2\repository\com\google\auto\service\auto-service-annotations\1.0.1\auto-service-annotations-1.0.1.jar;C:\Users\USER\.m2\repository\com\google\auto\service\auto-service\1.0.1\auto-service-1.0.1.jar;C:\Users\USER\.m2\repository\com\google\auto\auto-common\1.2\auto-common-1.2.jar;C:\Users\USER\.m2\repository\com\google\guava\guava\31.1-jre\guava-31.1-jre.jar;C:\Users\USER\.m2\repository\com\google\guava\failureaccess\1.0.1\failureaccess-1.0.1.jar;C:\Users\USER\.m2\repository\com\google\guava\listenablefuture\9999.0-empty-to-avoid-conflict-with-guava\listenablefuture-9999.0-empty-to-avoid-conflict-with-guava.jar;C:\Users\USER\.m2\repository\com\google\code\findbugs\jsr305\3.0.2\jsr305-3.0.2.jar;C:\Users\USER\.m2\repository\org\checkerframework\checker-qual\3.12.0\checker-qual-3.12.0.jar;C:\Users\USER\.m2\repository\com\google\errorprone\error_prone_annotations\2.11.0\error_prone_annotations-2.11.0.jar;C:\Users\USER\.m2\repository\com\google\j2objc\j2objc-annotations\1.3\j2objc-annotations-1.3.jar;C:\Users\USER\.m2\repository\org\seleniumhq\selenium\selenium-chromium-driver\4.8.1\selenium-chromium-driver-4.8.1.jar;C:\Users\USER\.m2\repository\org\seleniumhq\selenium\selenium-json\4.8.1\selenium-json-4.8.1.jar;C:\Users\USER\.m2\repository\org\seleniumhq\selenium\selenium-devtools-v108\4.8.1\selenium-devtools-v108-4.8.1.jar;C:\Users\USER\.m2\repository\org\seleniumhq\selenium\selenium-devtools-v109\4.8.1\selenium-devtools-v109-4.8.1.jar;C:\Users\USER\.m2\repository\org\seleniumhq\selenium\selenium-devtools-v110\4.8.1\selenium-devtools-v110-4.8.1.jar;C:\Users\USER\.m2\repository\org\seleniumhq\selenium\selenium-devtools-v85\4.8.1\selenium-devtools-v85-4.8.1.jar;C:\Users\USER\.m2\repository\org\seleniumhq\selenium\selenium-edge-driver\4.8.1\selenium-edge-driver-4.8.1.jar;C:\Users\USER\.m2\repository\org\seleniumhq\selenium\selenium-firefox-driver\4.8.1\selenium-firefox-driver-4.8.1.jar;C:\Users\USER\.m2\repository\org\seleniumhq\selenium\selenium-http\4.8.1\selenium-http-4.8.1.jar;C:\Users\USER\.m2\repository\dev\failsafe\failsafe\3.3.0\failsafe-3.3.0.jar;C:\Users\USER\.m2\repository\org\seleniumhq\selenium\selenium-ie-driver\4.8.1\selenium-ie-driver-4.8.1.jar;C:\Users\USER\.m2\repository\org\seleniumhq\selenium\selenium-remote-driver\4.8.1\selenium-remote-driver-4.8.1.jar;C:\Users\USER\.m2\repository\com\beust\jcommander\1.82\jcommander-1.82.jar;C:\Users\USER\.m2\repository\io\netty\netty-buffer\4.1.87.Final\netty-buffer-4.1.87.Final.jar;C:\Users\USER\.m2\repository\io\netty\netty-codec-http\4.1.87.Final\netty-codec-http-4.1.87.Final.jar;C:\Users\USER\.m2\repository\io\netty\netty-codec\4.1.87.Final\netty-codec-4.1.87.Final.jar;C:\Users\USER\.m2\repository\io\netty\netty-handler\4.1.87.Final\netty-handler-4.1.87.Final.jar;C:\Users\USER\.m2\repository\io\netty\netty-common\4.1.87.Final\netty-common-4.1.87.Final.jar;C:\Users\USER\.m2\repository\io\netty\netty-transport-classes-epoll\4.1.87.Final\netty-transport-classes-epoll-4.1.87.Final.jar;C:\Users\USER\.m2\repository\io\netty\netty-transport-classes-kqueue\4.1.87.Final\netty-transport-classes-kqueue-4.1.87.Final.jar;C:\Users\USER\.m2\repository\io\netty\netty-transport-native-epoll\4.1.87.Final\netty-transport-native-epoll-4.1.87.Final.jar;C:\Users\USER\.m2\repository\io\netty\netty-transport-native-kqueue\4.1.87.Final\netty-transport-native-kqueue-4.1.87.Final.jar;C:\Users\USER\.m2\repository\io\netty\netty-transport-native-unix-common\4.1.87.Final\netty-transport-native-unix-common-4.1.87.Final.jar;C:\Users\USER\.m2\repository\io\netty\netty-transport\4.1.87.Final\netty-transport-4.1.87.Final.jar;C:\Users\USER\.m2\repository\io\netty\netty-resolver\4.1.87.Final\netty-resolver-4.1.87.Final.jar;C:\Users\USER\.m2\repository\io\opentelemetry\opentelemetry-api\1.22.0\opentelemetry-api-1.22.0.jar;C:\Users\USER\.m2\repository\io\opentelemetry\opentelemetry-context\1.22.0\opentelemetry-context-1.22.0.jar;C:\Users\USER\.m2\repository\io\opentelemetry\opentelemetry-exporter-logging\1.22.0\opentelemetry-exporter-logging-1.22.0.jar;C:\Users\USER\.m2\repository\io\opentelemetry\opentelemetry-sdk-metrics\1.22.0\opentelemetry-sdk-metrics-1.22.0.jar;C:\Users\USER\.m2\repository\io\opentelemetry\opentelemetry-sdk-logs\1.22.0-alpha\opentelemetry-sdk-logs-1.22.0-alpha.jar;C:\Users\USER\.m2\repository\io\opentelemetry\opentelemetry-api-logs\1.22.0-alpha\opentelemetry-api-logs-1.22.0-alpha.jar;C:\Users\USER\.m2\repository\io\opentelemetry\opentelemetry-sdk-common\1.22.0\opentelemetry-sdk-common-1.22.0.jar;C:\Users\USER\.m2\repository\io\opentelemetry\opentelemetry-sdk-extension-autoconfigure-spi\1.22.0\opentelemetry-sdk-extension-autoconfigure-spi-1.22.0.jar;C:\Users\USER\.m2\repository\io\opentelemetry\opentelemetry-sdk-extension-autoconfigure\1.22.0-alpha\opentelemetry-sdk-extension-autoconfigure-1.22.0-alpha.jar;C:\Users\USER\.m2\repository\io\opentelemetry\opentelemetry-sdk-trace\1.22.0\opentelemetry-sdk-trace-1.22.0.jar;C:\Users\USER\.m2\repository\io\opentelemetry\opentelemetry-sdk\1.22.0\opentelemetry-sdk-1.22.0.jar;C:\Users\USER\.m2\repository\io\opentelemetry\opentelemetry-semconv\1.22.0-alpha\opentelemetry-semconv-1.22.0-alpha.jar;C:\Users\USER\.m2\repository\io\ous\jtoml\2.0.0\jtoml-2.0.0.jar;C:\Users\USER\.m2\repository\net\bytebuddy\byte-buddy\1.12.22\byte-buddy-1.12.22.jar;C:\Users\USER\.m2\repository\org\apache\commons\commons-exec\1.3\commons-exec-1.3.jar;C:\Users\USER\.m2\repository\org\asynchttpclient\async-http-client\2.12.3\async-http-client-2.12.3.jar;C:\Users\USER\.m2\repository\org\asynchttpclient\async-http-client-netty-utils\2.12.3\async-http-client-netty-utils-2.12.3.jar;C:\Users\USER\.m2\repository\io\netty\netty-codec-socks\4.1.60.Final\netty-codec-socks-4.1.60.Final.jar;C:\Users\USER\.m2\repository\io\netty\netty-handler-proxy\4.1.60.Final\netty-handler-proxy-4.1.60.Final.jar;C:\Users\USER\.m2\repository\io\netty\netty-transport-native-epoll\4.1.60.Final\netty-transport-native-epoll-4.1.60.Final-linux-x86_64.jar;C:\Users\USER\.m2\repository\io\netty\netty-transport-native-kqueue\4.1.60.Final\netty-transport-native-kqueue-4.1.60.Final-osx-x86_64.jar;C:\Users\USER\.m2\repository\org\reactivestreams\reactive-streams\1.0.3\reactive-streams-1.0.3.jar;C:\Users\USER\.m2\repository\com\typesafe\netty\netty-reactive-streams\2.0.4\netty-reactive-streams-2.0.4.jar;C:\Users\USER\.m2\repository\com\sun\activation\jakarta.activation\1.2.2\jakarta.activation-1.2.2.jar;C:\Users\USER\.m2\repository\org\seleniumhq\selenium\selenium-manager\4.8.1\selenium-manager-4.8.1.jar;C:\Users\USER\.m2\repository\org\seleniumhq\selenium\selenium-safari-driver\4.8.1\selenium-safari-driver-4.8.1.jar;C:\Users\USER\.m2\repository\org\seleniumhq\selenium\selenium-support\4.8.1\selenium-support-4.8.1.jar;C:\Users\USER\.m2\repository\com\github\javafaker\javafaker\1.0.2\javafaker-1.0.2.jar;C:\Users\USER\.m2\repository\org\apache\commons\commons-lang3\3.5\commons-lang3-3.5.jar;C:\Users\USER\.m2\repository\org\yaml\snakeyaml\1.23\snakeyaml-1.23-android.jar;C:\Users\USER\.m2\repository\com\github\mifmif\generex\1.0.2\generex-1.0.2.jar;C:\Users\USER\.m2\repository\dk\brics\automaton\automaton\1.11-8\automaton-1.11-8.jar;C:\Users\USER\.m2\repository\io\github\bonigarcia\webdrivermanager\5.3.2\webdrivermanager-5.3.2.jar;C:\Users\USER\.m2\repository\org\slf4j\slf4j-api\2.0.6\slf4j-api-2.0.6.jar;C:\Users\USER\.m2\repository\com\google\code\gson\gson\2.10.1\gson-2.10.1.jar;C:\Users\USER\.m2\repository\com\github\docker-java\docker-java\3.2.14\docker-java-3.2.14.jar;C:\Users\USER\.m2\repository\com\github\docker-java\docker-java-core\3.2.14\docker-java-core-3.2.14.jar;C:\Users\USER\.m2\repository\com\github\docker-java\docker-java-api\3.2.14\docker-java-api-3.2.14.jar;C:\Users\USER\.m2\repository\com\fasterxml\jackson\core\jackson-annotations\2.10.3\jackson-annotations-2.10.3.jar;C:\Users\USER\.m2\repository\commons-io\commons-io\2.6\commons-io-2.6.jar;C:\Users\USER\.m2\repository\org\apache\commons\commons-compress\1.21\commons-compress-1.21.jar;C:\Users\USER\.m2\repository\com\fasterxml\jackson\core\jackson-databind\2.10.3\jackson-databind-2.10.3.jar;C:\Users\USER\.m2\repository\com\fasterxml\jackson\core\jackson-core\2.10.3\jackson-core-2.10.3.jar;C:\Users\USER\.m2\repository\org\bouncycastle\bcpkix-jdk15on\1.64\bcpkix-jdk15on-1.64.jar;C:\Users\USER\.m2\repository\org\bouncycastle\bcprov-jdk15on\1.64\bcprov-jdk15on-1.64.jar;C:\Users\USER\.m2\repository\org\slf4j\jcl-over-slf4j\1.7.30\jcl-over-slf4j-1.7.30.jar;C:\Users\USER\.m2\repository\com\github\docker-java\docker-java-transport-httpclient5\3.2.14\docker-java-transport-httpclient5-3.2.14.jar;C:\Users\USER\.m2\repository\com\github\docker-java\docker-java-transport\3.2.14\docker-java-transport-3.2.14.jar;C:\Users\USER\.m2\repository\net\java\dev\jna\jna\5.12.1\jna-5.12.1.jar;C:\Users\USER\.m2\repository\org\brotli\dec\0.1.2\dec-0.1.2.jar;C:\Users\USER\.m2\repository\org\apache\httpcomponents\client5\httpclient5\5.2.1\httpclient5-5.2.1.jar;C:\Users\USER\.m2\repository\org\apache\httpcomponents\core5\httpcore5\5.2\httpcore5-5.2.jar;C:\Users\USER\.m2\repository\org\apache\httpcomponents\core5\httpcore5-h2\5.2\httpcore5-h2-5.2.jar;C:\Users\USER\.m2\repository\io\cucumber\cucumber-java\7.11.1\cucumber-java-7.11.1.jar;C:\Users\USER\.m2\repository\io\cucumber\cucumber-core\7.11.1\cucumber-core-7.11.1.jar;C:\Users\USER\.m2\repository\io\cucumber\cucumber-gherkin\7.11.1\cucumber-gherkin-7.11.1.jar;C:\Users\USER\.m2\repository\io\cucumber\cucumber-gherkin-messages\7.11.1\cucumber-gherkin-messages-7.11.1.jar;C:\Users\USER\.m2\repository\io\cucumber\gherkin\26.0.3\gherkin-26.0.3.jar;C:\Users\USER\.m2\repository\io\cucumber\messages\21.0.1\messages-21.0.1.jar;C:\Users\USER\.m2\repository\io\cucumber\tag-expressions\5.0.1\tag-expressions-5.0.1.jar;C:\Users\USER\.m2\repository\io\cucumber\cucumber-expressions\16.1.2\cucumber-expressions-16.1.2.jar;C:\Users\USER\.m2\repository\io\cucumber\datatable\7.11.1\datatable-7.11.1.jar;C:\Users\USER\.m2\repository\io\cucumber\cucumber-plugin\7.11.1\cucumber-plugin-7.11.1.jar;C:\Users\USER\.m2\repository\io\cucumber\docstring\7.11.1\docstring-7.11.1.jar;C:\Users\USER\.m2\repository\io\cucumber\html-formatter\20.2.1\html-formatter-20.2.1.jar;C:\Users\USER\.m2\repository\io\cucumber\junit-xml-formatter\0.1.0\junit-xml-formatter-0.1.0.jar;C:\Users\USER\.m2\repository\io\cucumber\ci-environment\9.1.0\ci-environment-9.1.0.jar;C:\Users\USER\.m2\repository\org\apiguardian\apiguardian-api\1.1.2\apiguardian-api-1.1.2.jar;C:\Users\USER\.m2\repository\io\cucumber\cucumber-junit\7.11.1\cucumber-junit-7.11.1.jar;C:\Users\USER\.m2\repository\junit\junit\4.13.2\junit-4.13.2.jar;C:\Users\USER\.m2\repository\org\hamcrest\hamcrest-core\1.3\hamcrest-core-1.3.jar;C:\Users\USER\.m2\repository\org\slf4j\slf4j-simple\2.0.5\slf4j-simple-2.0.5.jar;"/>
    <property name="sun.cpu.endian" value="little"/>
    <property name="user.home" value="C:\Users\USER"/>
    <property name="user.language" value="en"/>
    <property name="java.specification.vendor" value="Oracle Corporation"/>
    <property name="java.home" value="C:\Program Files\Java\jdk1.8.0_231\jre"/>
    <property name="basedir" value="C:\Users\USER\WORKSPACE\NCApplianceRepair"/>
    <property name="file.separator" value="\"/>
    <property name="line.separator" value="&#10;"/>
    <property name="java.vm.specification.vendor" value="Oracle Corporation"/>
    <property name="java.specification.name" value="Java Platform API Specification"/>
    <property name="java.awt.graphicsenv" value="sun.awt.Win32GraphicsEnvironment"/>
    <property name="surefire.real.class.path" value="C:\Users\USER\AppData\Local\Temp\surefire4141042191011342452\surefirebooter1651059545353373807.jar"/>
    <property name="sun.boot.class.path" value="C:\Program Files\Java\jdk1.8.0_231\jre\lib\resources.jar;C:\Program Files\Java\jdk1.8.0_231\jre\lib\rt.jar;C:\Program Files\Java\jdk1.8.0_231\jre\lib\sunrsasign.jar;C:\Program Files\Java\jdk1.8.0_231\jre\lib\jsse.jar;C:\Program Files\Java\jdk1.8.0_231\jre\lib\jce.jar;C:\Program Files\Java\jdk1.8.0_231\jre\lib\charsets.jar;C:\Program Files\Java\jdk1.8.0_231\jre\lib\jfr.jar;C:\Program Files\Java\jdk1.8.0_231\jre\classes"/>
    <property name="user.script" value=""/>
    <property name="sun.management.compiler" value="HotSpot 64-Bit Tiered Compilers"/>
    <property name="java.runtime.version" value="1.8.0_231-b11"/>
    <property name="user.name" value="USER"/>
    <property name="path.separator" value=";"/>
    <property name="os.version" value="10.0"/>
    <property name="java.endorsed.dirs" value="C:\Program Files\Java\jdk1.8.0_231\jre\lib\endorsed"/>
    <property name="java.runtime.name" value="Java(TM) SE Runtime Environment"/>
    <property name="file.encoding" value="Cp1251"/>
    <property name="java.vm.name" value="Java HotSpot(TM) 64-Bit Server VM"/>
    <property name="localRepository" value="C:\Users\USER\.m2\repository"/>
    <property name="java.vendor.url.bug" value="http://bugreport.sun.com/bugreport/"/>
    <property name="java.io.tmpdir" value="C:\Users\USER\AppData\Local\Temp\"/>
    <property name="idea.version" value="2022.3.2"/>
    <property name="java.version" value="1.8.0_231"/>
    <property name="user.dir" value="C:\Users\USER\WORKSPACE\NCApplianceRepair"/>
    <property name="os.arch" value="amd64"/>
    <property name="java.vm.specification.name" value="Java Virtual Machine Specification"/>
    <property name="java.awt.printerjob" value="sun.awt.windows.WPrinterJob"/>
    <property name="sun.os.patch.level" value=""/>
    <property name="java.library.path" value="C:\Program Files\Java\jdk1.8.0_231\jre\bin;C:\Windows\Sun\Java\bin;C:\Windows\system32;C:\Windows;C:\Program Files\Google\chrome-win64\chrome.exe;C:\Program Files\Maven\apache-maven-3.9.5\bin;C:\Program Files\Common Files\Oracle\Java\javapath;C:\Program Files (x86)\Common Files\Oracle\Java\javapath;C:\Windows\system32;C:\Windows;C:\Windows\System32\Wbem;C:\Windows\System32\WindowsPowerShell\v1.0\;C:\Windows\System32\OpenSSH\;C:\Program Files\Git\cmd;C:\Program Files\Java\jdk1.8.0_231\bin;C:\Webdriver;C:\Users\USER\AppData\Local\Microsoft\WindowsApps;C:\Users\USER\AppData\Local\JetBrains\Toolbox\scripts;;."/>
    <property name="java.vm.info" value="mixed mode"/>
    <property name="java.vendor" value="Oracle Corporation"/>
    <property name="java.vm.version" value="25.231-b11"/>
    <property name="java.ext.dirs" value="C:\Program Files\Java\jdk1.8.0_231\jre\lib\ext;C:\Windows\Sun\Java\lib\ext"/>
    <property name="sun.io.unicode.encoding" value="UnicodeLittle"/>
    <property name="java.class.version" value="52.0"/>
  </properties>
  <testcase name="User should be able to fill up and submit form for refrigerator repair with correct zipcode #1" classname="User should be able to fill up the form and submit" time="18.15">
    <system-out><![CDATA[&amp#27;[32m&amp#27;[1m┌──────────────────────────────────────────────────────────────────────────┐&amp#27;[0m
&amp#27;[32m&amp#27;[1m│&amp#27;[0m View your Cucumber Report at:                                            &amp#27;[32m&amp#27;[1m│&amp#27;[0m
&amp#27;[32m&amp#27;[1m│&amp#27;[0m &amp#27;[1m&amp#27;[36m&amp#27;[4mhttps://reports.cucumber.io/reports/b34abfb3-bc08-48f2-ba72-7d86ee985dd7&amp#27;[0m &amp#27;[32m&amp#27;[1m│&amp#27;[0m
&amp#27;[32m&amp#27;[1m│&amp#27;[0m                                                                          &amp#27;[32m&amp#27;[1m│&amp#27;[0m
&amp#27;[32m&amp#27;[1m│&amp#27;[0m &amp#27;[1mThis report will self-destruct in 24h.&amp#27;[0m                                   &amp#27;[32m&amp#27;[1m│&amp#27;[0m
&amp#27;[32m&amp#27;[1m│&amp#27;[0m Keep reports forever: &amp#27;[4m&amp#27;[1m&amp#27;[36mhttps://reports.cucumber.io/profile&amp#27;[0m                &amp#27;[32m&amp#27;[1m│&amp#27;[0m
&amp#27;[32m&amp#27;[1m└──────────────────────────────────────────────────────────────────────────┘&amp#27;[0m

@regression
Scenario Outline: User should be able to fill up and submit form for refrigerator repair with correct zipcode                     &amp#27;[90m# src/test/resources/features/scheduleService.feature:14&amp#27;[0m
  &amp#27;[32mGiven &amp#27;[0m&amp#27;[32mUser at the Service Schedule page&amp#27;[0m                                                                                         &amp#27;[90m# com.ncApplianceRepair.step_definition.ServiceScheduleStepDef.userAtTheServiceSchedulePage()&amp#27;[0m
  &amp#27;[32mWhen &amp#27;[0m&amp#27;[32muser fill up page one of a Service Schedule with a &amp#27;[0m&amp#27;[32m&amp#27;[1m"28079"&amp#27;[0m&amp#27;[32m for the refrigerator and fill up page two of a Service Schedule&amp#27;[0m &amp#27;[90m# com.ncApplianceRepair.step_definition.ServiceScheduleStepDef.userFillUpPageOneOfAServiceScheduleWithAForTheRefrigeratorAndFillUpPageTwoOfAServiceSchedule(java.lang.String)&amp#27;[0m
  &amp#27;[32mThen &amp#27;[0m&amp#27;[32muser will see page Request was submitted&amp#27;[0m                                                                                   &amp#27;[90m# com.ncApplianceRepair.step_definition.ServiceScheduleStepDef.userWillSeePageRequestWasSubmitted()&amp#27;[0m
]]></system-out>
    <system-err><![CDATA[[pool-2-thread-2] INFO io.github.bonigarcia.wdm.WebDriverManager - Using chromedriver 114.0.5735.90 (resolved driver for Chrome 118)
[pool-2-thread-2] INFO io.github.bonigarcia.wdm.WebDriverManager - Exporting webdriver.chrome.driver as C:\Users\USER\.cache\selenium\chromedriver\win32\114.0.5735.90\chromedriver.exe
Starting ChromeDriver 118.0.5993.70 (e52f33f30b91b4ddfad649acddc39ab570473b86-refs/branch-heads/5993@{#1216}) on port 41938
Only local connections are allowed.
Please see https://chromedriver.chromium.org/security-considerations for suggestions on keeping ChromeDriver safe.
ChromeDriver was started successfully.
Oct 26, 2023 3:27:39 AM org.openqa.selenium.devtools.CdpVersionFinder findNearestMatch
WARNING: Unable to find CDP implementation matching 118
Oct 26, 2023 3:27:39 AM org.openqa.selenium.chromium.ChromiumDriver lambda$new$3
WARNING: Unable to find version of CDP to use for . You may need to include a dependency on a specific version of the CDP using something similar to `org.seleniumhq.selenium:selenium-devtools-v86:4.8.1` where the version ("v86") matches the version of the chromium-based browser you're using and the version number of the artifact is the same as Selenium's.
]]></system-err>
  </testcase>
  <testcase name="User should be able to fill up and submit form for refrigerator repair with correct zipcode #2" classname="User should be able to fill up the form and submit" time="12.501">
    <system-out><![CDATA[
@regression
Scenario Outline: User should be able to fill up and submit form for refrigerator repair with correct zipcode                     &amp#27;[90m# src/test/resources/features/scheduleService.feature:15&amp#27;[0m
  &amp#27;[32mGiven &amp#27;[0m&amp#27;[32mUser at the Service Schedule page&amp#27;[0m                                                                                         &amp#27;[90m# com.ncApplianceRepair.step_definition.ServiceScheduleStepDef.userAtTheServiceSchedulePage()&amp#27;[0m
  &amp#27;[32mWhen &amp#27;[0m&amp#27;[32muser fill up page one of a Service Schedule with a &amp#27;[0m&amp#27;[32m&amp#27;[1m"28104"&amp#27;[0m&amp#27;[32m for the refrigerator and fill up page two of a Service Schedule&amp#27;[0m &amp#27;[90m# com.ncApplianceRepair.step_definition.ServiceScheduleStepDef.userFillUpPageOneOfAServiceScheduleWithAForTheRefrigeratorAndFillUpPageTwoOfAServiceSchedule(java.lang.String)&amp#27;[0m
  &amp#27;[32mThen &amp#27;[0m&amp#27;[32muser will see page Request was submitted&amp#27;[0m                                                                                   &amp#27;[90m# com.ncApplianceRepair.step_definition.ServiceScheduleStepDef.userWillSeePageRequestWasSubmitted()&amp#27;[0m
]]></system-out>
    <system-err><![CDATA[[pool-2-thread-2] INFO io.github.bonigarcia.wdm.WebDriverManager - Using chromedriver 114.0.5735.90 (resolved driver for Chrome 118)
[pool-2-thread-2] INFO io.github.bonigarcia.wdm.WebDriverManager - Exporting webdriver.chrome.driver as C:\Users\USER\.cache\selenium\chromedriver\win32\114.0.5735.90\chromedriver.exe
Starting ChromeDriver 118.0.5993.70 (e52f33f30b91b4ddfad649acddc39ab570473b86-refs/branch-heads/5993@{#1216}) on port 37719
Only local connections are allowed.
Please see https://chromedriver.chromium.org/security-considerations for suggestions on keeping ChromeDriver safe.
ChromeDriver was started successfully.
Oct 26, 2023 3:27:55 AM org.openqa.selenium.devtools.CdpVersionFinder findNearestMatch
WARNING: Unable to find CDP implementation matching 118
Oct 26, 2023 3:27:55 AM org.openqa.selenium.chromium.ChromiumDriver lambda$new$3
WARNING: Unable to find version of CDP to use for . You may need to include a dependency on a specific version of the CDP using something similar to `org.seleniumhq.selenium:selenium-devtools-v86:4.8.1` where the version ("v86") matches the version of the chromium-based browser you're using and the version number of the artifact is the same as Selenium's.
]]></system-err>
  </testcase>
  <testcase name="User should be able to fill up and submit form for refrigerator repair with correct zipcode #3" classname="User should be able to fill up the form and submit" time="12.628">
    <system-out><![CDATA[
@regression
Scenario Outline: User should be able to fill up and submit form for refrigerator repair with correct zipcode                     &amp#27;[90m# src/test/resources/features/scheduleService.feature:16&amp#27;[0m
  &amp#27;[32mGiven &amp#27;[0m&amp#27;[32mUser at the Service Schedule page&amp#27;[0m                                                                                         &amp#27;[90m# com.ncApplianceRepair.step_definition.ServiceScheduleStepDef.userAtTheServiceSchedulePage()&amp#27;[0m
  &amp#27;[32mWhen &amp#27;[0m&amp#27;[32muser fill up page one of a Service Schedule with a &amp#27;[0m&amp#27;[32m&amp#27;[1m"28110"&amp#27;[0m&amp#27;[32m for the refrigerator and fill up page two of a Service Schedule&amp#27;[0m &amp#27;[90m# com.ncApplianceRepair.step_definition.ServiceScheduleStepDef.userFillUpPageOneOfAServiceScheduleWithAForTheRefrigeratorAndFillUpPageTwoOfAServiceSchedule(java.lang.String)&amp#27;[0m
  &amp#27;[32mThen &amp#27;[0m&amp#27;[32muser will see page Request was submitted&amp#27;[0m                                                                                   &amp#27;[90m# com.ncApplianceRepair.step_definition.ServiceScheduleStepDef.userWillSeePageRequestWasSubmitted()&amp#27;[0m
]]></system-out>
    <system-err><![CDATA[[pool-2-thread-2] INFO io.github.bonigarcia.wdm.WebDriverManager - Using chromedriver 114.0.5735.90 (resolved driver for Chrome 118)
[pool-2-thread-2] INFO io.github.bonigarcia.wdm.WebDriverManager - Exporting webdriver.chrome.driver as C:\Users\USER\.cache\selenium\chromedriver\win32\114.0.5735.90\chromedriver.exe
Starting ChromeDriver 118.0.5993.70 (e52f33f30b91b4ddfad649acddc39ab570473b86-refs/branch-heads/5993@{#1216}) on port 10334
Only local connections are allowed.
Please see https://chromedriver.chromium.org/security-considerations for suggestions on keeping ChromeDriver safe.
ChromeDriver was started successfully.
Oct 26, 2023 3:28:08 AM org.openqa.selenium.devtools.CdpVersionFinder findNearestMatch
WARNING: Unable to find CDP implementation matching 118
Oct 26, 2023 3:28:08 AM org.openqa.selenium.chromium.ChromiumDriver lambda$new$3
WARNING: Unable to find version of CDP to use for . You may need to include a dependency on a specific version of the CDP using something similar to `org.seleniumhq.selenium:selenium-devtools-v86:4.8.1` where the version ("v86") matches the version of the chromium-based browser you're using and the version number of the artifact is the same as Selenium's.
]]></system-err>
  </testcase>
  <testcase name="User should be able to fill up and submit form for refrigerator repair with correct zipcode #4" classname="User should be able to fill up the form and submit" time="11.98">
    <system-out><![CDATA[
@regression
Scenario Outline: User should be able to fill up and submit form for refrigerator repair with correct zipcode                     &amp#27;[90m# src/test/resources/features/scheduleService.feature:17&amp#27;[0m
  &amp#27;[32mGiven &amp#27;[0m&amp#27;[32mUser at the Service Schedule page&amp#27;[0m                                                                                         &amp#27;[90m# com.ncApplianceRepair.step_definition.ServiceScheduleStepDef.userAtTheServiceSchedulePage()&amp#27;[0m
  &amp#27;[32mWhen &amp#27;[0m&amp#27;[32muser fill up page one of a Service Schedule with a &amp#27;[0m&amp#27;[32m&amp#27;[1m"28104"&amp#27;[0m&amp#27;[32m for the refrigerator and fill up page two of a Service Schedule&amp#27;[0m &amp#27;[90m# com.ncApplianceRepair.step_definition.ServiceScheduleStepDef.userFillUpPageOneOfAServiceScheduleWithAForTheRefrigeratorAndFillUpPageTwoOfAServiceSchedule(java.lang.String)&amp#27;[0m
  &amp#27;[32mThen &amp#27;[0m&amp#27;[32muser will see page Request was submitted&amp#27;[0m                                                                                   &amp#27;[90m# com.ncApplianceRepair.step_definition.ServiceScheduleStepDef.userWillSeePageRequestWasSubmitted()&amp#27;[0m
]]></system-out>
    <system-err><![CDATA[[pool-2-thread-2] INFO io.github.bonigarcia.wdm.WebDriverManager - Using chromedriver 114.0.5735.90 (resolved driver for Chrome 118)
[pool-2-thread-2] INFO io.github.bonigarcia.wdm.WebDriverManager - Exporting webdriver.chrome.driver as C:\Users\USER\.cache\selenium\chromedriver\win32\114.0.5735.90\chromedriver.exe
Starting ChromeDriver 118.0.5993.70 (e52f33f30b91b4ddfad649acddc39ab570473b86-refs/branch-heads/5993@{#1216}) on port 40768
Only local connections are allowed.
Please see https://chromedriver.chromium.org/security-considerations for suggestions on keeping ChromeDriver safe.
ChromeDriver was started successfully.
Oct 26, 2023 3:28:19 AM org.openqa.selenium.devtools.CdpVersionFinder findNearestMatch
WARNING: Unable to find CDP implementation matching 118
Oct 26, 2023 3:28:19 AM org.openqa.selenium.chromium.ChromiumDriver lambda$new$3
WARNING: Unable to find version of CDP to use for . You may need to include a dependency on a specific version of the CDP using something similar to `org.seleniumhq.selenium:selenium-devtools-v86:4.8.1` where the version ("v86") matches the version of the chromium-based browser you're using and the version number of the artifact is the same as Selenium's.
]]></system-err>
  </testcase>
  <testcase name="User should be able to fill up and submit form for refrigerator repair with correct zipcode #5" classname="User should be able to fill up the form and submit" time="11.096">
    <system-out><![CDATA[
@regression
Scenario Outline: User should be able to fill up and submit form for refrigerator repair with correct zipcode                     &amp#27;[90m# src/test/resources/features/scheduleService.feature:18&amp#27;[0m
  &amp#27;[32mGiven &amp#27;[0m&amp#27;[32mUser at the Service Schedule page&amp#27;[0m                                                                                         &amp#27;[90m# com.ncApplianceRepair.step_definition.ServiceScheduleStepDef.userAtTheServiceSchedulePage()&amp#27;[0m
  &amp#27;[32mWhen &amp#27;[0m&amp#27;[32muser fill up page one of a Service Schedule with a &amp#27;[0m&amp#27;[32m&amp#27;[1m"28105"&amp#27;[0m&amp#27;[32m for the refrigerator and fill up page two of a Service Schedule&amp#27;[0m &amp#27;[90m# com.ncApplianceRepair.step_definition.ServiceScheduleStepDef.userFillUpPageOneOfAServiceScheduleWithAForTheRefrigeratorAndFillUpPageTwoOfAServiceSchedule(java.lang.String)&amp#27;[0m
  &amp#27;[32mThen &amp#27;[0m&amp#27;[32muser will see page Request was submitted&amp#27;[0m                                                                                   &amp#27;[90m# com.ncApplianceRepair.step_definition.ServiceScheduleStepDef.userWillSeePageRequestWasSubmitted()&amp#27;[0m
]]></system-out>
    <system-err><![CDATA[[pool-2-thread-2] INFO io.github.bonigarcia.wdm.WebDriverManager - Using chromedriver 114.0.5735.90 (resolved driver for Chrome 118)
[pool-2-thread-2] INFO io.github.bonigarcia.wdm.WebDriverManager - Exporting webdriver.chrome.driver as C:\Users\USER\.cache\selenium\chromedriver\win32\114.0.5735.90\chromedriver.exe
Starting ChromeDriver 118.0.5993.70 (e52f33f30b91b4ddfad649acddc39ab570473b86-refs/branch-heads/5993@{#1216}) on port 1110
Only local connections are allowed.
Please see https://chromedriver.chromium.org/security-considerations for suggestions on keeping ChromeDriver safe.
ChromeDriver was started successfully.
Oct 26, 2023 3:28:31 AM org.openqa.selenium.devtools.CdpVersionFinder findNearestMatch
WARNING: Unable to find CDP implementation matching 118
Oct 26, 2023 3:28:31 AM org.openqa.selenium.chromium.ChromiumDriver lambda$new$3
WARNING: Unable to find version of CDP to use for . You may need to include a dependency on a specific version of the CDP using something similar to `org.seleniumhq.selenium:selenium-devtools-v86:4.8.1` where the version ("v86") matches the version of the chromium-based browser you're using and the version number of the artifact is the same as Selenium's.
]]></system-err>
  </testcase>
  <testcase name="User should be able to fill up and submit form for refrigerator repair with correct zipcode #6" classname="User should be able to fill up the form and submit" time="12.374">
    <system-out><![CDATA[
@regression
Scenario Outline: User should be able to fill up and submit form for refrigerator repair with correct zipcode                     &amp#27;[90m# src/test/resources/features/scheduleService.feature:19&amp#27;[0m
  &amp#27;[32mGiven &amp#27;[0m&amp#27;[32mUser at the Service Schedule page&amp#27;[0m                                                                                         &amp#27;[90m# com.ncApplianceRepair.step_definition.ServiceScheduleStepDef.userAtTheServiceSchedulePage()&amp#27;[0m
  &amp#27;[32mWhen &amp#27;[0m&amp#27;[32muser fill up page one of a Service Schedule with a &amp#27;[0m&amp#27;[32m&amp#27;[1m"28110"&amp#27;[0m&amp#27;[32m for the refrigerator and fill up page two of a Service Schedule&amp#27;[0m &amp#27;[90m# com.ncApplianceRepair.step_definition.ServiceScheduleStepDef.userFillUpPageOneOfAServiceScheduleWithAForTheRefrigeratorAndFillUpPageTwoOfAServiceSchedule(java.lang.String)&amp#27;[0m
  &amp#27;[32mThen &amp#27;[0m&amp#27;[32muser will see page Request was submitted&amp#27;[0m                                                                                   &amp#27;[90m# com.ncApplianceRepair.step_definition.ServiceScheduleStepDef.userWillSeePageRequestWasSubmitted()&amp#27;[0m
]]></system-out>
    <system-err><![CDATA[[pool-2-thread-2] INFO io.github.bonigarcia.wdm.WebDriverManager - Using chromedriver 114.0.5735.90 (resolved driver for Chrome 118)
[pool-2-thread-2] INFO io.github.bonigarcia.wdm.WebDriverManager - Exporting webdriver.chrome.driver as C:\Users\USER\.cache\selenium\chromedriver\win32\114.0.5735.90\chromedriver.exe
Starting ChromeDriver 118.0.5993.70 (e52f33f30b91b4ddfad649acddc39ab570473b86-refs/branch-heads/5993@{#1216}) on port 46287
Only local connections are allowed.
Please see https://chromedriver.chromium.org/security-considerations for suggestions on keeping ChromeDriver safe.
ChromeDriver was started successfully.
Oct 26, 2023 3:28:42 AM org.openqa.selenium.devtools.CdpVersionFinder findNearestMatch
WARNING: Unable to find CDP implementation matching 118
Oct 26, 2023 3:28:42 AM org.openqa.selenium.chromium.ChromiumDriver lambda$new$3
WARNING: Unable to find version of CDP to use for . You may need to include a dependency on a specific version of the CDP using something similar to `org.seleniumhq.selenium:selenium-devtools-v86:4.8.1` where the version ("v86") matches the version of the chromium-based browser you're using and the version number of the artifact is the same as Selenium's.
]]></system-err>
  </testcase>
  <testcase name="User should be able to fill up and submit form for refrigerator repair with correct zipcode #7" classname="User should be able to fill up the form and submit" time="12.278">
    <system-out><![CDATA[
@regression
Scenario Outline: User should be able to fill up and submit form for refrigerator repair with correct zipcode                     &amp#27;[90m# src/test/resources/features/scheduleService.feature:20&amp#27;[0m
  &amp#27;[32mGiven &amp#27;[0m&amp#27;[32mUser at the Service Schedule page&amp#27;[0m                                                                                         &amp#27;[90m# com.ncApplianceRepair.step_definition.ServiceScheduleStepDef.userAtTheServiceSchedulePage()&amp#27;[0m
  &amp#27;[32mWhen &amp#27;[0m&amp#27;[32muser fill up page one of a Service Schedule with a &amp#27;[0m&amp#27;[32m&amp#27;[1m"28112"&amp#27;[0m&amp#27;[32m for the refrigerator and fill up page two of a Service Schedule&amp#27;[0m &amp#27;[90m# com.ncApplianceRepair.step_definition.ServiceScheduleStepDef.userFillUpPageOneOfAServiceScheduleWithAForTheRefrigeratorAndFillUpPageTwoOfAServiceSchedule(java.lang.String)&amp#27;[0m
  &amp#27;[32mThen &amp#27;[0m&amp#27;[32muser will see page Request was submitted&amp#27;[0m                                                                                   &amp#27;[90m# com.ncApplianceRepair.step_definition.ServiceScheduleStepDef.userWillSeePageRequestWasSubmitted()&amp#27;[0m
]]></system-out>
    <system-err><![CDATA[[pool-2-thread-2] INFO io.github.bonigarcia.wdm.WebDriverManager - Using chromedriver 114.0.5735.90 (resolved driver for Chrome 118)
[pool-2-thread-2] INFO io.github.bonigarcia.wdm.WebDriverManager - Exporting webdriver.chrome.driver as C:\Users\USER\.cache\selenium\chromedriver\win32\114.0.5735.90\chromedriver.exe
Starting ChromeDriver 118.0.5993.70 (e52f33f30b91b4ddfad649acddc39ab570473b86-refs/branch-heads/5993@{#1216}) on port 35659
Only local connections are allowed.
Please see https://chromedriver.chromium.org/security-considerations for suggestions on keeping ChromeDriver safe.
ChromeDriver was started successfully.
Oct 26, 2023 3:28:55 AM org.openqa.selenium.devtools.CdpVersionFinder findNearestMatch
WARNING: Unable to find CDP implementation matching 118
Oct 26, 2023 3:28:55 AM org.openqa.selenium.chromium.ChromiumDriver lambda$new$3
WARNING: Unable to find version of CDP to use for . You may need to include a dependency on a specific version of the CDP using something similar to `org.seleniumhq.selenium:selenium-devtools-v86:4.8.1` where the version ("v86") matches the version of the chromium-based browser you're using and the version number of the artifact is the same as Selenium's.
]]></system-err>
  </testcase>
  <testcase name="User should be able to fill up and submit form for refrigerator repair with correct zipcode #8" classname="User should be able to fill up the form and submit" time="13.387">
    <system-out><![CDATA[
@regression
Scenario Outline: User should be able to fill up and submit form for refrigerator repair with correct zipcode                     &amp#27;[90m# src/test/resources/features/scheduleService.feature:21&amp#27;[0m
  &amp#27;[32mGiven &amp#27;[0m&amp#27;[32mUser at the Service Schedule page&amp#27;[0m                                                                                         &amp#27;[90m# com.ncApplianceRepair.step_definition.ServiceScheduleStepDef.userAtTheServiceSchedulePage()&amp#27;[0m
  &amp#27;[32mWhen &amp#27;[0m&amp#27;[32muser fill up page one of a Service Schedule with a &amp#27;[0m&amp#27;[32m&amp#27;[1m"28173"&amp#27;[0m&amp#27;[32m for the refrigerator and fill up page two of a Service Schedule&amp#27;[0m &amp#27;[90m# com.ncApplianceRepair.step_definition.ServiceScheduleStepDef.userFillUpPageOneOfAServiceScheduleWithAForTheRefrigeratorAndFillUpPageTwoOfAServiceSchedule(java.lang.String)&amp#27;[0m
  &amp#27;[32mThen &amp#27;[0m&amp#27;[32muser will see page Request was submitted&amp#27;[0m                                                                                   &amp#27;[90m# com.ncApplianceRepair.step_definition.ServiceScheduleStepDef.userWillSeePageRequestWasSubmitted()&amp#27;[0m
]]></system-out>
    <system-err><![CDATA[[pool-2-thread-2] INFO io.github.bonigarcia.wdm.WebDriverManager - Using chromedriver 114.0.5735.90 (resolved driver for Chrome 118)
[pool-2-thread-2] INFO io.github.bonigarcia.wdm.WebDriverManager - Exporting webdriver.chrome.driver as C:\Users\USER\.cache\selenium\chromedriver\win32\114.0.5735.90\chromedriver.exe
Starting ChromeDriver 118.0.5993.70 (e52f33f30b91b4ddfad649acddc39ab570473b86-refs/branch-heads/5993@{#1216}) on port 21112
Only local connections are allowed.
Please see https://chromedriver.chromium.org/security-considerations for suggestions on keeping ChromeDriver safe.
ChromeDriver was started successfully.
Oct 26, 2023 3:29:07 AM org.openqa.selenium.devtools.CdpVersionFinder findNearestMatch
WARNING: Unable to find CDP implementation matching 118
Oct 26, 2023 3:29:07 AM org.openqa.selenium.chromium.ChromiumDriver lambda$new$3
WARNING: Unable to find version of CDP to use for . You may need to include a dependency on a specific version of the CDP using something similar to `org.seleniumhq.selenium:selenium-devtools-v86:4.8.1` where the version ("v86") matches the version of the chromium-based browser you're using and the version number of the artifact is the same as Selenium's.
]]></system-err>
  </testcase>
  <testcase name="User should be able to fill up and submit form for washer repair with correct zipcode #1" classname="User should be able to fill up the form and submit" time="13.531">
    <system-out><![CDATA[
@regression
Scenario Outline: User should be able to fill up and submit form for washer repair with correct zipcode                     &amp#27;[90m# src/test/resources/features/scheduleService.feature:31&amp#27;[0m
  &amp#27;[32mGiven &amp#27;[0m&amp#27;[32mUser at the Service Schedule page&amp#27;[0m                                                                                   &amp#27;[90m# com.ncApplianceRepair.step_definition.ServiceScheduleStepDef.userAtTheServiceSchedulePage()&amp#27;[0m
  &amp#27;[32mWhen &amp#27;[0m&amp#27;[32muser fill up page one of a Service Schedule with a &amp#27;[0m&amp#27;[32m&amp#27;[1m"28079"&amp#27;[0m&amp#27;[32m for the washer and fill up page two of a Service Schedule&amp#27;[0m &amp#27;[90m# com.ncApplianceRepair.step_definition.ServiceScheduleStepDef.userFillUpPageOneOfAServiceScheduleWithAForTheWasherAndFillUpPageTwoOfAServiceSchedule(java.lang.String)&amp#27;[0m
  &amp#27;[32mThen &amp#27;[0m&amp#27;[32muser will see page Request was submitted&amp#27;[0m                                                                             &amp#27;[90m# com.ncApplianceRepair.step_definition.ServiceScheduleStepDef.userWillSeePageRequestWasSubmitted()&amp#27;[0m
]]></system-out>
    <system-err><![CDATA[[pool-2-thread-2] INFO io.github.bonigarcia.wdm.WebDriverManager - Using chromedriver 114.0.5735.90 (resolved driver for Chrome 118)
[pool-2-thread-2] INFO io.github.bonigarcia.wdm.WebDriverManager - Exporting webdriver.chrome.driver as C:\Users\USER\.cache\selenium\chromedriver\win32\114.0.5735.90\chromedriver.exe
Starting ChromeDriver 118.0.5993.70 (e52f33f30b91b4ddfad649acddc39ab570473b86-refs/branch-heads/5993@{#1216}) on port 41366
Only local connections are allowed.
Please see https://chromedriver.chromium.org/security-considerations for suggestions on keeping ChromeDriver safe.
ChromeDriver was started successfully.
Oct 26, 2023 3:29:20 AM org.openqa.selenium.devtools.CdpVersionFinder findNearestMatch
WARNING: Unable to find CDP implementation matching 118
Oct 26, 2023 3:29:20 AM org.openqa.selenium.chromium.ChromiumDriver lambda$new$3
WARNING: Unable to find version of CDP to use for . You may need to include a dependency on a specific version of the CDP using something similar to `org.seleniumhq.selenium:selenium-devtools-v86:4.8.1` where the version ("v86") matches the version of the chromium-based browser you're using and the version number of the artifact is the same as Selenium's.
]]></system-err>
  </testcase>
  <testcase name="User should be able to fill up and submit form for washer repair with correct zipcode #2" classname="User should be able to fill up the form and submit" time="13.011">
    <system-out><![CDATA[
@regression
Scenario Outline: User should be able to fill up and submit form for washer repair with correct zipcode                     &amp#27;[90m# src/test/resources/features/scheduleService.feature:32&amp#27;[0m
  &amp#27;[32mGiven &amp#27;[0m&amp#27;[32mUser at the Service Schedule page&amp#27;[0m                                                                                   &amp#27;[90m# com.ncApplianceRepair.step_definition.ServiceScheduleStepDef.userAtTheServiceSchedulePage()&amp#27;[0m
  &amp#27;[32mWhen &amp#27;[0m&amp#27;[32muser fill up page one of a Service Schedule with a &amp#27;[0m&amp#27;[32m&amp#27;[1m"28104"&amp#27;[0m&amp#27;[32m for the washer and fill up page two of a Service Schedule&amp#27;[0m &amp#27;[90m# com.ncApplianceRepair.step_definition.ServiceScheduleStepDef.userFillUpPageOneOfAServiceScheduleWithAForTheWasherAndFillUpPageTwoOfAServiceSchedule(java.lang.String)&amp#27;[0m
  &amp#27;[32mThen &amp#27;[0m&amp#27;[32muser will see page Request was submitted&amp#27;[0m                                                                             &amp#27;[90m# com.ncApplianceRepair.step_definition.ServiceScheduleStepDef.userWillSeePageRequestWasSubmitted()&amp#27;[0m
]]></system-out>
    <system-err><![CDATA[[pool-2-thread-2] INFO io.github.bonigarcia.wdm.WebDriverManager - Using chromedriver 114.0.5735.90 (resolved driver for Chrome 118)
[pool-2-thread-2] INFO io.github.bonigarcia.wdm.WebDriverManager - Exporting webdriver.chrome.driver as C:\Users\USER\.cache\selenium\chromedriver\win32\114.0.5735.90\chromedriver.exe
Starting ChromeDriver 118.0.5993.70 (e52f33f30b91b4ddfad649acddc39ab570473b86-refs/branch-heads/5993@{#1216}) on port 36852
Only local connections are allowed.
Please see https://chromedriver.chromium.org/security-considerations for suggestions on keeping ChromeDriver safe.
ChromeDriver was started successfully.
Oct 26, 2023 3:29:34 AM org.openqa.selenium.devtools.CdpVersionFinder findNearestMatch
WARNING: Unable to find CDP implementation matching 118
Oct 26, 2023 3:29:34 AM org.openqa.selenium.chromium.ChromiumDriver lambda$new$3
WARNING: Unable to find version of CDP to use for . You may need to include a dependency on a specific version of the CDP using something similar to `org.seleniumhq.selenium:selenium-devtools-v86:4.8.1` where the version ("v86") matches the version of the chromium-based browser you're using and the version number of the artifact is the same as Selenium's.
]]></system-err>
  </testcase>
  <testcase name="User should be able to fill up and submit form for washer repair with correct zipcode #3" classname="User should be able to fill up the form and submit" time="10.744">
    <system-out><![CDATA[
@regression
Scenario Outline: User should be able to fill up and submit form for washer repair with correct zipcode                     &amp#27;[90m# src/test/resources/features/scheduleService.feature:33&amp#27;[0m
  &amp#27;[32mGiven &amp#27;[0m&amp#27;[32mUser at the Service Schedule page&amp#27;[0m                                                                                   &amp#27;[90m# com.ncApplianceRepair.step_definition.ServiceScheduleStepDef.userAtTheServiceSchedulePage()&amp#27;[0m
  &amp#27;[32mWhen &amp#27;[0m&amp#27;[32muser fill up page one of a Service Schedule with a &amp#27;[0m&amp#27;[32m&amp#27;[1m"28110"&amp#27;[0m&amp#27;[32m for the washer and fill up page two of a Service Schedule&amp#27;[0m &amp#27;[90m# com.ncApplianceRepair.step_definition.ServiceScheduleStepDef.userFillUpPageOneOfAServiceScheduleWithAForTheWasherAndFillUpPageTwoOfAServiceSchedule(java.lang.String)&amp#27;[0m
  &amp#27;[32mThen &amp#27;[0m&amp#27;[32muser will see page Request was submitted&amp#27;[0m                                                                             &amp#27;[90m# com.ncApplianceRepair.step_definition.ServiceScheduleStepDef.userWillSeePageRequestWasSubmitted()&amp#27;[0m
]]></system-out>
    <system-err><![CDATA[[pool-2-thread-2] INFO io.github.bonigarcia.wdm.WebDriverManager - Using chromedriver 114.0.5735.90 (resolved driver for Chrome 118)
[pool-2-thread-2] INFO io.github.bonigarcia.wdm.WebDriverManager - Exporting webdriver.chrome.driver as C:\Users\USER\.cache\selenium\chromedriver\win32\114.0.5735.90\chromedriver.exe
Starting ChromeDriver 118.0.5993.70 (e52f33f30b91b4ddfad649acddc39ab570473b86-refs/branch-heads/5993@{#1216}) on port 47571
Only local connections are allowed.
Please see https://chromedriver.chromium.org/security-considerations for suggestions on keeping ChromeDriver safe.
ChromeDriver was started successfully.
Oct 26, 2023 3:29:47 AM org.openqa.selenium.devtools.CdpVersionFinder findNearestMatch
WARNING: Unable to find CDP implementation matching 118
Oct 26, 2023 3:29:47 AM org.openqa.selenium.chromium.ChromiumDriver lambda$new$3
WARNING: Unable to find version of CDP to use for . You may need to include a dependency on a specific version of the CDP using something similar to `org.seleniumhq.selenium:selenium-devtools-v86:4.8.1` where the version ("v86") matches the version of the chromium-based browser you're using and the version number of the artifact is the same as Selenium's.
]]></system-err>
  </testcase>
  <testcase name="User should be able to fill up and submit form for washer repair with correct zipcode #4" classname="User should be able to fill up the form and submit" time="10.262">
    <system-out><![CDATA[
@regression
Scenario Outline: User should be able to fill up and submit form for washer repair with correct zipcode                     &amp#27;[90m# src/test/resources/features/scheduleService.feature:34&amp#27;[0m
  &amp#27;[32mGiven &amp#27;[0m&amp#27;[32mUser at the Service Schedule page&amp#27;[0m                                                                                   &amp#27;[90m# com.ncApplianceRepair.step_definition.ServiceScheduleStepDef.userAtTheServiceSchedulePage()&amp#27;[0m
  &amp#27;[32mWhen &amp#27;[0m&amp#27;[32muser fill up page one of a Service Schedule with a &amp#27;[0m&amp#27;[32m&amp#27;[1m"28104"&amp#27;[0m&amp#27;[32m for the washer and fill up page two of a Service Schedule&amp#27;[0m &amp#27;[90m# com.ncApplianceRepair.step_definition.ServiceScheduleStepDef.userFillUpPageOneOfAServiceScheduleWithAForTheWasherAndFillUpPageTwoOfAServiceSchedule(java.lang.String)&amp#27;[0m
  &amp#27;[32mThen &amp#27;[0m&amp#27;[32muser will see page Request was submitted&amp#27;[0m                                                                             &amp#27;[90m# com.ncApplianceRepair.step_definition.ServiceScheduleStepDef.userWillSeePageRequestWasSubmitted()&amp#27;[0m
]]></system-out>
    <system-err><![CDATA[[pool-2-thread-2] INFO io.github.bonigarcia.wdm.WebDriverManager - Using chromedriver 114.0.5735.90 (resolved driver for Chrome 118)
[pool-2-thread-2] INFO io.github.bonigarcia.wdm.WebDriverManager - Exporting webdriver.chrome.driver as C:\Users\USER\.cache\selenium\chromedriver\win32\114.0.5735.90\chromedriver.exe
Starting ChromeDriver 118.0.5993.70 (e52f33f30b91b4ddfad649acddc39ab570473b86-refs/branch-heads/5993@{#1216}) on port 20649
Only local connections are allowed.
Please see https://chromedriver.chromium.org/security-considerations for suggestions on keeping ChromeDriver safe.
ChromeDriver was started successfully.
Oct 26, 2023 3:29:58 AM org.openqa.selenium.devtools.CdpVersionFinder findNearestMatch
WARNING: Unable to find CDP implementation matching 118
Oct 26, 2023 3:29:58 AM org.openqa.selenium.chromium.ChromiumDriver lambda$new$3
WARNING: Unable to find version of CDP to use for . You may need to include a dependency on a specific version of the CDP using something similar to `org.seleniumhq.selenium:selenium-devtools-v86:4.8.1` where the version ("v86") matches the version of the chromium-based browser you're using and the version number of the artifact is the same as Selenium's.
]]></system-err>
  </testcase>
  <testcase name="User should be able to fill up and submit form for washer repair with correct zipcode #5" classname="User should be able to fill up the form and submit" time="10.273">
    <system-out><![CDATA[
@regression
Scenario Outline: User should be able to fill up and submit form for washer repair with correct zipcode                     &amp#27;[90m# src/test/resources/features/scheduleService.feature:35&amp#27;[0m
  &amp#27;[32mGiven &amp#27;[0m&amp#27;[32mUser at the Service Schedule page&amp#27;[0m                                                                                   &amp#27;[90m# com.ncApplianceRepair.step_definition.ServiceScheduleStepDef.userAtTheServiceSchedulePage()&amp#27;[0m
  &amp#27;[32mWhen &amp#27;[0m&amp#27;[32muser fill up page one of a Service Schedule with a &amp#27;[0m&amp#27;[32m&amp#27;[1m"28105"&amp#27;[0m&amp#27;[32m for the washer and fill up page two of a Service Schedule&amp#27;[0m &amp#27;[90m# com.ncApplianceRepair.step_definition.ServiceScheduleStepDef.userFillUpPageOneOfAServiceScheduleWithAForTheWasherAndFillUpPageTwoOfAServiceSchedule(java.lang.String)&amp#27;[0m
  &amp#27;[32mThen &amp#27;[0m&amp#27;[32muser will see page Request was submitted&amp#27;[0m                                                                             &amp#27;[90m# com.ncApplianceRepair.step_definition.ServiceScheduleStepDef.userWillSeePageRequestWasSubmitted()&amp#27;[0m
]]></system-out>
    <system-err><![CDATA[[pool-2-thread-2] INFO io.github.bonigarcia.wdm.WebDriverManager - Using chromedriver 114.0.5735.90 (resolved driver for Chrome 118)
[pool-2-thread-2] INFO io.github.bonigarcia.wdm.WebDriverManager - Exporting webdriver.chrome.driver as C:\Users\USER\.cache\selenium\chromedriver\win32\114.0.5735.90\chromedriver.exe
Starting ChromeDriver 118.0.5993.70 (e52f33f30b91b4ddfad649acddc39ab570473b86-refs/branch-heads/5993@{#1216}) on port 41876
Only local connections are allowed.
Please see https://chromedriver.chromium.org/security-considerations for suggestions on keeping ChromeDriver safe.
ChromeDriver was started successfully.
Oct 26, 2023 3:30:08 AM org.openqa.selenium.devtools.CdpVersionFinder findNearestMatch
WARNING: Unable to find CDP implementation matching 118
Oct 26, 2023 3:30:08 AM org.openqa.selenium.chromium.ChromiumDriver lambda$new$3
WARNING: Unable to find version of CDP to use for . You may need to include a dependency on a specific version of the CDP using something similar to `org.seleniumhq.selenium:selenium-devtools-v86:4.8.1` where the version ("v86") matches the version of the chromium-based browser you're using and the version number of the artifact is the same as Selenium's.
]]></system-err>
  </testcase>
  <testcase name="User should be able to fill up and submit form for washer repair with correct zipcode #6" classname="User should be able to fill up the form and submit" time="9.68">
    <system-out><![CDATA[
@regression
Scenario Outline: User should be able to fill up and submit form for washer repair with correct zipcode                     &amp#27;[90m# src/test/resources/features/scheduleService.feature:36&amp#27;[0m
  &amp#27;[32mGiven &amp#27;[0m&amp#27;[32mUser at the Service Schedule page&amp#27;[0m                                                                                   &amp#27;[90m# com.ncApplianceRepair.step_definition.ServiceScheduleStepDef.userAtTheServiceSchedulePage()&amp#27;[0m
  &amp#27;[32mWhen &amp#27;[0m&amp#27;[32muser fill up page one of a Service Schedule with a &amp#27;[0m&amp#27;[32m&amp#27;[1m"28110"&amp#27;[0m&amp#27;[32m for the washer and fill up page two of a Service Schedule&amp#27;[0m &amp#27;[90m# com.ncApplianceRepair.step_definition.ServiceScheduleStepDef.userFillUpPageOneOfAServiceScheduleWithAForTheWasherAndFillUpPageTwoOfAServiceSchedule(java.lang.String)&amp#27;[0m
  &amp#27;[32mThen &amp#27;[0m&amp#27;[32muser will see page Request was submitted&amp#27;[0m                                                                             &amp#27;[90m# com.ncApplianceRepair.step_definition.ServiceScheduleStepDef.userWillSeePageRequestWasSubmitted()&amp#27;[0m
]]></system-out>
    <system-err><![CDATA[[pool-2-thread-2] INFO io.github.bonigarcia.wdm.WebDriverManager - Using chromedriver 114.0.5735.90 (resolved driver for Chrome 118)
[pool-2-thread-2] INFO io.github.bonigarcia.wdm.WebDriverManager - Exporting webdriver.chrome.driver as C:\Users\USER\.cache\selenium\chromedriver\win32\114.0.5735.90\chromedriver.exe
Starting ChromeDriver 118.0.5993.70 (e52f33f30b91b4ddfad649acddc39ab570473b86-refs/branch-heads/5993@{#1216}) on port 17609
Only local connections are allowed.
Please see https://chromedriver.chromium.org/security-considerations for suggestions on keeping ChromeDriver safe.
ChromeDriver was started successfully.
Oct 26, 2023 3:30:17 AM org.openqa.selenium.devtools.CdpVersionFinder findNearestMatch
WARNING: Unable to find CDP implementation matching 118
Oct 26, 2023 3:30:17 AM org.openqa.selenium.chromium.ChromiumDriver lambda$new$3
WARNING: Unable to find version of CDP to use for . You may need to include a dependency on a specific version of the CDP using something similar to `org.seleniumhq.selenium:selenium-devtools-v86:4.8.1` where the version ("v86") matches the version of the chromium-based browser you're using and the version number of the artifact is the same as Selenium's.
]]></system-err>
  </testcase>
  <testcase name="User should be able to fill up and submit form for washer repair with correct zipcode #7" classname="User should be able to fill up the form and submit" time="10.246">
    <system-out><![CDATA[
@regression
Scenario Outline: User should be able to fill up and submit form for washer repair with correct zipcode                     &amp#27;[90m# src/test/resources/features/scheduleService.feature:37&amp#27;[0m
  &amp#27;[32mGiven &amp#27;[0m&amp#27;[32mUser at the Service Schedule page&amp#27;[0m                                                                                   &amp#27;[90m# com.ncApplianceRepair.step_definition.ServiceScheduleStepDef.userAtTheServiceSchedulePage()&amp#27;[0m
  &amp#27;[32mWhen &amp#27;[0m&amp#27;[32muser fill up page one of a Service Schedule with a &amp#27;[0m&amp#27;[32m&amp#27;[1m"28112"&amp#27;[0m&amp#27;[32m for the washer and fill up page two of a Service Schedule&amp#27;[0m &amp#27;[90m# com.ncApplianceRepair.step_definition.ServiceScheduleStepDef.userFillUpPageOneOfAServiceScheduleWithAForTheWasherAndFillUpPageTwoOfAServiceSchedule(java.lang.String)&amp#27;[0m
  &amp#27;[32mThen &amp#27;[0m&amp#27;[32muser will see page Request was submitted&amp#27;[0m                                                                             &amp#27;[90m# com.ncApplianceRepair.step_definition.ServiceScheduleStepDef.userWillSeePageRequestWasSubmitted()&amp#27;[0m
]]></system-out>
    <system-err><![CDATA[[pool-2-thread-2] INFO io.github.bonigarcia.wdm.WebDriverManager - Using chromedriver 114.0.5735.90 (resolved driver for Chrome 118)
[pool-2-thread-2] INFO io.github.bonigarcia.wdm.WebDriverManager - Exporting webdriver.chrome.driver as C:\Users\USER\.cache\selenium\chromedriver\win32\114.0.5735.90\chromedriver.exe
Starting ChromeDriver 118.0.5993.70 (e52f33f30b91b4ddfad649acddc39ab570473b86-refs/branch-heads/5993@{#1216}) on port 40496
Only local connections are allowed.
Please see https://chromedriver.chromium.org/security-considerations for suggestions on keeping ChromeDriver safe.
ChromeDriver was started successfully.
Oct 26, 2023 3:30:28 AM org.openqa.selenium.devtools.CdpVersionFinder findNearestMatch
WARNING: Unable to find CDP implementation matching 118
Oct 26, 2023 3:30:28 AM org.openqa.selenium.chromium.ChromiumDriver lambda$new$3
WARNING: Unable to find version of CDP to use for . You may need to include a dependency on a specific version of the CDP using something similar to `org.seleniumhq.selenium:selenium-devtools-v86:4.8.1` where the version ("v86") matches the version of the chromium-based browser you're using and the version number of the artifact is the same as Selenium's.
]]></system-err>
  </testcase>
  <testcase name="User should be able to fill up and submit form for washer repair with correct zipcode #8" classname="User should be able to fill up the form and submit" time="10.597">
    <system-out><![CDATA[
@regression
Scenario Outline: User should be able to fill up and submit form for washer repair with correct zipcode                     &amp#27;[90m# src/test/resources/features/scheduleService.feature:38&amp#27;[0m
  &amp#27;[32mGiven &amp#27;[0m&amp#27;[32mUser at the Service Schedule page&amp#27;[0m                                                                                   &amp#27;[90m# com.ncApplianceRepair.step_definition.ServiceScheduleStepDef.userAtTheServiceSchedulePage()&amp#27;[0m
  &amp#27;[32mWhen &amp#27;[0m&amp#27;[32muser fill up page one of a Service Schedule with a &amp#27;[0m&amp#27;[32m&amp#27;[1m"28173"&amp#27;[0m&amp#27;[32m for the washer and fill up page two of a Service Schedule&amp#27;[0m &amp#27;[90m# com.ncApplianceRepair.step_definition.ServiceScheduleStepDef.userFillUpPageOneOfAServiceScheduleWithAForTheWasherAndFillUpPageTwoOfAServiceSchedule(java.lang.String)&amp#27;[0m
  &amp#27;[32mThen &amp#27;[0m&amp#27;[32muser will see page Request was submitted&amp#27;[0m                                                                             &amp#27;[90m# com.ncApplianceRepair.step_definition.ServiceScheduleStepDef.userWillSeePageRequestWasSubmitted()&amp#27;[0m
]]></system-out>
    <system-err><![CDATA[[pool-2-thread-2] INFO io.github.bonigarcia.wdm.WebDriverManager - Using chromedriver 114.0.5735.90 (resolved driver for Chrome 118)
[pool-2-thread-2] INFO io.github.bonigarcia.wdm.WebDriverManager - Exporting webdriver.chrome.driver as C:\Users\USER\.cache\selenium\chromedriver\win32\114.0.5735.90\chromedriver.exe
Starting ChromeDriver 118.0.5993.70 (e52f33f30b91b4ddfad649acddc39ab570473b86-refs/branch-heads/5993@{#1216}) on port 37541
Only local connections are allowed.
Please see https://chromedriver.chromium.org/security-considerations for suggestions on keeping ChromeDriver safe.
ChromeDriver was started successfully.
Oct 26, 2023 3:30:38 AM org.openqa.selenium.devtools.CdpVersionFinder findNearestMatch
WARNING: Unable to find CDP implementation matching 118
Oct 26, 2023 3:30:38 AM org.openqa.selenium.chromium.ChromiumDriver lambda$new$3
WARNING: Unable to find version of CDP to use for . You may need to include a dependency on a specific version of the CDP using something similar to `org.seleniumhq.selenium:selenium-devtools-v86:4.8.1` where the version ("v86") matches the version of the chromium-based browser you're using and the version number of the artifact is the same as Selenium's.
]]></system-err>
  </testcase>
  <testcase name="User should be able to fill up and submit form for dryer repair with correct zipcode #1" classname="User should be able to fill up the form and submit" time="5.403">
    <error message="no such element: Unable to locate element: {&quot;method&quot;:&quot;xpath&quot;,&quot;selector&quot;:&quot;//div[@class=&apos;el-input&apos;]/input[@id=&apos;cog-0&apos;]&quot;}&#10;  (Session info: chrome=118.0.5993.90)&#10;For documentation on this error, please visit: https://selenium.dev/exceptions/#no_such_element&#10;Build info: version: &apos;4.8.1&apos;, revision: &apos;8ebccac989&apos;&#10;System info: os.name: &apos;Windows 10&apos;, os.arch: &apos;amd64&apos;, os.version: &apos;10.0&apos;, java.version: &apos;1.8.0_231&apos;&#10;Driver info: org.openqa.selenium.chrome.ChromeDriver&#10;Command: [59621aefe3fa27cb95ef0fdbed738bc1, findElement {using=xpath, value=//div[@class=&apos;el-input&apos;]/input[@id=&apos;cog-0&apos;]}]&#10;Capabilities {acceptInsecureCerts: false, browserName: chrome, browserVersion: 118.0.5993.90, chrome: {chromedriverVersion: 118.0.5993.70 (e52f33f30b91..., userDataDir: C:\Users\USER\AppData\Local...}, fedcm:accounts: true, goog:chromeOptions: {debuggerAddress: localhost:63130}, networkConnectionEnabled: false, pageLoadStrategy: normal, platformName: WINDOWS, proxy: Proxy(), se:cdp: ws://localhost:63130/devtoo..., se:cdpVersion: 118.0.5993.90, setWindowRect: true, strictFileInteractability: false, timeouts: {implicit: 0, pageLoad: 300000, script: 30000}, unhandledPromptBehavior: dismiss and notify, webauthn:extension:credBlob: true, webauthn:extension:largeBlob: true, webauthn:extension:minPinLength: true, webauthn:extension:prf: true, webauthn:virtualAuthenticators: true}&#10;Session ID: 59621aefe3fa27cb95ef0fdbed738bc1" type="org.openqa.selenium.NoSuchElementException"><![CDATA[org.openqa.selenium.NoSuchElementException: 
no such element: Unable to locate element: {"method":"xpath","selector":"//div[@class='el-input']/input[@id='cog-0']"}
  (Session info: chrome=118.0.5993.90)
For documentation on this error, please visit: https://selenium.dev/exceptions/#no_such_element
Build info: version: '4.8.1', revision: '8ebccac989'
System info: os.name: 'Windows 10', os.arch: 'amd64', os.version: '10.0', java.version: '1.8.0_231'
Driver info: org.openqa.selenium.chrome.ChromeDriver
Command: [59621aefe3fa27cb95ef0fdbed738bc1, findElement {using=xpath, value=//div[@class='el-input']/input[@id='cog-0']}]
Capabilities {acceptInsecureCerts: false, browserName: chrome, browserVersion: 118.0.5993.90, chrome: {chromedriverVersion: 118.0.5993.70 (e52f33f30b91..., userDataDir: C:\Users\USER\AppData\Local...}, fedcm:accounts: true, goog:chromeOptions: {debuggerAddress: localhost:63130}, networkConnectionEnabled: false, pageLoadStrategy: normal, platformName: WINDOWS, proxy: Proxy(), se:cdp: ws://localhost:63130/devtoo..., se:cdpVersion: 118.0.5993.90, setWindowRect: true, strictFileInteractability: false, timeouts: {implicit: 0, pageLoad: 300000, script: 30000}, unhandledPromptBehavior: dismiss and notify, webauthn:extension:credBlob: true, webauthn:extension:largeBlob: true, webauthn:extension:minPinLength: true, webauthn:extension:prf: true, webauthn:virtualAuthenticators: true}
Session ID: 59621aefe3fa27cb95ef0fdbed738bc1
]]></error>
    <system-out><![CDATA[
@regression
Scenario Outline: User should be able to fill up and submit form for dryer repair with correct zipcode                     &amp#27;[90m# src/test/resources/features/scheduleService.feature:46&amp#27;[0m
  &amp#27;[32mGiven &amp#27;[0m&amp#27;[32mUser at the Service Schedule page&amp#27;[0m                                                                                  &amp#27;[90m# com.ncApplianceRepair.step_definition.ServiceScheduleStepDef.userAtTheServiceSchedulePage()&amp#27;[0m
  &amp#27;[31mWhen &amp#27;[0m&amp#27;[31muser fill up page one of a Service Schedule with a &amp#27;[0m&amp#27;[31m&amp#27;[1m"28079"&amp#27;[0m&amp#27;[31m for the dryer and fill up page two of a Service Schedule&amp#27;[0m &amp#27;[90m# com.ncApplianceRepair.step_definition.ServiceScheduleStepDef.userFillUpPageOneOfAServiceScheduleWithAForTheDryerAndFillUpPageTwoOfAServiceSchedule(java.lang.String)&amp#27;[0m
      &amp#27;[31morg.openqa.selenium.NoSuchElementException: no such element: Unable to locate element: {"method":"xpath","selector":"//div[@class='el-input']/input[@id='cog-0']"}
  (Session info: chrome=118.0.5993.90)
For documentation on this error, please visit: https://selenium.dev/exceptions/#no_such_element
Build info: version: '4.8.1', revision: '8ebccac989'
System info: os.name: 'Windows 10', os.arch: 'amd64', os.version: '10.0', java.version: '1.8.0_231'
Driver info: org.openqa.selenium.chrome.ChromeDriver
Command: [59621aefe3fa27cb95ef0fdbed738bc1, findElement {using=xpath, value=//div[@class='el-input']/input[@id='cog-0']}]
Capabilities {acceptInsecureCerts: false, browserName: chrome, browserVersion: 118.0.5993.90, chrome: {chromedriverVersion: 118.0.5993.70 (e52f33f30b91..., userDataDir: C:\Users\USER\AppData\Local...}, fedcm:accounts: true, goog:chromeOptions: {debuggerAddress: localhost:63130}, networkConnectionEnabled: false, pageLoadStrategy: normal, platformName: WINDOWS, proxy: Proxy(), se:cdp: ws://localhost:63130/devtoo..., se:cdpVersion: 118.0.5993.90, setWindowRect: true, strictFileInteractability: false, timeouts: {implicit: 0, pageLoad: 300000, script: 30000}, unhandledPromptBehavior: dismiss and notify, webauthn:extension:credBlob: true, webauthn:extension:largeBlob: true, webauthn:extension:minPinLength: true, webauthn:extension:prf: true, webauthn:virtualAuthenticators: true}
Session ID: 59621aefe3fa27cb95ef0fdbed738bc1
	at sun.reflect.GeneratedConstructorAccessor19.newInstance(Unknown Source)
	at sun.reflect.DelegatingConstructorAccessorImpl.newInstance(DelegatingConstructorAccessorImpl.java:45)
	at java.lang.reflect.Constructor.newInstance(Constructor.java:423)
	at org.openqa.selenium.remote.codec.w3c.W3CHttpResponseCodec.createException(W3CHttpResponseCodec.java:200)
	at org.openqa.selenium.remote.codec.w3c.W3CHttpResponseCodec.decode(W3CHttpResponseCodec.java:133)
	at org.openqa.selenium.remote.codec.w3c.W3CHttpResponseCodec.decode(W3CHttpResponseCodec.java:53)
	at org.openqa.selenium.remote.HttpCommandExecutor.execute(HttpCommandExecutor.java:184)
	at org.openqa.selenium.remote.service.DriverCommandExecutor.invokeExecute(DriverCommandExecutor.java:167)
	at org.openqa.selenium.remote.service.DriverCommandExecutor.execute(DriverCommandExecutor.java:142)
	at org.openqa.selenium.remote.RemoteWebDriver.execute(RemoteWebDriver.java:543)
	at org.openqa.selenium.remote.ElementLocation$ElementFinder$2.findElement(ElementLocation.java:162)
	at org.openqa.selenium.remote.ElementLocation.findElement(ElementLocation.java:60)
	at org.openqa.selenium.remote.RemoteWebDriver.findElement(RemoteWebDriver.java:352)
	at org.openqa.selenium.remote.RemoteWebDriver.findElement(RemoteWebDriver.java:344)
	at org.openqa.selenium.support.pagefactory.DefaultElementLocator.findElement(DefaultElementLocator.java:70)
	at org.openqa.selenium.support.pagefactory.internal.LocatingElementHandler.invoke(LocatingElementHandler.java:39)
	at com.sun.proxy.$Proxy22.sendKeys(Unknown Source)
	at com.ncApplianceRepair.step_definition.ServiceScheduleStepDef.userFillUpPageOneOfAServiceScheduleWithAForTheDryerAndFillUpPageTwoOfAServiceSchedule(ServiceScheduleStepDef.java:112)
	at вњЅ.user fill up page one of a Service Schedule with a "28079" for the dryer and fill up page two of a Service Schedule(file:///C:/Users/USER/WORKSPACE/NCApplianceRepair/src/test/resources/features/scheduleService.feature:42)
&amp#27;[0m
  &amp#27;[36mThen &amp#27;[0m&amp#27;[36muser will see page Request was submitted&amp#27;[0m                                                                            &amp#27;[90m# com.ncApplianceRepair.step_definition.ServiceScheduleStepDef.userWillSeePageRequestWasSubmitted()&amp#27;[0m

    Embedding Attached img [image/png 63089 bytes]

]]></system-out>
    <system-err><![CDATA[[pool-2-thread-2] INFO io.github.bonigarcia.wdm.WebDriverManager - Using chromedriver 114.0.5735.90 (resolved driver for Chrome 118)
[pool-2-thread-2] INFO io.github.bonigarcia.wdm.WebDriverManager - Exporting webdriver.chrome.driver as C:\Users\USER\.cache\selenium\chromedriver\win32\114.0.5735.90\chromedriver.exe
Starting ChromeDriver 118.0.5993.70 (e52f33f30b91b4ddfad649acddc39ab570473b86-refs/branch-heads/5993@{#1216}) on port 27431
Only local connections are allowed.
Please see https://chromedriver.chromium.org/security-considerations for suggestions on keeping ChromeDriver safe.
ChromeDriver was started successfully.
Oct 26, 2023 3:30:49 AM org.openqa.selenium.devtools.CdpVersionFinder findNearestMatch
WARNING: Unable to find CDP implementation matching 118
Oct 26, 2023 3:30:49 AM org.openqa.selenium.chromium.ChromiumDriver lambda$new$3
WARNING: Unable to find version of CDP to use for . You may need to include a dependency on a specific version of the CDP using something similar to `org.seleniumhq.selenium:selenium-devtools-v86:4.8.1` where the version ("v86") matches the version of the chromium-based browser you're using and the version number of the artifact is the same as Selenium's.
]]></system-err>
  </testcase>
  <testcase name="User should be able to fill up and submit form for dryer repair with correct zipcode #2" classname="User should be able to fill up the form and submit" time="4.501">
    <error message="no such element: Unable to locate element: {&quot;method&quot;:&quot;xpath&quot;,&quot;selector&quot;:&quot;//div[@class=&apos;el-input&apos;]/input[@id=&apos;cog-0&apos;]&quot;}&#10;  (Session info: chrome=118.0.5993.90)&#10;For documentation on this error, please visit: https://selenium.dev/exceptions/#no_such_element&#10;Build info: version: &apos;4.8.1&apos;, revision: &apos;8ebccac989&apos;&#10;System info: os.name: &apos;Windows 10&apos;, os.arch: &apos;amd64&apos;, os.version: &apos;10.0&apos;, java.version: &apos;1.8.0_231&apos;&#10;Driver info: org.openqa.selenium.chrome.ChromeDriver&#10;Command: [c2c034361498b72d10d9646748df4631, findElement {using=xpath, value=//div[@class=&apos;el-input&apos;]/input[@id=&apos;cog-0&apos;]}]&#10;Capabilities {acceptInsecureCerts: false, browserName: chrome, browserVersion: 118.0.5993.90, chrome: {chromedriverVersion: 118.0.5993.70 (e52f33f30b91..., userDataDir: C:\Users\USER\AppData\Local...}, fedcm:accounts: true, goog:chromeOptions: {debuggerAddress: localhost:63155}, networkConnectionEnabled: false, pageLoadStrategy: normal, platformName: WINDOWS, proxy: Proxy(), se:cdp: ws://localhost:63155/devtoo..., se:cdpVersion: 118.0.5993.90, setWindowRect: true, strictFileInteractability: false, timeouts: {implicit: 0, pageLoad: 300000, script: 30000}, unhandledPromptBehavior: dismiss and notify, webauthn:extension:credBlob: true, webauthn:extension:largeBlob: true, webauthn:extension:minPinLength: true, webauthn:extension:prf: true, webauthn:virtualAuthenticators: true}&#10;Session ID: c2c034361498b72d10d9646748df4631" type="org.openqa.selenium.NoSuchElementException"><![CDATA[org.openqa.selenium.NoSuchElementException: 
no such element: Unable to locate element: {"method":"xpath","selector":"//div[@class='el-input']/input[@id='cog-0']"}
  (Session info: chrome=118.0.5993.90)
For documentation on this error, please visit: https://selenium.dev/exceptions/#no_such_element
Build info: version: '4.8.1', revision: '8ebccac989'
System info: os.name: 'Windows 10', os.arch: 'amd64', os.version: '10.0', java.version: '1.8.0_231'
Driver info: org.openqa.selenium.chrome.ChromeDriver
Command: [c2c034361498b72d10d9646748df4631, findElement {using=xpath, value=//div[@class='el-input']/input[@id='cog-0']}]
Capabilities {acceptInsecureCerts: false, browserName: chrome, browserVersion: 118.0.5993.90, chrome: {chromedriverVersion: 118.0.5993.70 (e52f33f30b91..., userDataDir: C:\Users\USER\AppData\Local...}, fedcm:accounts: true, goog:chromeOptions: {debuggerAddress: localhost:63155}, networkConnectionEnabled: false, pageLoadStrategy: normal, platformName: WINDOWS, proxy: Proxy(), se:cdp: ws://localhost:63155/devtoo..., se:cdpVersion: 118.0.5993.90, setWindowRect: true, strictFileInteractability: false, timeouts: {implicit: 0, pageLoad: 300000, script: 30000}, unhandledPromptBehavior: dismiss and notify, webauthn:extension:credBlob: true, webauthn:extension:largeBlob: true, webauthn:extension:minPinLength: true, webauthn:extension:prf: true, webauthn:virtualAuthenticators: true}
Session ID: c2c034361498b72d10d9646748df4631
]]></error>
    <system-out><![CDATA[
@regression
Scenario Outline: User should be able to fill up and submit form for dryer repair with correct zipcode                     &amp#27;[90m# src/test/resources/features/scheduleService.feature:47&amp#27;[0m
  &amp#27;[32mGiven &amp#27;[0m&amp#27;[32mUser at the Service Schedule page&amp#27;[0m                                                                                  &amp#27;[90m# com.ncApplianceRepair.step_definition.ServiceScheduleStepDef.userAtTheServiceSchedulePage()&amp#27;[0m
  &amp#27;[31mWhen &amp#27;[0m&amp#27;[31muser fill up page one of a Service Schedule with a &amp#27;[0m&amp#27;[31m&amp#27;[1m"28104"&amp#27;[0m&amp#27;[31m for the dryer and fill up page two of a Service Schedule&amp#27;[0m &amp#27;[90m# com.ncApplianceRepair.step_definition.ServiceScheduleStepDef.userFillUpPageOneOfAServiceScheduleWithAForTheDryerAndFillUpPageTwoOfAServiceSchedule(java.lang.String)&amp#27;[0m
      &amp#27;[31morg.openqa.selenium.NoSuchElementException: no such element: Unable to locate element: {"method":"xpath","selector":"//div[@class='el-input']/input[@id='cog-0']"}
  (Session info: chrome=118.0.5993.90)
For documentation on this error, please visit: https://selenium.dev/exceptions/#no_such_element
Build info: version: '4.8.1', revision: '8ebccac989'
System info: os.name: 'Windows 10', os.arch: 'amd64', os.version: '10.0', java.version: '1.8.0_231'
Driver info: org.openqa.selenium.chrome.ChromeDriver
Command: [c2c034361498b72d10d9646748df4631, findElement {using=xpath, value=//div[@class='el-input']/input[@id='cog-0']}]
Capabilities {acceptInsecureCerts: false, browserName: chrome, browserVersion: 118.0.5993.90, chrome: {chromedriverVersion: 118.0.5993.70 (e52f33f30b91..., userDataDir: C:\Users\USER\AppData\Local...}, fedcm:accounts: true, goog:chromeOptions: {debuggerAddress: localhost:63155}, networkConnectionEnabled: false, pageLoadStrategy: normal, platformName: WINDOWS, proxy: Proxy(), se:cdp: ws://localhost:63155/devtoo..., se:cdpVersion: 118.0.5993.90, setWindowRect: true, strictFileInteractability: false, timeouts: {implicit: 0, pageLoad: 300000, script: 30000}, unhandledPromptBehavior: dismiss and notify, webauthn:extension:credBlob: true, webauthn:extension:largeBlob: true, webauthn:extension:minPinLength: true, webauthn:extension:prf: true, webauthn:virtualAuthenticators: true}
Session ID: c2c034361498b72d10d9646748df4631
	at sun.reflect.GeneratedConstructorAccessor19.newInstance(Unknown Source)
	at sun.reflect.DelegatingConstructorAccessorImpl.newInstance(DelegatingConstructorAccessorImpl.java:45)
	at java.lang.reflect.Constructor.newInstance(Constructor.java:423)
	at org.openqa.selenium.remote.codec.w3c.W3CHttpResponseCodec.createException(W3CHttpResponseCodec.java:200)
	at org.openqa.selenium.remote.codec.w3c.W3CHttpResponseCodec.decode(W3CHttpResponseCodec.java:133)
	at org.openqa.selenium.remote.codec.w3c.W3CHttpResponseCodec.decode(W3CHttpResponseCodec.java:53)
	at org.openqa.selenium.remote.HttpCommandExecutor.execute(HttpCommandExecutor.java:184)
	at org.openqa.selenium.remote.service.DriverCommandExecutor.invokeExecute(DriverCommandExecutor.java:167)
	at org.openqa.selenium.remote.service.DriverCommandExecutor.execute(DriverCommandExecutor.java:142)
	at org.openqa.selenium.remote.RemoteWebDriver.execute(RemoteWebDriver.java:543)
	at org.openqa.selenium.remote.ElementLocation$ElementFinder$2.findElement(ElementLocation.java:162)
	at org.openqa.selenium.remote.ElementLocation.findElement(ElementLocation.java:60)
	at org.openqa.selenium.remote.RemoteWebDriver.findElement(RemoteWebDriver.java:352)
	at org.openqa.selenium.remote.RemoteWebDriver.findElement(RemoteWebDriver.java:344)
	at org.openqa.selenium.support.pagefactory.DefaultElementLocator.findElement(DefaultElementLocator.java:70)
	at org.openqa.selenium.support.pagefactory.internal.LocatingElementHandler.invoke(LocatingElementHandler.java:39)
	at com.sun.proxy.$Proxy22.sendKeys(Unknown Source)
	at com.ncApplianceRepair.step_definition.ServiceScheduleStepDef.userFillUpPageOneOfAServiceScheduleWithAForTheDryerAndFillUpPageTwoOfAServiceSchedule(ServiceScheduleStepDef.java:112)
	at вњЅ.user fill up page one of a Service Schedule with a "28104" for the dryer and fill up page two of a Service Schedule(file:///C:/Users/USER/WORKSPACE/NCApplianceRepair/src/test/resources/features/scheduleService.feature:42)
&amp#27;[0m
  &amp#27;[36mThen &amp#27;[0m&amp#27;[36muser will see page Request was submitted&amp#27;[0m                                                                            &amp#27;[90m# com.ncApplianceRepair.step_definition.ServiceScheduleStepDef.userWillSeePageRequestWasSubmitted()&amp#27;[0m

    Embedding Attached img [image/png 63004 bytes]

]]></system-out>
    <system-err><![CDATA[[pool-2-thread-2] INFO io.github.bonigarcia.wdm.WebDriverManager - Using chromedriver 114.0.5735.90 (resolved driver for Chrome 118)
[pool-2-thread-2] INFO io.github.bonigarcia.wdm.WebDriverManager - Exporting webdriver.chrome.driver as C:\Users\USER\.cache\selenium\chromedriver\win32\114.0.5735.90\chromedriver.exe
Starting ChromeDriver 118.0.5993.70 (e52f33f30b91b4ddfad649acddc39ab570473b86-refs/branch-heads/5993@{#1216}) on port 4634
Only local connections are allowed.
Please see https://chromedriver.chromium.org/security-considerations for suggestions on keeping ChromeDriver safe.
ChromeDriver was started successfully.
Oct 26, 2023 3:30:54 AM org.openqa.selenium.devtools.CdpVersionFinder findNearestMatch
WARNING: Unable to find CDP implementation matching 118
Oct 26, 2023 3:30:54 AM org.openqa.selenium.chromium.ChromiumDriver lambda$new$3
WARNING: Unable to find version of CDP to use for . You may need to include a dependency on a specific version of the CDP using something similar to `org.seleniumhq.selenium:selenium-devtools-v86:4.8.1` where the version ("v86") matches the version of the chromium-based browser you're using and the version number of the artifact is the same as Selenium's.
]]></system-err>
  </testcase>
  <testcase name="User should be able to fill up and submit form for dryer repair with correct zipcode #3" classname="User should be able to fill up the form and submit" time="4.73">
    <error message="no such element: Unable to locate element: {&quot;method&quot;:&quot;xpath&quot;,&quot;selector&quot;:&quot;//div[@class=&apos;el-input&apos;]/input[@id=&apos;cog-0&apos;]&quot;}&#10;  (Session info: chrome=118.0.5993.90)&#10;For documentation on this error, please visit: https://selenium.dev/exceptions/#no_such_element&#10;Build info: version: &apos;4.8.1&apos;, revision: &apos;8ebccac989&apos;&#10;System info: os.name: &apos;Windows 10&apos;, os.arch: &apos;amd64&apos;, os.version: &apos;10.0&apos;, java.version: &apos;1.8.0_231&apos;&#10;Driver info: org.openqa.selenium.chrome.ChromeDriver&#10;Command: [f1c1e2309f6a81b70b6fa366e94c1c12, findElement {using=xpath, value=//div[@class=&apos;el-input&apos;]/input[@id=&apos;cog-0&apos;]}]&#10;Capabilities {acceptInsecureCerts: false, browserName: chrome, browserVersion: 118.0.5993.90, chrome: {chromedriverVersion: 118.0.5993.70 (e52f33f30b91..., userDataDir: C:\Users\USER\AppData\Local...}, fedcm:accounts: true, goog:chromeOptions: {debuggerAddress: localhost:63182}, networkConnectionEnabled: false, pageLoadStrategy: normal, platformName: WINDOWS, proxy: Proxy(), se:cdp: ws://localhost:63182/devtoo..., se:cdpVersion: 118.0.5993.90, setWindowRect: true, strictFileInteractability: false, timeouts: {implicit: 0, pageLoad: 300000, script: 30000}, unhandledPromptBehavior: dismiss and notify, webauthn:extension:credBlob: true, webauthn:extension:largeBlob: true, webauthn:extension:minPinLength: true, webauthn:extension:prf: true, webauthn:virtualAuthenticators: true}&#10;Session ID: f1c1e2309f6a81b70b6fa366e94c1c12" type="org.openqa.selenium.NoSuchElementException"><![CDATA[org.openqa.selenium.NoSuchElementException: 
no such element: Unable to locate element: {"method":"xpath","selector":"//div[@class='el-input']/input[@id='cog-0']"}
  (Session info: chrome=118.0.5993.90)
For documentation on this error, please visit: https://selenium.dev/exceptions/#no_such_element
Build info: version: '4.8.1', revision: '8ebccac989'
System info: os.name: 'Windows 10', os.arch: 'amd64', os.version: '10.0', java.version: '1.8.0_231'
Driver info: org.openqa.selenium.chrome.ChromeDriver
Command: [f1c1e2309f6a81b70b6fa366e94c1c12, findElement {using=xpath, value=//div[@class='el-input']/input[@id='cog-0']}]
Capabilities {acceptInsecureCerts: false, browserName: chrome, browserVersion: 118.0.5993.90, chrome: {chromedriverVersion: 118.0.5993.70 (e52f33f30b91..., userDataDir: C:\Users\USER\AppData\Local...}, fedcm:accounts: true, goog:chromeOptions: {debuggerAddress: localhost:63182}, networkConnectionEnabled: false, pageLoadStrategy: normal, platformName: WINDOWS, proxy: Proxy(), se:cdp: ws://localhost:63182/devtoo..., se:cdpVersion: 118.0.5993.90, setWindowRect: true, strictFileInteractability: false, timeouts: {implicit: 0, pageLoad: 300000, script: 30000}, unhandledPromptBehavior: dismiss and notify, webauthn:extension:credBlob: true, webauthn:extension:largeBlob: true, webauthn:extension:minPinLength: true, webauthn:extension:prf: true, webauthn:virtualAuthenticators: true}
Session ID: f1c1e2309f6a81b70b6fa366e94c1c12
]]></error>
    <system-out><![CDATA[
@regression
Scenario Outline: User should be able to fill up and submit form for dryer repair with correct zipcode                     &amp#27;[90m# src/test/resources/features/scheduleService.feature:48&amp#27;[0m
  &amp#27;[32mGiven &amp#27;[0m&amp#27;[32mUser at the Service Schedule page&amp#27;[0m                                                                                  &amp#27;[90m# com.ncApplianceRepair.step_definition.ServiceScheduleStepDef.userAtTheServiceSchedulePage()&amp#27;[0m
  &amp#27;[31mWhen &amp#27;[0m&amp#27;[31muser fill up page one of a Service Schedule with a &amp#27;[0m&amp#27;[31m&amp#27;[1m"28110"&amp#27;[0m&amp#27;[31m for the dryer and fill up page two of a Service Schedule&amp#27;[0m &amp#27;[90m# com.ncApplianceRepair.step_definition.ServiceScheduleStepDef.userFillUpPageOneOfAServiceScheduleWithAForTheDryerAndFillUpPageTwoOfAServiceSchedule(java.lang.String)&amp#27;[0m
      &amp#27;[31morg.openqa.selenium.NoSuchElementException: no such element: Unable to locate element: {"method":"xpath","selector":"//div[@class='el-input']/input[@id='cog-0']"}
  (Session info: chrome=118.0.5993.90)
For documentation on this error, please visit: https://selenium.dev/exceptions/#no_such_element
Build info: version: '4.8.1', revision: '8ebccac989'
System info: os.name: 'Windows 10', os.arch: 'amd64', os.version: '10.0', java.version: '1.8.0_231'
Driver info: org.openqa.selenium.chrome.ChromeDriver
Command: [f1c1e2309f6a81b70b6fa366e94c1c12, findElement {using=xpath, value=//div[@class='el-input']/input[@id='cog-0']}]
Capabilities {acceptInsecureCerts: false, browserName: chrome, browserVersion: 118.0.5993.90, chrome: {chromedriverVersion: 118.0.5993.70 (e52f33f30b91..., userDataDir: C:\Users\USER\AppData\Local...}, fedcm:accounts: true, goog:chromeOptions: {debuggerAddress: localhost:63182}, networkConnectionEnabled: false, pageLoadStrategy: normal, platformName: WINDOWS, proxy: Proxy(), se:cdp: ws://localhost:63182/devtoo..., se:cdpVersion: 118.0.5993.90, setWindowRect: true, strictFileInteractability: false, timeouts: {implicit: 0, pageLoad: 300000, script: 30000}, unhandledPromptBehavior: dismiss and notify, webauthn:extension:credBlob: true, webauthn:extension:largeBlob: true, webauthn:extension:minPinLength: true, webauthn:extension:prf: true, webauthn:virtualAuthenticators: true}
Session ID: f1c1e2309f6a81b70b6fa366e94c1c12
	at sun.reflect.GeneratedConstructorAccessor19.newInstance(Unknown Source)
	at sun.reflect.DelegatingConstructorAccessorImpl.newInstance(DelegatingConstructorAccessorImpl.java:45)
	at java.lang.reflect.Constructor.newInstance(Constructor.java:423)
	at org.openqa.selenium.remote.codec.w3c.W3CHttpResponseCodec.createException(W3CHttpResponseCodec.java:200)
	at org.openqa.selenium.remote.codec.w3c.W3CHttpResponseCodec.decode(W3CHttpResponseCodec.java:133)
	at org.openqa.selenium.remote.codec.w3c.W3CHttpResponseCodec.decode(W3CHttpResponseCodec.java:53)
	at org.openqa.selenium.remote.HttpCommandExecutor.execute(HttpCommandExecutor.java:184)
	at org.openqa.selenium.remote.service.DriverCommandExecutor.invokeExecute(DriverCommandExecutor.java:167)
	at org.openqa.selenium.remote.service.DriverCommandExecutor.execute(DriverCommandExecutor.java:142)
	at org.openqa.selenium.remote.RemoteWebDriver.execute(RemoteWebDriver.java:543)
	at org.openqa.selenium.remote.ElementLocation$ElementFinder$2.findElement(ElementLocation.java:162)
	at org.openqa.selenium.remote.ElementLocation.findElement(ElementLocation.java:60)
	at org.openqa.selenium.remote.RemoteWebDriver.findElement(RemoteWebDriver.java:352)
	at org.openqa.selenium.remote.RemoteWebDriver.findElement(RemoteWebDriver.java:344)
	at org.openqa.selenium.support.pagefactory.DefaultElementLocator.findElement(DefaultElementLocator.java:70)
	at org.openqa.selenium.support.pagefactory.internal.LocatingElementHandler.invoke(LocatingElementHandler.java:39)
	at com.sun.proxy.$Proxy22.sendKeys(Unknown Source)
	at com.ncApplianceRepair.step_definition.ServiceScheduleStepDef.userFillUpPageOneOfAServiceScheduleWithAForTheDryerAndFillUpPageTwoOfAServiceSchedule(ServiceScheduleStepDef.java:112)
	at вњЅ.user fill up page one of a Service Schedule with a "28110" for the dryer and fill up page two of a Service Schedule(file:///C:/Users/USER/WORKSPACE/NCApplianceRepair/src/test/resources/features/scheduleService.feature:42)
&amp#27;[0m
  &amp#27;[36mThen &amp#27;[0m&amp#27;[36muser will see page Request was submitted&amp#27;[0m                                                                            &amp#27;[90m# com.ncApplianceRepair.step_definition.ServiceScheduleStepDef.userWillSeePageRequestWasSubmitted()&amp#27;[0m

    Embedding Attached img [image/png 62966 bytes]

]]></system-out>
    <system-err><![CDATA[[pool-2-thread-2] INFO io.github.bonigarcia.wdm.WebDriverManager - Using chromedriver 114.0.5735.90 (resolved driver for Chrome 118)
[pool-2-thread-2] INFO io.github.bonigarcia.wdm.WebDriverManager - Exporting webdriver.chrome.driver as C:\Users\USER\.cache\selenium\chromedriver\win32\114.0.5735.90\chromedriver.exe
Starting ChromeDriver 118.0.5993.70 (e52f33f30b91b4ddfad649acddc39ab570473b86-refs/branch-heads/5993@{#1216}) on port 15663
Only local connections are allowed.
Please see https://chromedriver.chromium.org/security-considerations for suggestions on keeping ChromeDriver safe.
ChromeDriver was started successfully.
Oct 26, 2023 3:30:58 AM org.openqa.selenium.devtools.CdpVersionFinder findNearestMatch
WARNING: Unable to find CDP implementation matching 118
Oct 26, 2023 3:30:58 AM org.openqa.selenium.chromium.ChromiumDriver lambda$new$3
WARNING: Unable to find version of CDP to use for . You may need to include a dependency on a specific version of the CDP using something similar to `org.seleniumhq.selenium:selenium-devtools-v86:4.8.1` where the version ("v86") matches the version of the chromium-based browser you're using and the version number of the artifact is the same as Selenium's.
]]></system-err>
  </testcase>
  <testcase name="User should be able to fill up and submit form for dryer repair with correct zipcode #4" classname="User should be able to fill up the form and submit" time="4.278">
    <error message="no such element: Unable to locate element: {&quot;method&quot;:&quot;xpath&quot;,&quot;selector&quot;:&quot;//div[@class=&apos;el-input&apos;]/input[@id=&apos;cog-0&apos;]&quot;}&#10;  (Session info: chrome=118.0.5993.90)&#10;For documentation on this error, please visit: https://selenium.dev/exceptions/#no_such_element&#10;Build info: version: &apos;4.8.1&apos;, revision: &apos;8ebccac989&apos;&#10;System info: os.name: &apos;Windows 10&apos;, os.arch: &apos;amd64&apos;, os.version: &apos;10.0&apos;, java.version: &apos;1.8.0_231&apos;&#10;Driver info: org.openqa.selenium.chrome.ChromeDriver&#10;Command: [9557c4485a3728f3c64a6d1e801c742a, findElement {using=xpath, value=//div[@class=&apos;el-input&apos;]/input[@id=&apos;cog-0&apos;]}]&#10;Capabilities {acceptInsecureCerts: false, browserName: chrome, browserVersion: 118.0.5993.90, chrome: {chromedriverVersion: 118.0.5993.70 (e52f33f30b91..., userDataDir: C:\Users\USER\AppData\Local...}, fedcm:accounts: true, goog:chromeOptions: {debuggerAddress: localhost:63208}, networkConnectionEnabled: false, pageLoadStrategy: normal, platformName: WINDOWS, proxy: Proxy(), se:cdp: ws://localhost:63208/devtoo..., se:cdpVersion: 118.0.5993.90, setWindowRect: true, strictFileInteractability: false, timeouts: {implicit: 0, pageLoad: 300000, script: 30000}, unhandledPromptBehavior: dismiss and notify, webauthn:extension:credBlob: true, webauthn:extension:largeBlob: true, webauthn:extension:minPinLength: true, webauthn:extension:prf: true, webauthn:virtualAuthenticators: true}&#10;Session ID: 9557c4485a3728f3c64a6d1e801c742a" type="org.openqa.selenium.NoSuchElementException"><![CDATA[org.openqa.selenium.NoSuchElementException: 
no such element: Unable to locate element: {"method":"xpath","selector":"//div[@class='el-input']/input[@id='cog-0']"}
  (Session info: chrome=118.0.5993.90)
For documentation on this error, please visit: https://selenium.dev/exceptions/#no_such_element
Build info: version: '4.8.1', revision: '8ebccac989'
System info: os.name: 'Windows 10', os.arch: 'amd64', os.version: '10.0', java.version: '1.8.0_231'
Driver info: org.openqa.selenium.chrome.ChromeDriver
Command: [9557c4485a3728f3c64a6d1e801c742a, findElement {using=xpath, value=//div[@class='el-input']/input[@id='cog-0']}]
Capabilities {acceptInsecureCerts: false, browserName: chrome, browserVersion: 118.0.5993.90, chrome: {chromedriverVersion: 118.0.5993.70 (e52f33f30b91..., userDataDir: C:\Users\USER\AppData\Local...}, fedcm:accounts: true, goog:chromeOptions: {debuggerAddress: localhost:63208}, networkConnectionEnabled: false, pageLoadStrategy: normal, platformName: WINDOWS, proxy: Proxy(), se:cdp: ws://localhost:63208/devtoo..., se:cdpVersion: 118.0.5993.90, setWindowRect: true, strictFileInteractability: false, timeouts: {implicit: 0, pageLoad: 300000, script: 30000}, unhandledPromptBehavior: dismiss and notify, webauthn:extension:credBlob: true, webauthn:extension:largeBlob: true, webauthn:extension:minPinLength: true, webauthn:extension:prf: true, webauthn:virtualAuthenticators: true}
Session ID: 9557c4485a3728f3c64a6d1e801c742a
]]></error>
    <system-out><![CDATA[
@regression
Scenario Outline: User should be able to fill up and submit form for dryer repair with correct zipcode                     &amp#27;[90m# src/test/resources/features/scheduleService.feature:49&amp#27;[0m
  &amp#27;[32mGiven &amp#27;[0m&amp#27;[32mUser at the Service Schedule page&amp#27;[0m                                                                                  &amp#27;[90m# com.ncApplianceRepair.step_definition.ServiceScheduleStepDef.userAtTheServiceSchedulePage()&amp#27;[0m
  &amp#27;[31mWhen &amp#27;[0m&amp#27;[31muser fill up page one of a Service Schedule with a &amp#27;[0m&amp#27;[31m&amp#27;[1m"28104"&amp#27;[0m&amp#27;[31m for the dryer and fill up page two of a Service Schedule&amp#27;[0m &amp#27;[90m# com.ncApplianceRepair.step_definition.ServiceScheduleStepDef.userFillUpPageOneOfAServiceScheduleWithAForTheDryerAndFillUpPageTwoOfAServiceSchedule(java.lang.String)&amp#27;[0m
      &amp#27;[31morg.openqa.selenium.NoSuchElementException: no such element: Unable to locate element: {"method":"xpath","selector":"//div[@class='el-input']/input[@id='cog-0']"}
  (Session info: chrome=118.0.5993.90)
For documentation on this error, please visit: https://selenium.dev/exceptions/#no_such_element
Build info: version: '4.8.1', revision: '8ebccac989'
System info: os.name: 'Windows 10', os.arch: 'amd64', os.version: '10.0', java.version: '1.8.0_231'
Driver info: org.openqa.selenium.chrome.ChromeDriver
Command: [9557c4485a3728f3c64a6d1e801c742a, findElement {using=xpath, value=//div[@class='el-input']/input[@id='cog-0']}]
Capabilities {acceptInsecureCerts: false, browserName: chrome, browserVersion: 118.0.5993.90, chrome: {chromedriverVersion: 118.0.5993.70 (e52f33f30b91..., userDataDir: C:\Users\USER\AppData\Local...}, fedcm:accounts: true, goog:chromeOptions: {debuggerAddress: localhost:63208}, networkConnectionEnabled: false, pageLoadStrategy: normal, platformName: WINDOWS, proxy: Proxy(), se:cdp: ws://localhost:63208/devtoo..., se:cdpVersion: 118.0.5993.90, setWindowRect: true, strictFileInteractability: false, timeouts: {implicit: 0, pageLoad: 300000, script: 30000}, unhandledPromptBehavior: dismiss and notify, webauthn:extension:credBlob: true, webauthn:extension:largeBlob: true, webauthn:extension:minPinLength: true, webauthn:extension:prf: true, webauthn:virtualAuthenticators: true}
Session ID: 9557c4485a3728f3c64a6d1e801c742a
	at sun.reflect.GeneratedConstructorAccessor19.newInstance(Unknown Source)
	at sun.reflect.DelegatingConstructorAccessorImpl.newInstance(DelegatingConstructorAccessorImpl.java:45)
	at java.lang.reflect.Constructor.newInstance(Constructor.java:423)
	at org.openqa.selenium.remote.codec.w3c.W3CHttpResponseCodec.createException(W3CHttpResponseCodec.java:200)
	at org.openqa.selenium.remote.codec.w3c.W3CHttpResponseCodec.decode(W3CHttpResponseCodec.java:133)
	at org.openqa.selenium.remote.codec.w3c.W3CHttpResponseCodec.decode(W3CHttpResponseCodec.java:53)
	at org.openqa.selenium.remote.HttpCommandExecutor.execute(HttpCommandExecutor.java:184)
	at org.openqa.selenium.remote.service.DriverCommandExecutor.invokeExecute(DriverCommandExecutor.java:167)
	at org.openqa.selenium.remote.service.DriverCommandExecutor.execute(DriverCommandExecutor.java:142)
	at org.openqa.selenium.remote.RemoteWebDriver.execute(RemoteWebDriver.java:543)
	at org.openqa.selenium.remote.ElementLocation$ElementFinder$2.findElement(ElementLocation.java:162)
	at org.openqa.selenium.remote.ElementLocation.findElement(ElementLocation.java:60)
	at org.openqa.selenium.remote.RemoteWebDriver.findElement(RemoteWebDriver.java:352)
	at org.openqa.selenium.remote.RemoteWebDriver.findElement(RemoteWebDriver.java:344)
	at org.openqa.selenium.support.pagefactory.DefaultElementLocator.findElement(DefaultElementLocator.java:70)
	at org.openqa.selenium.support.pagefactory.internal.LocatingElementHandler.invoke(LocatingElementHandler.java:39)
	at com.sun.proxy.$Proxy22.sendKeys(Unknown Source)
	at com.ncApplianceRepair.step_definition.ServiceScheduleStepDef.userFillUpPageOneOfAServiceScheduleWithAForTheDryerAndFillUpPageTwoOfAServiceSchedule(ServiceScheduleStepDef.java:112)
	at вњЅ.user fill up page one of a Service Schedule with a "28104" for the dryer and fill up page two of a Service Schedule(file:///C:/Users/USER/WORKSPACE/NCApplianceRepair/src/test/resources/features/scheduleService.feature:42)
&amp#27;[0m
  &amp#27;[36mThen &amp#27;[0m&amp#27;[36muser will see page Request was submitted&amp#27;[0m                                                                            &amp#27;[90m# com.ncApplianceRepair.step_definition.ServiceScheduleStepDef.userWillSeePageRequestWasSubmitted()&amp#27;[0m

    Embedding Attached img [image/png 62934 bytes]

]]></system-out>
    <system-err><![CDATA[[pool-2-thread-2] INFO io.github.bonigarcia.wdm.WebDriverManager - Using chromedriver 114.0.5735.90 (resolved driver for Chrome 118)
[pool-2-thread-2] INFO io.github.bonigarcia.wdm.WebDriverManager - Exporting webdriver.chrome.driver as C:\Users\USER\.cache\selenium\chromedriver\win32\114.0.5735.90\chromedriver.exe
Starting ChromeDriver 118.0.5993.70 (e52f33f30b91b4ddfad649acddc39ab570473b86-refs/branch-heads/5993@{#1216}) on port 4146
Only local connections are allowed.
Please see https://chromedriver.chromium.org/security-considerations for suggestions on keeping ChromeDriver safe.
ChromeDriver was started successfully.
Oct 26, 2023 3:31:03 AM org.openqa.selenium.devtools.CdpVersionFinder findNearestMatch
WARNING: Unable to find CDP implementation matching 118
Oct 26, 2023 3:31:03 AM org.openqa.selenium.chromium.ChromiumDriver lambda$new$3
WARNING: Unable to find version of CDP to use for . You may need to include a dependency on a specific version of the CDP using something similar to `org.seleniumhq.selenium:selenium-devtools-v86:4.8.1` where the version ("v86") matches the version of the chromium-based browser you're using and the version number of the artifact is the same as Selenium's.
]]></system-err>
  </testcase>
  <testcase name="User should be able to fill up and submit form for dryer repair with correct zipcode #5" classname="User should be able to fill up the form and submit" time="3.83">
    <error message="no such element: Unable to locate element: {&quot;method&quot;:&quot;xpath&quot;,&quot;selector&quot;:&quot;//div[@class=&apos;el-input&apos;]/input[@id=&apos;cog-0&apos;]&quot;}&#10;  (Session info: chrome=118.0.5993.90)&#10;For documentation on this error, please visit: https://selenium.dev/exceptions/#no_such_element&#10;Build info: version: &apos;4.8.1&apos;, revision: &apos;8ebccac989&apos;&#10;System info: os.name: &apos;Windows 10&apos;, os.arch: &apos;amd64&apos;, os.version: &apos;10.0&apos;, java.version: &apos;1.8.0_231&apos;&#10;Driver info: org.openqa.selenium.chrome.ChromeDriver&#10;Command: [f9fd67f3a484b19d968a21d3e1c1d730, findElement {using=xpath, value=//div[@class=&apos;el-input&apos;]/input[@id=&apos;cog-0&apos;]}]&#10;Capabilities {acceptInsecureCerts: false, browserName: chrome, browserVersion: 118.0.5993.90, chrome: {chromedriverVersion: 118.0.5993.70 (e52f33f30b91..., userDataDir: C:\Users\USER\AppData\Local...}, fedcm:accounts: true, goog:chromeOptions: {debuggerAddress: localhost:63233}, networkConnectionEnabled: false, pageLoadStrategy: normal, platformName: WINDOWS, proxy: Proxy(), se:cdp: ws://localhost:63233/devtoo..., se:cdpVersion: 118.0.5993.90, setWindowRect: true, strictFileInteractability: false, timeouts: {implicit: 0, pageLoad: 300000, script: 30000}, unhandledPromptBehavior: dismiss and notify, webauthn:extension:credBlob: true, webauthn:extension:largeBlob: true, webauthn:extension:minPinLength: true, webauthn:extension:prf: true, webauthn:virtualAuthenticators: true}&#10;Session ID: f9fd67f3a484b19d968a21d3e1c1d730" type="org.openqa.selenium.NoSuchElementException"><![CDATA[org.openqa.selenium.NoSuchElementException: 
no such element: Unable to locate element: {"method":"xpath","selector":"//div[@class='el-input']/input[@id='cog-0']"}
  (Session info: chrome=118.0.5993.90)
For documentation on this error, please visit: https://selenium.dev/exceptions/#no_such_element
Build info: version: '4.8.1', revision: '8ebccac989'
System info: os.name: 'Windows 10', os.arch: 'amd64', os.version: '10.0', java.version: '1.8.0_231'
Driver info: org.openqa.selenium.chrome.ChromeDriver
Command: [f9fd67f3a484b19d968a21d3e1c1d730, findElement {using=xpath, value=//div[@class='el-input']/input[@id='cog-0']}]
Capabilities {acceptInsecureCerts: false, browserName: chrome, browserVersion: 118.0.5993.90, chrome: {chromedriverVersion: 118.0.5993.70 (e52f33f30b91..., userDataDir: C:\Users\USER\AppData\Local...}, fedcm:accounts: true, goog:chromeOptions: {debuggerAddress: localhost:63233}, networkConnectionEnabled: false, pageLoadStrategy: normal, platformName: WINDOWS, proxy: Proxy(), se:cdp: ws://localhost:63233/devtoo..., se:cdpVersion: 118.0.5993.90, setWindowRect: true, strictFileInteractability: false, timeouts: {implicit: 0, pageLoad: 300000, script: 30000}, unhandledPromptBehavior: dismiss and notify, webauthn:extension:credBlob: true, webauthn:extension:largeBlob: true, webauthn:extension:minPinLength: true, webauthn:extension:prf: true, webauthn:virtualAuthenticators: true}
Session ID: f9fd67f3a484b19d968a21d3e1c1d730
]]></error>
    <system-out><![CDATA[
@regression
Scenario Outline: User should be able to fill up and submit form for dryer repair with correct zipcode                     &amp#27;[90m# src/test/resources/features/scheduleService.feature:50&amp#27;[0m
  &amp#27;[32mGiven &amp#27;[0m&amp#27;[32mUser at the Service Schedule page&amp#27;[0m                                                                                  &amp#27;[90m# com.ncApplianceRepair.step_definition.ServiceScheduleStepDef.userAtTheServiceSchedulePage()&amp#27;[0m
  &amp#27;[31mWhen &amp#27;[0m&amp#27;[31muser fill up page one of a Service Schedule with a &amp#27;[0m&amp#27;[31m&amp#27;[1m"28110"&amp#27;[0m&amp#27;[31m for the dryer and fill up page two of a Service Schedule&amp#27;[0m &amp#27;[90m# com.ncApplianceRepair.step_definition.ServiceScheduleStepDef.userFillUpPageOneOfAServiceScheduleWithAForTheDryerAndFillUpPageTwoOfAServiceSchedule(java.lang.String)&amp#27;[0m
      &amp#27;[31morg.openqa.selenium.NoSuchElementException: no such element: Unable to locate element: {"method":"xpath","selector":"//div[@class='el-input']/input[@id='cog-0']"}
  (Session info: chrome=118.0.5993.90)
For documentation on this error, please visit: https://selenium.dev/exceptions/#no_such_element
Build info: version: '4.8.1', revision: '8ebccac989'
System info: os.name: 'Windows 10', os.arch: 'amd64', os.version: '10.0', java.version: '1.8.0_231'
Driver info: org.openqa.selenium.chrome.ChromeDriver
Command: [f9fd67f3a484b19d968a21d3e1c1d730, findElement {using=xpath, value=//div[@class='el-input']/input[@id='cog-0']}]
Capabilities {acceptInsecureCerts: false, browserName: chrome, browserVersion: 118.0.5993.90, chrome: {chromedriverVersion: 118.0.5993.70 (e52f33f30b91..., userDataDir: C:\Users\USER\AppData\Local...}, fedcm:accounts: true, goog:chromeOptions: {debuggerAddress: localhost:63233}, networkConnectionEnabled: false, pageLoadStrategy: normal, platformName: WINDOWS, proxy: Proxy(), se:cdp: ws://localhost:63233/devtoo..., se:cdpVersion: 118.0.5993.90, setWindowRect: true, strictFileInteractability: false, timeouts: {implicit: 0, pageLoad: 300000, script: 30000}, unhandledPromptBehavior: dismiss and notify, webauthn:extension:credBlob: true, webauthn:extension:largeBlob: true, webauthn:extension:minPinLength: true, webauthn:extension:prf: true, webauthn:virtualAuthenticators: true}
Session ID: f9fd67f3a484b19d968a21d3e1c1d730
	at sun.reflect.GeneratedConstructorAccessor19.newInstance(Unknown Source)
	at sun.reflect.DelegatingConstructorAccessorImpl.newInstance(DelegatingConstructorAccessorImpl.java:45)
	at java.lang.reflect.Constructor.newInstance(Constructor.java:423)
	at org.openqa.selenium.remote.codec.w3c.W3CHttpResponseCodec.createException(W3CHttpResponseCodec.java:200)
	at org.openqa.selenium.remote.codec.w3c.W3CHttpResponseCodec.decode(W3CHttpResponseCodec.java:133)
	at org.openqa.selenium.remote.codec.w3c.W3CHttpResponseCodec.decode(W3CHttpResponseCodec.java:53)
	at org.openqa.selenium.remote.HttpCommandExecutor.execute(HttpCommandExecutor.java:184)
	at org.openqa.selenium.remote.service.DriverCommandExecutor.invokeExecute(DriverCommandExecutor.java:167)
	at org.openqa.selenium.remote.service.DriverCommandExecutor.execute(DriverCommandExecutor.java:142)
	at org.openqa.selenium.remote.RemoteWebDriver.execute(RemoteWebDriver.java:543)
	at org.openqa.selenium.remote.ElementLocation$ElementFinder$2.findElement(ElementLocation.java:162)
	at org.openqa.selenium.remote.ElementLocation.findElement(ElementLocation.java:60)
	at org.openqa.selenium.remote.RemoteWebDriver.findElement(RemoteWebDriver.java:352)
	at org.openqa.selenium.remote.RemoteWebDriver.findElement(RemoteWebDriver.java:344)
	at org.openqa.selenium.support.pagefactory.DefaultElementLocator.findElement(DefaultElementLocator.java:70)
	at org.openqa.selenium.support.pagefactory.internal.LocatingElementHandler.invoke(LocatingElementHandler.java:39)
	at com.sun.proxy.$Proxy22.sendKeys(Unknown Source)
	at com.ncApplianceRepair.step_definition.ServiceScheduleStepDef.userFillUpPageOneOfAServiceScheduleWithAForTheDryerAndFillUpPageTwoOfAServiceSchedule(ServiceScheduleStepDef.java:112)
	at вњЅ.user fill up page one of a Service Schedule with a "28110" for the dryer and fill up page two of a Service Schedule(file:///C:/Users/USER/WORKSPACE/NCApplianceRepair/src/test/resources/features/scheduleService.feature:42)
&amp#27;[0m
  &amp#27;[36mThen &amp#27;[0m&amp#27;[36muser will see page Request was submitted&amp#27;[0m                                                                            &amp#27;[90m# com.ncApplianceRepair.step_definition.ServiceScheduleStepDef.userWillSeePageRequestWasSubmitted()&amp#27;[0m

    Embedding Attached img [image/png 62966 bytes]

]]></system-out>
    <system-err><![CDATA[[pool-2-thread-2] INFO io.github.bonigarcia.wdm.WebDriverManager - Using chromedriver 114.0.5735.90 (resolved driver for Chrome 118)
[pool-2-thread-2] INFO io.github.bonigarcia.wdm.WebDriverManager - Exporting webdriver.chrome.driver as C:\Users\USER\.cache\selenium\chromedriver\win32\114.0.5735.90\chromedriver.exe
Starting ChromeDriver 118.0.5993.70 (e52f33f30b91b4ddfad649acddc39ab570473b86-refs/branch-heads/5993@{#1216}) on port 7577
Only local connections are allowed.
Please see https://chromedriver.chromium.org/security-considerations for suggestions on keeping ChromeDriver safe.
ChromeDriver was started successfully.
Oct 26, 2023 3:31:07 AM org.openqa.selenium.devtools.CdpVersionFinder findNearestMatch
WARNING: Unable to find CDP implementation matching 118
Oct 26, 2023 3:31:07 AM org.openqa.selenium.chromium.ChromiumDriver lambda$new$3
WARNING: Unable to find version of CDP to use for . You may need to include a dependency on a specific version of the CDP using something similar to `org.seleniumhq.selenium:selenium-devtools-v86:4.8.1` where the version ("v86") matches the version of the chromium-based browser you're using and the version number of the artifact is the same as Selenium's.
]]></system-err>
  </testcase>
  <testcase name="User should be able to fill up and submit form for dryer repair with correct zipcode #6" classname="User should be able to fill up the form and submit" time="3.968">
    <error message="no such element: Unable to locate element: {&quot;method&quot;:&quot;xpath&quot;,&quot;selector&quot;:&quot;//div[@class=&apos;el-input&apos;]/input[@id=&apos;cog-0&apos;]&quot;}&#10;  (Session info: chrome=118.0.5993.90)&#10;For documentation on this error, please visit: https://selenium.dev/exceptions/#no_such_element&#10;Build info: version: &apos;4.8.1&apos;, revision: &apos;8ebccac989&apos;&#10;System info: os.name: &apos;Windows 10&apos;, os.arch: &apos;amd64&apos;, os.version: &apos;10.0&apos;, java.version: &apos;1.8.0_231&apos;&#10;Driver info: org.openqa.selenium.chrome.ChromeDriver&#10;Command: [47db17329cd7d004f9eb5fe7570a6d7e, findElement {using=xpath, value=//div[@class=&apos;el-input&apos;]/input[@id=&apos;cog-0&apos;]}]&#10;Capabilities {acceptInsecureCerts: false, browserName: chrome, browserVersion: 118.0.5993.90, chrome: {chromedriverVersion: 118.0.5993.70 (e52f33f30b91..., userDataDir: C:\Users\USER\AppData\Local...}, fedcm:accounts: true, goog:chromeOptions: {debuggerAddress: localhost:63256}, networkConnectionEnabled: false, pageLoadStrategy: normal, platformName: WINDOWS, proxy: Proxy(), se:cdp: ws://localhost:63256/devtoo..., se:cdpVersion: 118.0.5993.90, setWindowRect: true, strictFileInteractability: false, timeouts: {implicit: 0, pageLoad: 300000, script: 30000}, unhandledPromptBehavior: dismiss and notify, webauthn:extension:credBlob: true, webauthn:extension:largeBlob: true, webauthn:extension:minPinLength: true, webauthn:extension:prf: true, webauthn:virtualAuthenticators: true}&#10;Session ID: 47db17329cd7d004f9eb5fe7570a6d7e" type="org.openqa.selenium.NoSuchElementException"><![CDATA[org.openqa.selenium.NoSuchElementException: 
no such element: Unable to locate element: {"method":"xpath","selector":"//div[@class='el-input']/input[@id='cog-0']"}
  (Session info: chrome=118.0.5993.90)
For documentation on this error, please visit: https://selenium.dev/exceptions/#no_such_element
Build info: version: '4.8.1', revision: '8ebccac989'
System info: os.name: 'Windows 10', os.arch: 'amd64', os.version: '10.0', java.version: '1.8.0_231'
Driver info: org.openqa.selenium.chrome.ChromeDriver
Command: [47db17329cd7d004f9eb5fe7570a6d7e, findElement {using=xpath, value=//div[@class='el-input']/input[@id='cog-0']}]
Capabilities {acceptInsecureCerts: false, browserName: chrome, browserVersion: 118.0.5993.90, chrome: {chromedriverVersion: 118.0.5993.70 (e52f33f30b91..., userDataDir: C:\Users\USER\AppData\Local...}, fedcm:accounts: true, goog:chromeOptions: {debuggerAddress: localhost:63256}, networkConnectionEnabled: false, pageLoadStrategy: normal, platformName: WINDOWS, proxy: Proxy(), se:cdp: ws://localhost:63256/devtoo..., se:cdpVersion: 118.0.5993.90, setWindowRect: true, strictFileInteractability: false, timeouts: {implicit: 0, pageLoad: 300000, script: 30000}, unhandledPromptBehavior: dismiss and notify, webauthn:extension:credBlob: true, webauthn:extension:largeBlob: true, webauthn:extension:minPinLength: true, webauthn:extension:prf: true, webauthn:virtualAuthenticators: true}
Session ID: 47db17329cd7d004f9eb5fe7570a6d7e
]]></error>
    <system-out><![CDATA[
@regression
Scenario Outline: User should be able to fill up and submit form for dryer repair with correct zipcode                     &amp#27;[90m# src/test/resources/features/scheduleService.feature:51&amp#27;[0m
  &amp#27;[32mGiven &amp#27;[0m&amp#27;[32mUser at the Service Schedule page&amp#27;[0m                                                                                  &amp#27;[90m# com.ncApplianceRepair.step_definition.ServiceScheduleStepDef.userAtTheServiceSchedulePage()&amp#27;[0m
  &amp#27;[31mWhen &amp#27;[0m&amp#27;[31muser fill up page one of a Service Schedule with a &amp#27;[0m&amp#27;[31m&amp#27;[1m"28112"&amp#27;[0m&amp#27;[31m for the dryer and fill up page two of a Service Schedule&amp#27;[0m &amp#27;[90m# com.ncApplianceRepair.step_definition.ServiceScheduleStepDef.userFillUpPageOneOfAServiceScheduleWithAForTheDryerAndFillUpPageTwoOfAServiceSchedule(java.lang.String)&amp#27;[0m
      &amp#27;[31morg.openqa.selenium.NoSuchElementException: no such element: Unable to locate element: {"method":"xpath","selector":"//div[@class='el-input']/input[@id='cog-0']"}
  (Session info: chrome=118.0.5993.90)
For documentation on this error, please visit: https://selenium.dev/exceptions/#no_such_element
Build info: version: '4.8.1', revision: '8ebccac989'
System info: os.name: 'Windows 10', os.arch: 'amd64', os.version: '10.0', java.version: '1.8.0_231'
Driver info: org.openqa.selenium.chrome.ChromeDriver
Command: [47db17329cd7d004f9eb5fe7570a6d7e, findElement {using=xpath, value=//div[@class='el-input']/input[@id='cog-0']}]
Capabilities {acceptInsecureCerts: false, browserName: chrome, browserVersion: 118.0.5993.90, chrome: {chromedriverVersion: 118.0.5993.70 (e52f33f30b91..., userDataDir: C:\Users\USER\AppData\Local...}, fedcm:accounts: true, goog:chromeOptions: {debuggerAddress: localhost:63256}, networkConnectionEnabled: false, pageLoadStrategy: normal, platformName: WINDOWS, proxy: Proxy(), se:cdp: ws://localhost:63256/devtoo..., se:cdpVersion: 118.0.5993.90, setWindowRect: true, strictFileInteractability: false, timeouts: {implicit: 0, pageLoad: 300000, script: 30000}, unhandledPromptBehavior: dismiss and notify, webauthn:extension:credBlob: true, webauthn:extension:largeBlob: true, webauthn:extension:minPinLength: true, webauthn:extension:prf: true, webauthn:virtualAuthenticators: true}
Session ID: 47db17329cd7d004f9eb5fe7570a6d7e
	at sun.reflect.GeneratedConstructorAccessor19.newInstance(Unknown Source)
	at sun.reflect.DelegatingConstructorAccessorImpl.newInstance(DelegatingConstructorAccessorImpl.java:45)
	at java.lang.reflect.Constructor.newInstance(Constructor.java:423)
	at org.openqa.selenium.remote.codec.w3c.W3CHttpResponseCodec.createException(W3CHttpResponseCodec.java:200)
	at org.openqa.selenium.remote.codec.w3c.W3CHttpResponseCodec.decode(W3CHttpResponseCodec.java:133)
	at org.openqa.selenium.remote.codec.w3c.W3CHttpResponseCodec.decode(W3CHttpResponseCodec.java:53)
	at org.openqa.selenium.remote.HttpCommandExecutor.execute(HttpCommandExecutor.java:184)
	at org.openqa.selenium.remote.service.DriverCommandExecutor.invokeExecute(DriverCommandExecutor.java:167)
	at org.openqa.selenium.remote.service.DriverCommandExecutor.execute(DriverCommandExecutor.java:142)
	at org.openqa.selenium.remote.RemoteWebDriver.execute(RemoteWebDriver.java:543)
	at org.openqa.selenium.remote.ElementLocation$ElementFinder$2.findElement(ElementLocation.java:162)
	at org.openqa.selenium.remote.ElementLocation.findElement(ElementLocation.java:60)
	at org.openqa.selenium.remote.RemoteWebDriver.findElement(RemoteWebDriver.java:352)
	at org.openqa.selenium.remote.RemoteWebDriver.findElement(RemoteWebDriver.java:344)
	at org.openqa.selenium.support.pagefactory.DefaultElementLocator.findElement(DefaultElementLocator.java:70)
	at org.openqa.selenium.support.pagefactory.internal.LocatingElementHandler.invoke(LocatingElementHandler.java:39)
	at com.sun.proxy.$Proxy22.sendKeys(Unknown Source)
	at com.ncApplianceRepair.step_definition.ServiceScheduleStepDef.userFillUpPageOneOfAServiceScheduleWithAForTheDryerAndFillUpPageTwoOfAServiceSchedule(ServiceScheduleStepDef.java:112)
	at вњЅ.user fill up page one of a Service Schedule with a "28112" for the dryer and fill up page two of a Service Schedule(file:///C:/Users/USER/WORKSPACE/NCApplianceRepair/src/test/resources/features/scheduleService.feature:42)
&amp#27;[0m
  &amp#27;[36mThen &amp#27;[0m&amp#27;[36muser will see page Request was submitted&amp#27;[0m                                                                            &amp#27;[90m# com.ncApplianceRepair.step_definition.ServiceScheduleStepDef.userWillSeePageRequestWasSubmitted()&amp#27;[0m

    Embedding Attached img [image/png 62967 bytes]

]]></system-out>
    <system-err><![CDATA[[pool-2-thread-2] INFO io.github.bonigarcia.wdm.WebDriverManager - Using chromedriver 114.0.5735.90 (resolved driver for Chrome 118)
[pool-2-thread-2] INFO io.github.bonigarcia.wdm.WebDriverManager - Exporting webdriver.chrome.driver as C:\Users\USER\.cache\selenium\chromedriver\win32\114.0.5735.90\chromedriver.exe
Starting ChromeDriver 118.0.5993.70 (e52f33f30b91b4ddfad649acddc39ab570473b86-refs/branch-heads/5993@{#1216}) on port 19262
Only local connections are allowed.
Please see https://chromedriver.chromium.org/security-considerations for suggestions on keeping ChromeDriver safe.
ChromeDriver was started successfully.
Oct 26, 2023 3:31:11 AM org.openqa.selenium.devtools.CdpVersionFinder findNearestMatch
WARNING: Unable to find CDP implementation matching 118
Oct 26, 2023 3:31:11 AM org.openqa.selenium.chromium.ChromiumDriver lambda$new$3
WARNING: Unable to find version of CDP to use for . You may need to include a dependency on a specific version of the CDP using something similar to `org.seleniumhq.selenium:selenium-devtools-v86:4.8.1` where the version ("v86") matches the version of the chromium-based browser you're using and the version number of the artifact is the same as Selenium's.
]]></system-err>
  </testcase>
  <testcase name="User should be able to fill up and submit form for dryer repair with correct zipcode #7" classname="User should be able to fill up the form and submit" time="5.872">
    <error message="no such element: Unable to locate element: {&quot;method&quot;:&quot;xpath&quot;,&quot;selector&quot;:&quot;//div[@class=&apos;el-input&apos;]/input[@id=&apos;cog-0&apos;]&quot;}&#10;  (Session info: chrome=118.0.5993.90)&#10;For documentation on this error, please visit: https://selenium.dev/exceptions/#no_such_element&#10;Build info: version: &apos;4.8.1&apos;, revision: &apos;8ebccac989&apos;&#10;System info: os.name: &apos;Windows 10&apos;, os.arch: &apos;amd64&apos;, os.version: &apos;10.0&apos;, java.version: &apos;1.8.0_231&apos;&#10;Driver info: org.openqa.selenium.chrome.ChromeDriver&#10;Command: [865a573ce9fabacd5199c4b90b0af382, findElement {using=xpath, value=//div[@class=&apos;el-input&apos;]/input[@id=&apos;cog-0&apos;]}]&#10;Capabilities {acceptInsecureCerts: false, browserName: chrome, browserVersion: 118.0.5993.90, chrome: {chromedriverVersion: 118.0.5993.70 (e52f33f30b91..., userDataDir: C:\Users\USER\AppData\Local...}, fedcm:accounts: true, goog:chromeOptions: {debuggerAddress: localhost:63280}, networkConnectionEnabled: false, pageLoadStrategy: normal, platformName: WINDOWS, proxy: Proxy(), se:cdp: ws://localhost:63280/devtoo..., se:cdpVersion: 118.0.5993.90, setWindowRect: true, strictFileInteractability: false, timeouts: {implicit: 0, pageLoad: 300000, script: 30000}, unhandledPromptBehavior: dismiss and notify, webauthn:extension:credBlob: true, webauthn:extension:largeBlob: true, webauthn:extension:minPinLength: true, webauthn:extension:prf: true, webauthn:virtualAuthenticators: true}&#10;Session ID: 865a573ce9fabacd5199c4b90b0af382" type="org.openqa.selenium.NoSuchElementException"><![CDATA[org.openqa.selenium.NoSuchElementException: 
no such element: Unable to locate element: {"method":"xpath","selector":"//div[@class='el-input']/input[@id='cog-0']"}
  (Session info: chrome=118.0.5993.90)
For documentation on this error, please visit: https://selenium.dev/exceptions/#no_such_element
Build info: version: '4.8.1', revision: '8ebccac989'
System info: os.name: 'Windows 10', os.arch: 'amd64', os.version: '10.0', java.version: '1.8.0_231'
Driver info: org.openqa.selenium.chrome.ChromeDriver
Command: [865a573ce9fabacd5199c4b90b0af382, findElement {using=xpath, value=//div[@class='el-input']/input[@id='cog-0']}]
Capabilities {acceptInsecureCerts: false, browserName: chrome, browserVersion: 118.0.5993.90, chrome: {chromedriverVersion: 118.0.5993.70 (e52f33f30b91..., userDataDir: C:\Users\USER\AppData\Local...}, fedcm:accounts: true, goog:chromeOptions: {debuggerAddress: localhost:63280}, networkConnectionEnabled: false, pageLoadStrategy: normal, platformName: WINDOWS, proxy: Proxy(), se:cdp: ws://localhost:63280/devtoo..., se:cdpVersion: 118.0.5993.90, setWindowRect: true, strictFileInteractability: false, timeouts: {implicit: 0, pageLoad: 300000, script: 30000}, unhandledPromptBehavior: dismiss and notify, webauthn:extension:credBlob: true, webauthn:extension:largeBlob: true, webauthn:extension:minPinLength: true, webauthn:extension:prf: true, webauthn:virtualAuthenticators: true}
Session ID: 865a573ce9fabacd5199c4b90b0af382
]]></error>
    <system-out><![CDATA[
@regression
Scenario Outline: User should be able to fill up and submit form for dryer repair with correct zipcode                     &amp#27;[90m# src/test/resources/features/scheduleService.feature:52&amp#27;[0m
  &amp#27;[32mGiven &amp#27;[0m&amp#27;[32mUser at the Service Schedule page&amp#27;[0m                                                                                  &amp#27;[90m# com.ncApplianceRepair.step_definition.ServiceScheduleStepDef.userAtTheServiceSchedulePage()&amp#27;[0m
  &amp#27;[31mWhen &amp#27;[0m&amp#27;[31muser fill up page one of a Service Schedule with a &amp#27;[0m&amp#27;[31m&amp#27;[1m"28173"&amp#27;[0m&amp#27;[31m for the dryer and fill up page two of a Service Schedule&amp#27;[0m &amp#27;[90m# com.ncApplianceRepair.step_definition.ServiceScheduleStepDef.userFillUpPageOneOfAServiceScheduleWithAForTheDryerAndFillUpPageTwoOfAServiceSchedule(java.lang.String)&amp#27;[0m
      &amp#27;[31morg.openqa.selenium.NoSuchElementException: no such element: Unable to locate element: {"method":"xpath","selector":"//div[@class='el-input']/input[@id='cog-0']"}
  (Session info: chrome=118.0.5993.90)
For documentation on this error, please visit: https://selenium.dev/exceptions/#no_such_element
Build info: version: '4.8.1', revision: '8ebccac989'
System info: os.name: 'Windows 10', os.arch: 'amd64', os.version: '10.0', java.version: '1.8.0_231'
Driver info: org.openqa.selenium.chrome.ChromeDriver
Command: [865a573ce9fabacd5199c4b90b0af382, findElement {using=xpath, value=//div[@class='el-input']/input[@id='cog-0']}]
Capabilities {acceptInsecureCerts: false, browserName: chrome, browserVersion: 118.0.5993.90, chrome: {chromedriverVersion: 118.0.5993.70 (e52f33f30b91..., userDataDir: C:\Users\USER\AppData\Local...}, fedcm:accounts: true, goog:chromeOptions: {debuggerAddress: localhost:63280}, networkConnectionEnabled: false, pageLoadStrategy: normal, platformName: WINDOWS, proxy: Proxy(), se:cdp: ws://localhost:63280/devtoo..., se:cdpVersion: 118.0.5993.90, setWindowRect: true, strictFileInteractability: false, timeouts: {implicit: 0, pageLoad: 300000, script: 30000}, unhandledPromptBehavior: dismiss and notify, webauthn:extension:credBlob: true, webauthn:extension:largeBlob: true, webauthn:extension:minPinLength: true, webauthn:extension:prf: true, webauthn:virtualAuthenticators: true}
Session ID: 865a573ce9fabacd5199c4b90b0af382
	at sun.reflect.GeneratedConstructorAccessor19.newInstance(Unknown Source)
	at sun.reflect.DelegatingConstructorAccessorImpl.newInstance(DelegatingConstructorAccessorImpl.java:45)
	at java.lang.reflect.Constructor.newInstance(Constructor.java:423)
	at org.openqa.selenium.remote.codec.w3c.W3CHttpResponseCodec.createException(W3CHttpResponseCodec.java:200)
	at org.openqa.selenium.remote.codec.w3c.W3CHttpResponseCodec.decode(W3CHttpResponseCodec.java:133)
	at org.openqa.selenium.remote.codec.w3c.W3CHttpResponseCodec.decode(W3CHttpResponseCodec.java:53)
	at org.openqa.selenium.remote.HttpCommandExecutor.execute(HttpCommandExecutor.java:184)
	at org.openqa.selenium.remote.service.DriverCommandExecutor.invokeExecute(DriverCommandExecutor.java:167)
	at org.openqa.selenium.remote.service.DriverCommandExecutor.execute(DriverCommandExecutor.java:142)
	at org.openqa.selenium.remote.RemoteWebDriver.execute(RemoteWebDriver.java:543)
	at org.openqa.selenium.remote.ElementLocation$ElementFinder$2.findElement(ElementLocation.java:162)
	at org.openqa.selenium.remote.ElementLocation.findElement(ElementLocation.java:60)
	at org.openqa.selenium.remote.RemoteWebDriver.findElement(RemoteWebDriver.java:352)
	at org.openqa.selenium.remote.RemoteWebDriver.findElement(RemoteWebDriver.java:344)
	at org.openqa.selenium.support.pagefactory.DefaultElementLocator.findElement(DefaultElementLocator.java:70)
	at org.openqa.selenium.support.pagefactory.internal.LocatingElementHandler.invoke(LocatingElementHandler.java:39)
	at com.sun.proxy.$Proxy22.sendKeys(Unknown Source)
	at com.ncApplianceRepair.step_definition.ServiceScheduleStepDef.userFillUpPageOneOfAServiceScheduleWithAForTheDryerAndFillUpPageTwoOfAServiceSchedule(ServiceScheduleStepDef.java:112)
	at вњЅ.user fill up page one of a Service Schedule with a "28173" for the dryer and fill up page two of a Service Schedule(file:///C:/Users/USER/WORKSPACE/NCApplianceRepair/src/test/resources/features/scheduleService.feature:42)
&amp#27;[0m
  &amp#27;[36mThen &amp#27;[0m&amp#27;[36muser will see page Request was submitted&amp#27;[0m                                                                            &amp#27;[90m# com.ncApplianceRepair.step_definition.ServiceScheduleStepDef.userWillSeePageRequestWasSubmitted()&amp#27;[0m

    Embedding Attached img [image/png 62944 bytes]

]]></system-out>
    <system-err><![CDATA[[pool-2-thread-2] INFO io.github.bonigarcia.wdm.WebDriverManager - Using chromedriver 114.0.5735.90 (resolved driver for Chrome 118)
[pool-2-thread-2] INFO io.github.bonigarcia.wdm.WebDriverManager - Exporting webdriver.chrome.driver as C:\Users\USER\.cache\selenium\chromedriver\win32\114.0.5735.90\chromedriver.exe
Starting ChromeDriver 118.0.5993.70 (e52f33f30b91b4ddfad649acddc39ab570473b86-refs/branch-heads/5993@{#1216}) on port 39049
Only local connections are allowed.
Please see https://chromedriver.chromium.org/security-considerations for suggestions on keeping ChromeDriver safe.
ChromeDriver was started successfully.
Oct 26, 2023 3:31:15 AM org.openqa.selenium.devtools.CdpVersionFinder findNearestMatch
WARNING: Unable to find CDP implementation matching 118
Oct 26, 2023 3:31:15 AM org.openqa.selenium.chromium.ChromiumDriver lambda$new$3
WARNING: Unable to find version of CDP to use for . You may need to include a dependency on a specific version of the CDP using something similar to `org.seleniumhq.selenium:selenium-devtools-v86:4.8.1` where the version ("v86") matches the version of the chromium-based browser you're using and the version number of the artifact is the same as Selenium's.
]]></system-err>
  </testcase>
  <testcase name="User should be able to fill up and submit form for dishwasher repair with correct zipcode #1" classname="User should be able to fill up the form and submit" time="11.676">
    <system-out><![CDATA[
@regression
Scenario Outline: User should be able to fill up and submit form for dishwasher repair with correct zipcode                     &amp#27;[90m# src/test/resources/features/scheduleService.feature:60&amp#27;[0m
  &amp#27;[32mGiven &amp#27;[0m&amp#27;[32mUser at the Service Schedule page&amp#27;[0m                                                                                       &amp#27;[90m# com.ncApplianceRepair.step_definition.ServiceScheduleStepDef.userAtTheServiceSchedulePage()&amp#27;[0m
  &amp#27;[32mWhen &amp#27;[0m&amp#27;[32muser fill up page one of a Service Schedule with a &amp#27;[0m&amp#27;[32m&amp#27;[1m"28079"&amp#27;[0m&amp#27;[32m for the dishwasher and fill up page two of a Service Schedule&amp#27;[0m &amp#27;[90m# com.ncApplianceRepair.step_definition.ServiceScheduleStepDef.userFillUpPageOneOfAServiceScheduleWithAForTheDishwasherAndFillUpPageTwoOfAServiceSchedule(java.lang.String)&amp#27;[0m
  &amp#27;[32mThen &amp#27;[0m&amp#27;[32muser will see page Request was submitted&amp#27;[0m                                                                                 &amp#27;[90m# com.ncApplianceRepair.step_definition.ServiceScheduleStepDef.userWillSeePageRequestWasSubmitted()&amp#27;[0m
]]></system-out>
    <system-err><![CDATA[[pool-2-thread-2] INFO io.github.bonigarcia.wdm.WebDriverManager - Using chromedriver 114.0.5735.90 (resolved driver for Chrome 118)
[pool-2-thread-2] INFO io.github.bonigarcia.wdm.WebDriverManager - Exporting webdriver.chrome.driver as C:\Users\USER\.cache\selenium\chromedriver\win32\114.0.5735.90\chromedriver.exe
Starting ChromeDriver 118.0.5993.70 (e52f33f30b91b4ddfad649acddc39ab570473b86-refs/branch-heads/5993@{#1216}) on port 7141
Only local connections are allowed.
Please see https://chromedriver.chromium.org/security-considerations for suggestions on keeping ChromeDriver safe.
ChromeDriver was started successfully.
Oct 26, 2023 3:31:21 AM org.openqa.selenium.devtools.CdpVersionFinder findNearestMatch
WARNING: Unable to find CDP implementation matching 118
Oct 26, 2023 3:31:21 AM org.openqa.selenium.chromium.ChromiumDriver lambda$new$3
WARNING: Unable to find version of CDP to use for . You may need to include a dependency on a specific version of the CDP using something similar to `org.seleniumhq.selenium:selenium-devtools-v86:4.8.1` where the version ("v86") matches the version of the chromium-based browser you're using and the version number of the artifact is the same as Selenium's.
]]></system-err>
  </testcase>
  <testcase name="User should be able to fill up and submit form for dishwasher repair with correct zipcode #2" classname="User should be able to fill up the form and submit" time="12.165">
    <system-out><![CDATA[
@regression
Scenario Outline: User should be able to fill up and submit form for dishwasher repair with correct zipcode                     &amp#27;[90m# src/test/resources/features/scheduleService.feature:61&amp#27;[0m
  &amp#27;[32mGiven &amp#27;[0m&amp#27;[32mUser at the Service Schedule page&amp#27;[0m                                                                                       &amp#27;[90m# com.ncApplianceRepair.step_definition.ServiceScheduleStepDef.userAtTheServiceSchedulePage()&amp#27;[0m
  &amp#27;[32mWhen &amp#27;[0m&amp#27;[32muser fill up page one of a Service Schedule with a &amp#27;[0m&amp#27;[32m&amp#27;[1m"28104"&amp#27;[0m&amp#27;[32m for the dishwasher and fill up page two of a Service Schedule&amp#27;[0m &amp#27;[90m# com.ncApplianceRepair.step_definition.ServiceScheduleStepDef.userFillUpPageOneOfAServiceScheduleWithAForTheDishwasherAndFillUpPageTwoOfAServiceSchedule(java.lang.String)&amp#27;[0m
  &amp#27;[32mThen &amp#27;[0m&amp#27;[32muser will see page Request was submitted&amp#27;[0m                                                                                 &amp#27;[90m# com.ncApplianceRepair.step_definition.ServiceScheduleStepDef.userWillSeePageRequestWasSubmitted()&amp#27;[0m
]]></system-out>
    <system-err><![CDATA[[pool-2-thread-2] INFO io.github.bonigarcia.wdm.WebDriverManager - Using chromedriver 114.0.5735.90 (resolved driver for Chrome 118)
[pool-2-thread-2] INFO io.github.bonigarcia.wdm.WebDriverManager - Exporting webdriver.chrome.driver as C:\Users\USER\.cache\selenium\chromedriver\win32\114.0.5735.90\chromedriver.exe
Starting ChromeDriver 118.0.5993.70 (e52f33f30b91b4ddfad649acddc39ab570473b86-refs/branch-heads/5993@{#1216}) on port 35321
Only local connections are allowed.
Please see https://chromedriver.chromium.org/security-considerations for suggestions on keeping ChromeDriver safe.
ChromeDriver was started successfully.
Oct 26, 2023 3:31:33 AM org.openqa.selenium.devtools.CdpVersionFinder findNearestMatch
WARNING: Unable to find CDP implementation matching 118
Oct 26, 2023 3:31:33 AM org.openqa.selenium.chromium.ChromiumDriver lambda$new$3
WARNING: Unable to find version of CDP to use for . You may need to include a dependency on a specific version of the CDP using something similar to `org.seleniumhq.selenium:selenium-devtools-v86:4.8.1` where the version ("v86") matches the version of the chromium-based browser you're using and the version number of the artifact is the same as Selenium's.
]]></system-err>
  </testcase>
  <testcase name="User should be able to fill up and submit form for dishwasher repair with correct zipcode #3" classname="User should be able to fill up the form and submit" time="11.14">
    <system-out><![CDATA[
@regression
Scenario Outline: User should be able to fill up and submit form for dishwasher repair with correct zipcode                     &amp#27;[90m# src/test/resources/features/scheduleService.feature:62&amp#27;[0m
  &amp#27;[32mGiven &amp#27;[0m&amp#27;[32mUser at the Service Schedule page&amp#27;[0m                                                                                       &amp#27;[90m# com.ncApplianceRepair.step_definition.ServiceScheduleStepDef.userAtTheServiceSchedulePage()&amp#27;[0m
  &amp#27;[32mWhen &amp#27;[0m&amp#27;[32muser fill up page one of a Service Schedule with a &amp#27;[0m&amp#27;[32m&amp#27;[1m"28110"&amp#27;[0m&amp#27;[32m for the dishwasher and fill up page two of a Service Schedule&amp#27;[0m &amp#27;[90m# com.ncApplianceRepair.step_definition.ServiceScheduleStepDef.userFillUpPageOneOfAServiceScheduleWithAForTheDishwasherAndFillUpPageTwoOfAServiceSchedule(java.lang.String)&amp#27;[0m
  &amp#27;[32mThen &amp#27;[0m&amp#27;[32muser will see page Request was submitted&amp#27;[0m                                                                                 &amp#27;[90m# com.ncApplianceRepair.step_definition.ServiceScheduleStepDef.userWillSeePageRequestWasSubmitted()&amp#27;[0m
]]></system-out>
    <system-err><![CDATA[[pool-2-thread-2] INFO io.github.bonigarcia.wdm.WebDriverManager - Using chromedriver 114.0.5735.90 (resolved driver for Chrome 118)
[pool-2-thread-2] INFO io.github.bonigarcia.wdm.WebDriverManager - Exporting webdriver.chrome.driver as C:\Users\USER\.cache\selenium\chromedriver\win32\114.0.5735.90\chromedriver.exe
Starting ChromeDriver 118.0.5993.70 (e52f33f30b91b4ddfad649acddc39ab570473b86-refs/branch-heads/5993@{#1216}) on port 8542
Only local connections are allowed.
Please see https://chromedriver.chromium.org/security-considerations for suggestions on keeping ChromeDriver safe.
ChromeDriver was started successfully.
Oct 26, 2023 3:31:45 AM org.openqa.selenium.devtools.CdpVersionFinder findNearestMatch
WARNING: Unable to find CDP implementation matching 118
Oct 26, 2023 3:31:45 AM org.openqa.selenium.chromium.ChromiumDriver lambda$new$3
WARNING: Unable to find version of CDP to use for . You may need to include a dependency on a specific version of the CDP using something similar to `org.seleniumhq.selenium:selenium-devtools-v86:4.8.1` where the version ("v86") matches the version of the chromium-based browser you're using and the version number of the artifact is the same as Selenium's.
]]></system-err>
  </testcase>
  <testcase name="User should be able to fill up and submit form for dishwasher repair with correct zipcode #4" classname="User should be able to fill up the form and submit" time="12.116">
    <system-out><![CDATA[
@regression
Scenario Outline: User should be able to fill up and submit form for dishwasher repair with correct zipcode                     &amp#27;[90m# src/test/resources/features/scheduleService.feature:63&amp#27;[0m
  &amp#27;[32mGiven &amp#27;[0m&amp#27;[32mUser at the Service Schedule page&amp#27;[0m                                                                                       &amp#27;[90m# com.ncApplianceRepair.step_definition.ServiceScheduleStepDef.userAtTheServiceSchedulePage()&amp#27;[0m
  &amp#27;[32mWhen &amp#27;[0m&amp#27;[32muser fill up page one of a Service Schedule with a &amp#27;[0m&amp#27;[32m&amp#27;[1m"28104"&amp#27;[0m&amp#27;[32m for the dishwasher and fill up page two of a Service Schedule&amp#27;[0m &amp#27;[90m# com.ncApplianceRepair.step_definition.ServiceScheduleStepDef.userFillUpPageOneOfAServiceScheduleWithAForTheDishwasherAndFillUpPageTwoOfAServiceSchedule(java.lang.String)&amp#27;[0m
  &amp#27;[32mThen &amp#27;[0m&amp#27;[32muser will see page Request was submitted&amp#27;[0m                                                                                 &amp#27;[90m# com.ncApplianceRepair.step_definition.ServiceScheduleStepDef.userWillSeePageRequestWasSubmitted()&amp#27;[0m
]]></system-out>
    <system-err><![CDATA[[pool-2-thread-2] INFO io.github.bonigarcia.wdm.WebDriverManager - Using chromedriver 114.0.5735.90 (resolved driver for Chrome 118)
[pool-2-thread-2] INFO io.github.bonigarcia.wdm.WebDriverManager - Exporting webdriver.chrome.driver as C:\Users\USER\.cache\selenium\chromedriver\win32\114.0.5735.90\chromedriver.exe
Starting ChromeDriver 118.0.5993.70 (e52f33f30b91b4ddfad649acddc39ab570473b86-refs/branch-heads/5993@{#1216}) on port 45211
Only local connections are allowed.
Please see https://chromedriver.chromium.org/security-considerations for suggestions on keeping ChromeDriver safe.
ChromeDriver was started successfully.
Oct 26, 2023 3:31:56 AM org.openqa.selenium.devtools.CdpVersionFinder findNearestMatch
WARNING: Unable to find CDP implementation matching 118
Oct 26, 2023 3:31:56 AM org.openqa.selenium.chromium.ChromiumDriver lambda$new$3
WARNING: Unable to find version of CDP to use for . You may need to include a dependency on a specific version of the CDP using something similar to `org.seleniumhq.selenium:selenium-devtools-v86:4.8.1` where the version ("v86") matches the version of the chromium-based browser you're using and the version number of the artifact is the same as Selenium's.
]]></system-err>
  </testcase>
  <testcase name="User should be able to fill up and submit form for dishwasher repair with correct zipcode #5" classname="User should be able to fill up the form and submit" time="10.959">
    <system-out><![CDATA[
@regression
Scenario Outline: User should be able to fill up and submit form for dishwasher repair with correct zipcode                     &amp#27;[90m# src/test/resources/features/scheduleService.feature:64&amp#27;[0m
  &amp#27;[32mGiven &amp#27;[0m&amp#27;[32mUser at the Service Schedule page&amp#27;[0m                                                                                       &amp#27;[90m# com.ncApplianceRepair.step_definition.ServiceScheduleStepDef.userAtTheServiceSchedulePage()&amp#27;[0m
  &amp#27;[32mWhen &amp#27;[0m&amp#27;[32muser fill up page one of a Service Schedule with a &amp#27;[0m&amp#27;[32m&amp#27;[1m"28105"&amp#27;[0m&amp#27;[32m for the dishwasher and fill up page two of a Service Schedule&amp#27;[0m &amp#27;[90m# com.ncApplianceRepair.step_definition.ServiceScheduleStepDef.userFillUpPageOneOfAServiceScheduleWithAForTheDishwasherAndFillUpPageTwoOfAServiceSchedule(java.lang.String)&amp#27;[0m
  &amp#27;[32mThen &amp#27;[0m&amp#27;[32muser will see page Request was submitted&amp#27;[0m                                                                                 &amp#27;[90m# com.ncApplianceRepair.step_definition.ServiceScheduleStepDef.userWillSeePageRequestWasSubmitted()&amp#27;[0m
]]></system-out>
    <system-err><![CDATA[[pool-2-thread-2] INFO io.github.bonigarcia.wdm.WebDriverManager - Using chromedriver 114.0.5735.90 (resolved driver for Chrome 118)
[pool-2-thread-2] INFO io.github.bonigarcia.wdm.WebDriverManager - Exporting webdriver.chrome.driver as C:\Users\USER\.cache\selenium\chromedriver\win32\114.0.5735.90\chromedriver.exe
Starting ChromeDriver 118.0.5993.70 (e52f33f30b91b4ddfad649acddc39ab570473b86-refs/branch-heads/5993@{#1216}) on port 10149
Only local connections are allowed.
Please see https://chromedriver.chromium.org/security-considerations for suggestions on keeping ChromeDriver safe.
ChromeDriver was started successfully.
Oct 26, 2023 3:32:08 AM org.openqa.selenium.devtools.CdpVersionFinder findNearestMatch
WARNING: Unable to find CDP implementation matching 118
Oct 26, 2023 3:32:08 AM org.openqa.selenium.chromium.ChromiumDriver lambda$new$3
WARNING: Unable to find version of CDP to use for . You may need to include a dependency on a specific version of the CDP using something similar to `org.seleniumhq.selenium:selenium-devtools-v86:4.8.1` where the version ("v86") matches the version of the chromium-based browser you're using and the version number of the artifact is the same as Selenium's.
]]></system-err>
  </testcase>
  <testcase name="User should be able to fill up and submit form for dishwasher repair with correct zipcode #6" classname="User should be able to fill up the form and submit" time="11.908">
    <system-out><![CDATA[
@regression
Scenario Outline: User should be able to fill up and submit form for dishwasher repair with correct zipcode                     &amp#27;[90m# src/test/resources/features/scheduleService.feature:65&amp#27;[0m
  &amp#27;[32mGiven &amp#27;[0m&amp#27;[32mUser at the Service Schedule page&amp#27;[0m                                                                                       &amp#27;[90m# com.ncApplianceRepair.step_definition.ServiceScheduleStepDef.userAtTheServiceSchedulePage()&amp#27;[0m
  &amp#27;[32mWhen &amp#27;[0m&amp#27;[32muser fill up page one of a Service Schedule with a &amp#27;[0m&amp#27;[32m&amp#27;[1m"28110"&amp#27;[0m&amp#27;[32m for the dishwasher and fill up page two of a Service Schedule&amp#27;[0m &amp#27;[90m# com.ncApplianceRepair.step_definition.ServiceScheduleStepDef.userFillUpPageOneOfAServiceScheduleWithAForTheDishwasherAndFillUpPageTwoOfAServiceSchedule(java.lang.String)&amp#27;[0m
  &amp#27;[32mThen &amp#27;[0m&amp#27;[32muser will see page Request was submitted&amp#27;[0m                                                                                 &amp#27;[90m# com.ncApplianceRepair.step_definition.ServiceScheduleStepDef.userWillSeePageRequestWasSubmitted()&amp#27;[0m
]]></system-out>
    <system-err><![CDATA[[pool-2-thread-2] INFO io.github.bonigarcia.wdm.WebDriverManager - Using chromedriver 114.0.5735.90 (resolved driver for Chrome 118)
[pool-2-thread-2] INFO io.github.bonigarcia.wdm.WebDriverManager - Exporting webdriver.chrome.driver as C:\Users\USER\.cache\selenium\chromedriver\win32\114.0.5735.90\chromedriver.exe
Starting ChromeDriver 118.0.5993.70 (e52f33f30b91b4ddfad649acddc39ab570473b86-refs/branch-heads/5993@{#1216}) on port 40751
Only local connections are allowed.
Please see https://chromedriver.chromium.org/security-considerations for suggestions on keeping ChromeDriver safe.
ChromeDriver was started successfully.
Oct 26, 2023 3:32:19 AM org.openqa.selenium.devtools.CdpVersionFinder findNearestMatch
WARNING: Unable to find CDP implementation matching 118
Oct 26, 2023 3:32:19 AM org.openqa.selenium.chromium.ChromiumDriver lambda$new$3
WARNING: Unable to find version of CDP to use for . You may need to include a dependency on a specific version of the CDP using something similar to `org.seleniumhq.selenium:selenium-devtools-v86:4.8.1` where the version ("v86") matches the version of the chromium-based browser you're using and the version number of the artifact is the same as Selenium's.
]]></system-err>
  </testcase>
  <testcase name="User should be able to fill up and submit form for dishwasher repair with correct zipcode #7" classname="User should be able to fill up the form and submit" time="11.64">
    <system-out><![CDATA[
@regression
Scenario Outline: User should be able to fill up and submit form for dishwasher repair with correct zipcode                     &amp#27;[90m# src/test/resources/features/scheduleService.feature:66&amp#27;[0m
  &amp#27;[32mGiven &amp#27;[0m&amp#27;[32mUser at the Service Schedule page&amp#27;[0m                                                                                       &amp#27;[90m# com.ncApplianceRepair.step_definition.ServiceScheduleStepDef.userAtTheServiceSchedulePage()&amp#27;[0m
  &amp#27;[32mWhen &amp#27;[0m&amp#27;[32muser fill up page one of a Service Schedule with a &amp#27;[0m&amp#27;[32m&amp#27;[1m"28112"&amp#27;[0m&amp#27;[32m for the dishwasher and fill up page two of a Service Schedule&amp#27;[0m &amp#27;[90m# com.ncApplianceRepair.step_definition.ServiceScheduleStepDef.userFillUpPageOneOfAServiceScheduleWithAForTheDishwasherAndFillUpPageTwoOfAServiceSchedule(java.lang.String)&amp#27;[0m
  &amp#27;[32mThen &amp#27;[0m&amp#27;[32muser will see page Request was submitted&amp#27;[0m                                                                                 &amp#27;[90m# com.ncApplianceRepair.step_definition.ServiceScheduleStepDef.userWillSeePageRequestWasSubmitted()&amp#27;[0m
]]></system-out>
    <system-err><![CDATA[[pool-2-thread-2] INFO io.github.bonigarcia.wdm.WebDriverManager - Using chromedriver 114.0.5735.90 (resolved driver for Chrome 118)
[pool-2-thread-2] INFO io.github.bonigarcia.wdm.WebDriverManager - Exporting webdriver.chrome.driver as C:\Users\USER\.cache\selenium\chromedriver\win32\114.0.5735.90\chromedriver.exe
Starting ChromeDriver 118.0.5993.70 (e52f33f30b91b4ddfad649acddc39ab570473b86-refs/branch-heads/5993@{#1216}) on port 41433
Only local connections are allowed.
Please see https://chromedriver.chromium.org/security-considerations for suggestions on keeping ChromeDriver safe.
ChromeDriver was started successfully.
Oct 26, 2023 3:32:31 AM org.openqa.selenium.devtools.CdpVersionFinder findNearestMatch
WARNING: Unable to find CDP implementation matching 118
Oct 26, 2023 3:32:31 AM org.openqa.selenium.chromium.ChromiumDriver lambda$new$3
WARNING: Unable to find version of CDP to use for . You may need to include a dependency on a specific version of the CDP using something similar to `org.seleniumhq.selenium:selenium-devtools-v86:4.8.1` where the version ("v86") matches the version of the chromium-based browser you're using and the version number of the artifact is the same as Selenium's.
]]></system-err>
  </testcase>
  <testcase name="User should be able to fill up and submit form for dishwasher repair with correct zipcode #8" classname="User should be able to fill up the form and submit" time="11.95">
    <system-out><![CDATA[
@regression
Scenario Outline: User should be able to fill up and submit form for dishwasher repair with correct zipcode                     &amp#27;[90m# src/test/resources/features/scheduleService.feature:67&amp#27;[0m
  &amp#27;[32mGiven &amp#27;[0m&amp#27;[32mUser at the Service Schedule page&amp#27;[0m                                                                                       &amp#27;[90m# com.ncApplianceRepair.step_definition.ServiceScheduleStepDef.userAtTheServiceSchedulePage()&amp#27;[0m
  &amp#27;[32mWhen &amp#27;[0m&amp#27;[32muser fill up page one of a Service Schedule with a &amp#27;[0m&amp#27;[32m&amp#27;[1m"28173"&amp#27;[0m&amp#27;[32m for the dishwasher and fill up page two of a Service Schedule&amp#27;[0m &amp#27;[90m# com.ncApplianceRepair.step_definition.ServiceScheduleStepDef.userFillUpPageOneOfAServiceScheduleWithAForTheDishwasherAndFillUpPageTwoOfAServiceSchedule(java.lang.String)&amp#27;[0m
  &amp#27;[32mThen &amp#27;[0m&amp#27;[32muser will see page Request was submitted&amp#27;[0m                                                                                 &amp#27;[90m# com.ncApplianceRepair.step_definition.ServiceScheduleStepDef.userWillSeePageRequestWasSubmitted()&amp#27;[0m
]]></system-out>
    <system-err><![CDATA[[pool-2-thread-2] INFO io.github.bonigarcia.wdm.WebDriverManager - Using chromedriver 114.0.5735.90 (resolved driver for Chrome 118)
[pool-2-thread-2] INFO io.github.bonigarcia.wdm.WebDriverManager - Exporting webdriver.chrome.driver as C:\Users\USER\.cache\selenium\chromedriver\win32\114.0.5735.90\chromedriver.exe
Starting ChromeDriver 118.0.5993.70 (e52f33f30b91b4ddfad649acddc39ab570473b86-refs/branch-heads/5993@{#1216}) on port 26048
Only local connections are allowed.
Please see https://chromedriver.chromium.org/security-considerations for suggestions on keeping ChromeDriver safe.
ChromeDriver was started successfully.
Oct 26, 2023 3:32:43 AM org.openqa.selenium.devtools.CdpVersionFinder findNearestMatch
WARNING: Unable to find CDP implementation matching 118
Oct 26, 2023 3:32:43 AM org.openqa.selenium.chromium.ChromiumDriver lambda$new$3
WARNING: Unable to find version of CDP to use for . You may need to include a dependency on a specific version of the CDP using something similar to `org.seleniumhq.selenium:selenium-devtools-v86:4.8.1` where the version ("v86") matches the version of the chromium-based browser you're using and the version number of the artifact is the same as Selenium's.
]]></system-err>
  </testcase>
  <testcase name="User should be able to fill up and submit form for oven repair with correct zipcode #1" classname="User should be able to fill up the form and submit" time="11.282">
    <system-out><![CDATA[
@regression
Scenario Outline: User should be able to fill up and submit form for oven repair with correct zipcode                     &amp#27;[90m# src/test/resources/features/scheduleService.feature:75&amp#27;[0m
  &amp#27;[32mGiven &amp#27;[0m&amp#27;[32mUser at the Service Schedule page&amp#27;[0m                                                                                 &amp#27;[90m# com.ncApplianceRepair.step_definition.ServiceScheduleStepDef.userAtTheServiceSchedulePage()&amp#27;[0m
  &amp#27;[32mWhen &amp#27;[0m&amp#27;[32muser fill up page one of a Service Schedule with a &amp#27;[0m&amp#27;[32m&amp#27;[1m"28079"&amp#27;[0m&amp#27;[32m for the oven and fill up page two of a Service Schedule&amp#27;[0m &amp#27;[90m# com.ncApplianceRepair.step_definition.ServiceScheduleStepDef.userFillUpPageOneOfAServiceScheduleWithAForTheOvenAndFillUpPageTwoOfAServiceSchedule(java.lang.String)&amp#27;[0m
  &amp#27;[32mThen &amp#27;[0m&amp#27;[32muser will see page Request was submitted&amp#27;[0m                                                                           &amp#27;[90m# com.ncApplianceRepair.step_definition.ServiceScheduleStepDef.userWillSeePageRequestWasSubmitted()&amp#27;[0m
]]></system-out>
    <system-err><![CDATA[[pool-2-thread-2] INFO io.github.bonigarcia.wdm.WebDriverManager - Using chromedriver 114.0.5735.90 (resolved driver for Chrome 118)
[pool-2-thread-2] INFO io.github.bonigarcia.wdm.WebDriverManager - Exporting webdriver.chrome.driver as C:\Users\USER\.cache\selenium\chromedriver\win32\114.0.5735.90\chromedriver.exe
Starting ChromeDriver 118.0.5993.70 (e52f33f30b91b4ddfad649acddc39ab570473b86-refs/branch-heads/5993@{#1216}) on port 10972
Only local connections are allowed.
Please see https://chromedriver.chromium.org/security-considerations for suggestions on keeping ChromeDriver safe.
ChromeDriver was started successfully.
Oct 26, 2023 3:32:55 AM org.openqa.selenium.devtools.CdpVersionFinder findNearestMatch
WARNING: Unable to find CDP implementation matching 118
Oct 26, 2023 3:32:55 AM org.openqa.selenium.chromium.ChromiumDriver lambda$new$3
WARNING: Unable to find version of CDP to use for . You may need to include a dependency on a specific version of the CDP using something similar to `org.seleniumhq.selenium:selenium-devtools-v86:4.8.1` where the version ("v86") matches the version of the chromium-based browser you're using and the version number of the artifact is the same as Selenium's.
]]></system-err>
  </testcase>
  <testcase name="User should be able to fill up and submit form for oven repair with correct zipcode #2" classname="User should be able to fill up the form and submit" time="10.937">
    <system-out><![CDATA[
@regression
Scenario Outline: User should be able to fill up and submit form for oven repair with correct zipcode                     &amp#27;[90m# src/test/resources/features/scheduleService.feature:76&amp#27;[0m
  &amp#27;[32mGiven &amp#27;[0m&amp#27;[32mUser at the Service Schedule page&amp#27;[0m                                                                                 &amp#27;[90m# com.ncApplianceRepair.step_definition.ServiceScheduleStepDef.userAtTheServiceSchedulePage()&amp#27;[0m
  &amp#27;[32mWhen &amp#27;[0m&amp#27;[32muser fill up page one of a Service Schedule with a &amp#27;[0m&amp#27;[32m&amp#27;[1m"28104"&amp#27;[0m&amp#27;[32m for the oven and fill up page two of a Service Schedule&amp#27;[0m &amp#27;[90m# com.ncApplianceRepair.step_definition.ServiceScheduleStepDef.userFillUpPageOneOfAServiceScheduleWithAForTheOvenAndFillUpPageTwoOfAServiceSchedule(java.lang.String)&amp#27;[0m
  &amp#27;[32mThen &amp#27;[0m&amp#27;[32muser will see page Request was submitted&amp#27;[0m                                                                           &amp#27;[90m# com.ncApplianceRepair.step_definition.ServiceScheduleStepDef.userWillSeePageRequestWasSubmitted()&amp#27;[0m
]]></system-out>
    <system-err><![CDATA[[pool-2-thread-2] INFO io.github.bonigarcia.wdm.WebDriverManager - Using chromedriver 114.0.5735.90 (resolved driver for Chrome 118)
[pool-2-thread-2] INFO io.github.bonigarcia.wdm.WebDriverManager - Exporting webdriver.chrome.driver as C:\Users\USER\.cache\selenium\chromedriver\win32\114.0.5735.90\chromedriver.exe
Starting ChromeDriver 118.0.5993.70 (e52f33f30b91b4ddfad649acddc39ab570473b86-refs/branch-heads/5993@{#1216}) on port 7764
Only local connections are allowed.
Please see https://chromedriver.chromium.org/security-considerations for suggestions on keeping ChromeDriver safe.
ChromeDriver was started successfully.
Oct 26, 2023 3:33:06 AM org.openqa.selenium.devtools.CdpVersionFinder findNearestMatch
WARNING: Unable to find CDP implementation matching 118
Oct 26, 2023 3:33:06 AM org.openqa.selenium.chromium.ChromiumDriver lambda$new$3
WARNING: Unable to find version of CDP to use for . You may need to include a dependency on a specific version of the CDP using something similar to `org.seleniumhq.selenium:selenium-devtools-v86:4.8.1` where the version ("v86") matches the version of the chromium-based browser you're using and the version number of the artifact is the same as Selenium's.
]]></system-err>
  </testcase>
  <testcase name="User should be able to fill up and submit form for oven repair with correct zipcode #3" classname="User should be able to fill up the form and submit" time="10.727">
    <system-out><![CDATA[
@regression
Scenario Outline: User should be able to fill up and submit form for oven repair with correct zipcode                     &amp#27;[90m# src/test/resources/features/scheduleService.feature:77&amp#27;[0m
  &amp#27;[32mGiven &amp#27;[0m&amp#27;[32mUser at the Service Schedule page&amp#27;[0m                                                                                 &amp#27;[90m# com.ncApplianceRepair.step_definition.ServiceScheduleStepDef.userAtTheServiceSchedulePage()&amp#27;[0m
  &amp#27;[32mWhen &amp#27;[0m&amp#27;[32muser fill up page one of a Service Schedule with a &amp#27;[0m&amp#27;[32m&amp#27;[1m"28110"&amp#27;[0m&amp#27;[32m for the oven and fill up page two of a Service Schedule&amp#27;[0m &amp#27;[90m# com.ncApplianceRepair.step_definition.ServiceScheduleStepDef.userFillUpPageOneOfAServiceScheduleWithAForTheOvenAndFillUpPageTwoOfAServiceSchedule(java.lang.String)&amp#27;[0m
  &amp#27;[32mThen &amp#27;[0m&amp#27;[32muser will see page Request was submitted&amp#27;[0m                                                                           &amp#27;[90m# com.ncApplianceRepair.step_definition.ServiceScheduleStepDef.userWillSeePageRequestWasSubmitted()&amp#27;[0m
]]></system-out>
    <system-err><![CDATA[[pool-2-thread-2] INFO io.github.bonigarcia.wdm.WebDriverManager - Using chromedriver 114.0.5735.90 (resolved driver for Chrome 118)
[pool-2-thread-2] INFO io.github.bonigarcia.wdm.WebDriverManager - Exporting webdriver.chrome.driver as C:\Users\USER\.cache\selenium\chromedriver\win32\114.0.5735.90\chromedriver.exe
Starting ChromeDriver 118.0.5993.70 (e52f33f30b91b4ddfad649acddc39ab570473b86-refs/branch-heads/5993@{#1216}) on port 21443
Only local connections are allowed.
Please see https://chromedriver.chromium.org/security-considerations for suggestions on keeping ChromeDriver safe.
ChromeDriver was started successfully.
Oct 26, 2023 3:33:16 AM org.openqa.selenium.devtools.CdpVersionFinder findNearestMatch
WARNING: Unable to find CDP implementation matching 118
Oct 26, 2023 3:33:16 AM org.openqa.selenium.chromium.ChromiumDriver lambda$new$3
WARNING: Unable to find version of CDP to use for . You may need to include a dependency on a specific version of the CDP using something similar to `org.seleniumhq.selenium:selenium-devtools-v86:4.8.1` where the version ("v86") matches the version of the chromium-based browser you're using and the version number of the artifact is the same as Selenium's.
]]></system-err>
  </testcase>
  <testcase name="User should be able to fill up and submit form for oven repair with correct zipcode #4" classname="User should be able to fill up the form and submit" time="11.279">
    <system-out><![CDATA[
@regression
Scenario Outline: User should be able to fill up and submit form for oven repair with correct zipcode                     &amp#27;[90m# src/test/resources/features/scheduleService.feature:78&amp#27;[0m
  &amp#27;[32mGiven &amp#27;[0m&amp#27;[32mUser at the Service Schedule page&amp#27;[0m                                                                                 &amp#27;[90m# com.ncApplianceRepair.step_definition.ServiceScheduleStepDef.userAtTheServiceSchedulePage()&amp#27;[0m
  &amp#27;[32mWhen &amp#27;[0m&amp#27;[32muser fill up page one of a Service Schedule with a &amp#27;[0m&amp#27;[32m&amp#27;[1m"28104"&amp#27;[0m&amp#27;[32m for the oven and fill up page two of a Service Schedule&amp#27;[0m &amp#27;[90m# com.ncApplianceRepair.step_definition.ServiceScheduleStepDef.userFillUpPageOneOfAServiceScheduleWithAForTheOvenAndFillUpPageTwoOfAServiceSchedule(java.lang.String)&amp#27;[0m
  &amp#27;[32mThen &amp#27;[0m&amp#27;[32muser will see page Request was submitted&amp#27;[0m                                                                           &amp#27;[90m# com.ncApplianceRepair.step_definition.ServiceScheduleStepDef.userWillSeePageRequestWasSubmitted()&amp#27;[0m
]]></system-out>
    <system-err><![CDATA[[pool-2-thread-2] INFO io.github.bonigarcia.wdm.WebDriverManager - Using chromedriver 114.0.5735.90 (resolved driver for Chrome 118)
[pool-2-thread-2] INFO io.github.bonigarcia.wdm.WebDriverManager - Exporting webdriver.chrome.driver as C:\Users\USER\.cache\selenium\chromedriver\win32\114.0.5735.90\chromedriver.exe
Starting ChromeDriver 118.0.5993.70 (e52f33f30b91b4ddfad649acddc39ab570473b86-refs/branch-heads/5993@{#1216}) on port 33485
Only local connections are allowed.
Please see https://chromedriver.chromium.org/security-considerations for suggestions on keeping ChromeDriver safe.
ChromeDriver was started successfully.
Oct 26, 2023 3:33:28 AM org.openqa.selenium.devtools.CdpVersionFinder findNearestMatch
WARNING: Unable to find CDP implementation matching 118
Oct 26, 2023 3:33:28 AM org.openqa.selenium.chromium.ChromiumDriver lambda$new$3
WARNING: Unable to find version of CDP to use for . You may need to include a dependency on a specific version of the CDP using something similar to `org.seleniumhq.selenium:selenium-devtools-v86:4.8.1` where the version ("v86") matches the version of the chromium-based browser you're using and the version number of the artifact is the same as Selenium's.
]]></system-err>
  </testcase>
  <testcase name="User should be able to fill up and submit form for oven repair with correct zipcode #5" classname="User should be able to fill up the form and submit" time="11.18">
    <system-out><![CDATA[
@regression
Scenario Outline: User should be able to fill up and submit form for oven repair with correct zipcode                     &amp#27;[90m# src/test/resources/features/scheduleService.feature:79&amp#27;[0m
  &amp#27;[32mGiven &amp#27;[0m&amp#27;[32mUser at the Service Schedule page&amp#27;[0m                                                                                 &amp#27;[90m# com.ncApplianceRepair.step_definition.ServiceScheduleStepDef.userAtTheServiceSchedulePage()&amp#27;[0m
  &amp#27;[32mWhen &amp#27;[0m&amp#27;[32muser fill up page one of a Service Schedule with a &amp#27;[0m&amp#27;[32m&amp#27;[1m"28105"&amp#27;[0m&amp#27;[32m for the oven and fill up page two of a Service Schedule&amp#27;[0m &amp#27;[90m# com.ncApplianceRepair.step_definition.ServiceScheduleStepDef.userFillUpPageOneOfAServiceScheduleWithAForTheOvenAndFillUpPageTwoOfAServiceSchedule(java.lang.String)&amp#27;[0m
  &amp#27;[32mThen &amp#27;[0m&amp#27;[32muser will see page Request was submitted&amp#27;[0m                                                                           &amp#27;[90m# com.ncApplianceRepair.step_definition.ServiceScheduleStepDef.userWillSeePageRequestWasSubmitted()&amp#27;[0m
]]></system-out>
    <system-err><![CDATA[[pool-2-thread-2] INFO io.github.bonigarcia.wdm.WebDriverManager - Using chromedriver 114.0.5735.90 (resolved driver for Chrome 118)
[pool-2-thread-2] INFO io.github.bonigarcia.wdm.WebDriverManager - Exporting webdriver.chrome.driver as C:\Users\USER\.cache\selenium\chromedriver\win32\114.0.5735.90\chromedriver.exe
Starting ChromeDriver 118.0.5993.70 (e52f33f30b91b4ddfad649acddc39ab570473b86-refs/branch-heads/5993@{#1216}) on port 6623
Only local connections are allowed.
Please see https://chromedriver.chromium.org/security-considerations for suggestions on keeping ChromeDriver safe.
ChromeDriver was started successfully.
Oct 26, 2023 3:33:39 AM org.openqa.selenium.devtools.CdpVersionFinder findNearestMatch
WARNING: Unable to find CDP implementation matching 118
Oct 26, 2023 3:33:39 AM org.openqa.selenium.chromium.ChromiumDriver lambda$new$3
WARNING: Unable to find version of CDP to use for . You may need to include a dependency on a specific version of the CDP using something similar to `org.seleniumhq.selenium:selenium-devtools-v86:4.8.1` where the version ("v86") matches the version of the chromium-based browser you're using and the version number of the artifact is the same as Selenium's.
]]></system-err>
  </testcase>
  <testcase name="User should be able to fill up and submit form for oven repair with correct zipcode #6" classname="User should be able to fill up the form and submit" time="11.175">
    <system-out><![CDATA[
@regression
Scenario Outline: User should be able to fill up and submit form for oven repair with correct zipcode                     &amp#27;[90m# src/test/resources/features/scheduleService.feature:80&amp#27;[0m
  &amp#27;[32mGiven &amp#27;[0m&amp#27;[32mUser at the Service Schedule page&amp#27;[0m                                                                                 &amp#27;[90m# com.ncApplianceRepair.step_definition.ServiceScheduleStepDef.userAtTheServiceSchedulePage()&amp#27;[0m
  &amp#27;[32mWhen &amp#27;[0m&amp#27;[32muser fill up page one of a Service Schedule with a &amp#27;[0m&amp#27;[32m&amp#27;[1m"28110"&amp#27;[0m&amp#27;[32m for the oven and fill up page two of a Service Schedule&amp#27;[0m &amp#27;[90m# com.ncApplianceRepair.step_definition.ServiceScheduleStepDef.userFillUpPageOneOfAServiceScheduleWithAForTheOvenAndFillUpPageTwoOfAServiceSchedule(java.lang.String)&amp#27;[0m
  &amp#27;[32mThen &amp#27;[0m&amp#27;[32muser will see page Request was submitted&amp#27;[0m                                                                           &amp#27;[90m# com.ncApplianceRepair.step_definition.ServiceScheduleStepDef.userWillSeePageRequestWasSubmitted()&amp#27;[0m
]]></system-out>
    <system-err><![CDATA[[pool-2-thread-2] INFO io.github.bonigarcia.wdm.WebDriverManager - Using chromedriver 114.0.5735.90 (resolved driver for Chrome 118)
[pool-2-thread-2] INFO io.github.bonigarcia.wdm.WebDriverManager - Exporting webdriver.chrome.driver as C:\Users\USER\.cache\selenium\chromedriver\win32\114.0.5735.90\chromedriver.exe
Starting ChromeDriver 118.0.5993.70 (e52f33f30b91b4ddfad649acddc39ab570473b86-refs/branch-heads/5993@{#1216}) on port 14856
Only local connections are allowed.
Please see https://chromedriver.chromium.org/security-considerations for suggestions on keeping ChromeDriver safe.
ChromeDriver was started successfully.
Oct 26, 2023 3:33:50 AM org.openqa.selenium.devtools.CdpVersionFinder findNearestMatch
WARNING: Unable to find CDP implementation matching 118
Oct 26, 2023 3:33:50 AM org.openqa.selenium.chromium.ChromiumDriver lambda$new$3
WARNING: Unable to find version of CDP to use for . You may need to include a dependency on a specific version of the CDP using something similar to `org.seleniumhq.selenium:selenium-devtools-v86:4.8.1` where the version ("v86") matches the version of the chromium-based browser you're using and the version number of the artifact is the same as Selenium's.
]]></system-err>
  </testcase>
  <testcase name="User should be able to fill up and submit form for oven repair with correct zipcode #7" classname="User should be able to fill up the form and submit" time="10.963">
    <system-out><![CDATA[
@regression
Scenario Outline: User should be able to fill up and submit form for oven repair with correct zipcode                     &amp#27;[90m# src/test/resources/features/scheduleService.feature:81&amp#27;[0m
  &amp#27;[32mGiven &amp#27;[0m&amp#27;[32mUser at the Service Schedule page&amp#27;[0m                                                                                 &amp#27;[90m# com.ncApplianceRepair.step_definition.ServiceScheduleStepDef.userAtTheServiceSchedulePage()&amp#27;[0m
  &amp#27;[32mWhen &amp#27;[0m&amp#27;[32muser fill up page one of a Service Schedule with a &amp#27;[0m&amp#27;[32m&amp#27;[1m"28112"&amp#27;[0m&amp#27;[32m for the oven and fill up page two of a Service Schedule&amp#27;[0m &amp#27;[90m# com.ncApplianceRepair.step_definition.ServiceScheduleStepDef.userFillUpPageOneOfAServiceScheduleWithAForTheOvenAndFillUpPageTwoOfAServiceSchedule(java.lang.String)&amp#27;[0m
  &amp#27;[32mThen &amp#27;[0m&amp#27;[32muser will see page Request was submitted&amp#27;[0m                                                                           &amp#27;[90m# com.ncApplianceRepair.step_definition.ServiceScheduleStepDef.userWillSeePageRequestWasSubmitted()&amp#27;[0m
]]></system-out>
    <system-err><![CDATA[[pool-2-thread-2] INFO io.github.bonigarcia.wdm.WebDriverManager - Using chromedriver 114.0.5735.90 (resolved driver for Chrome 118)
[pool-2-thread-2] INFO io.github.bonigarcia.wdm.WebDriverManager - Exporting webdriver.chrome.driver as C:\Users\USER\.cache\selenium\chromedriver\win32\114.0.5735.90\chromedriver.exe
Starting ChromeDriver 118.0.5993.70 (e52f33f30b91b4ddfad649acddc39ab570473b86-refs/branch-heads/5993@{#1216}) on port 7489
Only local connections are allowed.
Please see https://chromedriver.chromium.org/security-considerations for suggestions on keeping ChromeDriver safe.
ChromeDriver was started successfully.
Oct 26, 2023 3:34:01 AM org.openqa.selenium.devtools.CdpVersionFinder findNearestMatch
WARNING: Unable to find CDP implementation matching 118
Oct 26, 2023 3:34:01 AM org.openqa.selenium.chromium.ChromiumDriver lambda$new$3
WARNING: Unable to find version of CDP to use for . You may need to include a dependency on a specific version of the CDP using something similar to `org.seleniumhq.selenium:selenium-devtools-v86:4.8.1` where the version ("v86") matches the version of the chromium-based browser you're using and the version number of the artifact is the same as Selenium's.
]]></system-err>
  </testcase>
  <testcase name="User should be able to fill up and submit form for oven repair with correct zipcode #8" classname="User should be able to fill up the form and submit" time="11.304">
    <system-out><![CDATA[
@regression
Scenario Outline: User should be able to fill up and submit form for oven repair with correct zipcode                     &amp#27;[90m# src/test/resources/features/scheduleService.feature:82&amp#27;[0m
  &amp#27;[32mGiven &amp#27;[0m&amp#27;[32mUser at the Service Schedule page&amp#27;[0m                                                                                 &amp#27;[90m# com.ncApplianceRepair.step_definition.ServiceScheduleStepDef.userAtTheServiceSchedulePage()&amp#27;[0m
  &amp#27;[32mWhen &amp#27;[0m&amp#27;[32muser fill up page one of a Service Schedule with a &amp#27;[0m&amp#27;[32m&amp#27;[1m"28173"&amp#27;[0m&amp#27;[32m for the oven and fill up page two of a Service Schedule&amp#27;[0m &amp#27;[90m# com.ncApplianceRepair.step_definition.ServiceScheduleStepDef.userFillUpPageOneOfAServiceScheduleWithAForTheOvenAndFillUpPageTwoOfAServiceSchedule(java.lang.String)&amp#27;[0m
  &amp#27;[32mThen &amp#27;[0m&amp#27;[32muser will see page Request was submitted&amp#27;[0m                                                                           &amp#27;[90m# com.ncApplianceRepair.step_definition.ServiceScheduleStepDef.userWillSeePageRequestWasSubmitted()&amp#27;[0m
]]></system-out>
    <system-err><![CDATA[[pool-2-thread-2] INFO io.github.bonigarcia.wdm.WebDriverManager - Using chromedriver 114.0.5735.90 (resolved driver for Chrome 118)
[pool-2-thread-2] INFO io.github.bonigarcia.wdm.WebDriverManager - Exporting webdriver.chrome.driver as C:\Users\USER\.cache\selenium\chromedriver\win32\114.0.5735.90\chromedriver.exe
Starting ChromeDriver 118.0.5993.70 (e52f33f30b91b4ddfad649acddc39ab570473b86-refs/branch-heads/5993@{#1216}) on port 42020
Only local connections are allowed.
Please see https://chromedriver.chromium.org/security-considerations for suggestions on keeping ChromeDriver safe.
ChromeDriver was started successfully.
Oct 26, 2023 3:34:12 AM org.openqa.selenium.devtools.CdpVersionFinder findNearestMatch
WARNING: Unable to find CDP implementation matching 118
Oct 26, 2023 3:34:12 AM org.openqa.selenium.chromium.ChromiumDriver lambda$new$3
WARNING: Unable to find version of CDP to use for . You may need to include a dependency on a specific version of the CDP using something similar to `org.seleniumhq.selenium:selenium-devtools-v86:4.8.1` where the version ("v86") matches the version of the chromium-based browser you're using and the version number of the artifact is the same as Selenium's.
]]></system-err>
  </testcase>
  <testcase name="User should be able to fill up and submit form for range repair with correct zipcode #1" classname="User should be able to fill up the form and submit" time="10.823">
    <system-out><![CDATA[
@regression
Scenario Outline: User should be able to fill up and submit form for range repair with correct zipcode                     &amp#27;[90m# src/test/resources/features/scheduleService.feature:90&amp#27;[0m
  &amp#27;[32mGiven &amp#27;[0m&amp#27;[32mUser at the Service Schedule page&amp#27;[0m                                                                                  &amp#27;[90m# com.ncApplianceRepair.step_definition.ServiceScheduleStepDef.userAtTheServiceSchedulePage()&amp#27;[0m
  &amp#27;[32mWhen &amp#27;[0m&amp#27;[32muser fill up page one of a Service Schedule with a &amp#27;[0m&amp#27;[32m&amp#27;[1m"28079"&amp#27;[0m&amp#27;[32m for the range and fill up page two of a Service Schedule&amp#27;[0m &amp#27;[90m# com.ncApplianceRepair.step_definition.ServiceScheduleStepDef.userFillUpPageOneOfAServiceScheduleWithAForTheRangeAndFillUpPageTwoOfAServiceSchedule(java.lang.String)&amp#27;[0m
  &amp#27;[32mThen &amp#27;[0m&amp#27;[32muser will see page Request was submitted&amp#27;[0m                                                                            &amp#27;[90m# com.ncApplianceRepair.step_definition.ServiceScheduleStepDef.userWillSeePageRequestWasSubmitted()&amp#27;[0m
]]></system-out>
    <system-err><![CDATA[[pool-2-thread-2] INFO io.github.bonigarcia.wdm.WebDriverManager - Using chromedriver 114.0.5735.90 (resolved driver for Chrome 118)
[pool-2-thread-2] INFO io.github.bonigarcia.wdm.WebDriverManager - Exporting webdriver.chrome.driver as C:\Users\USER\.cache\selenium\chromedriver\win32\114.0.5735.90\chromedriver.exe
Starting ChromeDriver 118.0.5993.70 (e52f33f30b91b4ddfad649acddc39ab570473b86-refs/branch-heads/5993@{#1216}) on port 5245
Only local connections are allowed.
Please see https://chromedriver.chromium.org/security-considerations for suggestions on keeping ChromeDriver safe.
ChromeDriver was started successfully.
Oct 26, 2023 3:34:24 AM org.openqa.selenium.devtools.CdpVersionFinder findNearestMatch
WARNING: Unable to find CDP implementation matching 118
Oct 26, 2023 3:34:24 AM org.openqa.selenium.chromium.ChromiumDriver lambda$new$3
WARNING: Unable to find version of CDP to use for . You may need to include a dependency on a specific version of the CDP using something similar to `org.seleniumhq.selenium:selenium-devtools-v86:4.8.1` where the version ("v86") matches the version of the chromium-based browser you're using and the version number of the artifact is the same as Selenium's.
]]></system-err>
  </testcase>
  <testcase name="User should be able to fill up and submit form for range repair with correct zipcode #2" classname="User should be able to fill up the form and submit" time="11.472">
    <system-out><![CDATA[
@regression
Scenario Outline: User should be able to fill up and submit form for range repair with correct zipcode                     &amp#27;[90m# src/test/resources/features/scheduleService.feature:91&amp#27;[0m
  &amp#27;[32mGiven &amp#27;[0m&amp#27;[32mUser at the Service Schedule page&amp#27;[0m                                                                                  &amp#27;[90m# com.ncApplianceRepair.step_definition.ServiceScheduleStepDef.userAtTheServiceSchedulePage()&amp#27;[0m
  &amp#27;[32mWhen &amp#27;[0m&amp#27;[32muser fill up page one of a Service Schedule with a &amp#27;[0m&amp#27;[32m&amp#27;[1m"28104"&amp#27;[0m&amp#27;[32m for the range and fill up page two of a Service Schedule&amp#27;[0m &amp#27;[90m# com.ncApplianceRepair.step_definition.ServiceScheduleStepDef.userFillUpPageOneOfAServiceScheduleWithAForTheRangeAndFillUpPageTwoOfAServiceSchedule(java.lang.String)&amp#27;[0m
  &amp#27;[32mThen &amp#27;[0m&amp#27;[32muser will see page Request was submitted&amp#27;[0m                                                                            &amp#27;[90m# com.ncApplianceRepair.step_definition.ServiceScheduleStepDef.userWillSeePageRequestWasSubmitted()&amp#27;[0m
]]></system-out>
    <system-err><![CDATA[[pool-2-thread-2] INFO io.github.bonigarcia.wdm.WebDriverManager - Using chromedriver 114.0.5735.90 (resolved driver for Chrome 118)
[pool-2-thread-2] INFO io.github.bonigarcia.wdm.WebDriverManager - Exporting webdriver.chrome.driver as C:\Users\USER\.cache\selenium\chromedriver\win32\114.0.5735.90\chromedriver.exe
Starting ChromeDriver 118.0.5993.70 (e52f33f30b91b4ddfad649acddc39ab570473b86-refs/branch-heads/5993@{#1216}) on port 30713
Only local connections are allowed.
Please see https://chromedriver.chromium.org/security-considerations for suggestions on keeping ChromeDriver safe.
ChromeDriver was started successfully.
Oct 26, 2023 3:34:34 AM org.openqa.selenium.devtools.CdpVersionFinder findNearestMatch
WARNING: Unable to find CDP implementation matching 118
Oct 26, 2023 3:34:34 AM org.openqa.selenium.chromium.ChromiumDriver lambda$new$3
WARNING: Unable to find version of CDP to use for . You may need to include a dependency on a specific version of the CDP using something similar to `org.seleniumhq.selenium:selenium-devtools-v86:4.8.1` where the version ("v86") matches the version of the chromium-based browser you're using and the version number of the artifact is the same as Selenium's.
]]></system-err>
  </testcase>
  <testcase name="User should be able to fill up and submit form for range repair with correct zipcode #3" classname="User should be able to fill up the form and submit" time="11.114">
    <system-out><![CDATA[
@regression
Scenario Outline: User should be able to fill up and submit form for range repair with correct zipcode                     &amp#27;[90m# src/test/resources/features/scheduleService.feature:92&amp#27;[0m
  &amp#27;[32mGiven &amp#27;[0m&amp#27;[32mUser at the Service Schedule page&amp#27;[0m                                                                                  &amp#27;[90m# com.ncApplianceRepair.step_definition.ServiceScheduleStepDef.userAtTheServiceSchedulePage()&amp#27;[0m
  &amp#27;[32mWhen &amp#27;[0m&amp#27;[32muser fill up page one of a Service Schedule with a &amp#27;[0m&amp#27;[32m&amp#27;[1m"28110"&amp#27;[0m&amp#27;[32m for the range and fill up page two of a Service Schedule&amp#27;[0m &amp#27;[90m# com.ncApplianceRepair.step_definition.ServiceScheduleStepDef.userFillUpPageOneOfAServiceScheduleWithAForTheRangeAndFillUpPageTwoOfAServiceSchedule(java.lang.String)&amp#27;[0m
  &amp#27;[32mThen &amp#27;[0m&amp#27;[32muser will see page Request was submitted&amp#27;[0m                                                                            &amp#27;[90m# com.ncApplianceRepair.step_definition.ServiceScheduleStepDef.userWillSeePageRequestWasSubmitted()&amp#27;[0m
]]></system-out>
    <system-err><![CDATA[[pool-2-thread-2] INFO io.github.bonigarcia.wdm.WebDriverManager - Using chromedriver 114.0.5735.90 (resolved driver for Chrome 118)
[pool-2-thread-2] INFO io.github.bonigarcia.wdm.WebDriverManager - Exporting webdriver.chrome.driver as C:\Users\USER\.cache\selenium\chromedriver\win32\114.0.5735.90\chromedriver.exe
Starting ChromeDriver 118.0.5993.70 (e52f33f30b91b4ddfad649acddc39ab570473b86-refs/branch-heads/5993@{#1216}) on port 19212
Only local connections are allowed.
Please see https://chromedriver.chromium.org/security-considerations for suggestions on keeping ChromeDriver safe.
ChromeDriver was started successfully.
Oct 26, 2023 3:34:45 AM org.openqa.selenium.devtools.CdpVersionFinder findNearestMatch
WARNING: Unable to find CDP implementation matching 118
Oct 26, 2023 3:34:45 AM org.openqa.selenium.chromium.ChromiumDriver lambda$new$3
WARNING: Unable to find version of CDP to use for . You may need to include a dependency on a specific version of the CDP using something similar to `org.seleniumhq.selenium:selenium-devtools-v86:4.8.1` where the version ("v86") matches the version of the chromium-based browser you're using and the version number of the artifact is the same as Selenium's.
]]></system-err>
  </testcase>
  <testcase name="User should be able to fill up and submit form for range repair with correct zipcode #4" classname="User should be able to fill up the form and submit" time="11.017">
    <system-out><![CDATA[
@regression
Scenario Outline: User should be able to fill up and submit form for range repair with correct zipcode                     &amp#27;[90m# src/test/resources/features/scheduleService.feature:93&amp#27;[0m
  &amp#27;[32mGiven &amp#27;[0m&amp#27;[32mUser at the Service Schedule page&amp#27;[0m                                                                                  &amp#27;[90m# com.ncApplianceRepair.step_definition.ServiceScheduleStepDef.userAtTheServiceSchedulePage()&amp#27;[0m
  &amp#27;[32mWhen &amp#27;[0m&amp#27;[32muser fill up page one of a Service Schedule with a &amp#27;[0m&amp#27;[32m&amp#27;[1m"28104"&amp#27;[0m&amp#27;[32m for the range and fill up page two of a Service Schedule&amp#27;[0m &amp#27;[90m# com.ncApplianceRepair.step_definition.ServiceScheduleStepDef.userFillUpPageOneOfAServiceScheduleWithAForTheRangeAndFillUpPageTwoOfAServiceSchedule(java.lang.String)&amp#27;[0m
  &amp#27;[32mThen &amp#27;[0m&amp#27;[32muser will see page Request was submitted&amp#27;[0m                                                                            &amp#27;[90m# com.ncApplianceRepair.step_definition.ServiceScheduleStepDef.userWillSeePageRequestWasSubmitted()&amp#27;[0m
]]></system-out>
    <system-err><![CDATA[[pool-2-thread-2] INFO io.github.bonigarcia.wdm.WebDriverManager - Using chromedriver 114.0.5735.90 (resolved driver for Chrome 118)
[pool-2-thread-2] INFO io.github.bonigarcia.wdm.WebDriverManager - Exporting webdriver.chrome.driver as C:\Users\USER\.cache\selenium\chromedriver\win32\114.0.5735.90\chromedriver.exe
Starting ChromeDriver 118.0.5993.70 (e52f33f30b91b4ddfad649acddc39ab570473b86-refs/branch-heads/5993@{#1216}) on port 31520
Only local connections are allowed.
Please see https://chromedriver.chromium.org/security-considerations for suggestions on keeping ChromeDriver safe.
ChromeDriver was started successfully.
Oct 26, 2023 3:34:57 AM org.openqa.selenium.devtools.CdpVersionFinder findNearestMatch
WARNING: Unable to find CDP implementation matching 118
Oct 26, 2023 3:34:57 AM org.openqa.selenium.chromium.ChromiumDriver lambda$new$3
WARNING: Unable to find version of CDP to use for . You may need to include a dependency on a specific version of the CDP using something similar to `org.seleniumhq.selenium:selenium-devtools-v86:4.8.1` where the version ("v86") matches the version of the chromium-based browser you're using and the version number of the artifact is the same as Selenium's.
]]></system-err>
  </testcase>
  <testcase name="User should be able to fill up and submit form for range repair with correct zipcode #5" classname="User should be able to fill up the form and submit" time="10.594">
    <system-out><![CDATA[
@regression
Scenario Outline: User should be able to fill up and submit form for range repair with correct zipcode                     &amp#27;[90m# src/test/resources/features/scheduleService.feature:94&amp#27;[0m
  &amp#27;[32mGiven &amp#27;[0m&amp#27;[32mUser at the Service Schedule page&amp#27;[0m                                                                                  &amp#27;[90m# com.ncApplianceRepair.step_definition.ServiceScheduleStepDef.userAtTheServiceSchedulePage()&amp#27;[0m
  &amp#27;[32mWhen &amp#27;[0m&amp#27;[32muser fill up page one of a Service Schedule with a &amp#27;[0m&amp#27;[32m&amp#27;[1m"28105"&amp#27;[0m&amp#27;[32m for the range and fill up page two of a Service Schedule&amp#27;[0m &amp#27;[90m# com.ncApplianceRepair.step_definition.ServiceScheduleStepDef.userFillUpPageOneOfAServiceScheduleWithAForTheRangeAndFillUpPageTwoOfAServiceSchedule(java.lang.String)&amp#27;[0m
  &amp#27;[32mThen &amp#27;[0m&amp#27;[32muser will see page Request was submitted&amp#27;[0m                                                                            &amp#27;[90m# com.ncApplianceRepair.step_definition.ServiceScheduleStepDef.userWillSeePageRequestWasSubmitted()&amp#27;[0m
]]></system-out>
    <system-err><![CDATA[[pool-2-thread-2] INFO io.github.bonigarcia.wdm.WebDriverManager - Using chromedriver 114.0.5735.90 (resolved driver for Chrome 118)
[pool-2-thread-2] INFO io.github.bonigarcia.wdm.WebDriverManager - Exporting webdriver.chrome.driver as C:\Users\USER\.cache\selenium\chromedriver\win32\114.0.5735.90\chromedriver.exe
Starting ChromeDriver 118.0.5993.70 (e52f33f30b91b4ddfad649acddc39ab570473b86-refs/branch-heads/5993@{#1216}) on port 48322
Only local connections are allowed.
Please see https://chromedriver.chromium.org/security-considerations for suggestions on keeping ChromeDriver safe.
ChromeDriver was started successfully.
Oct 26, 2023 3:35:07 AM org.openqa.selenium.devtools.CdpVersionFinder findNearestMatch
WARNING: Unable to find CDP implementation matching 118
Oct 26, 2023 3:35:07 AM org.openqa.selenium.chromium.ChromiumDriver lambda$new$3
WARNING: Unable to find version of CDP to use for . You may need to include a dependency on a specific version of the CDP using something similar to `org.seleniumhq.selenium:selenium-devtools-v86:4.8.1` where the version ("v86") matches the version of the chromium-based browser you're using and the version number of the artifact is the same as Selenium's.
]]></system-err>
  </testcase>
  <testcase name="User should be able to fill up and submit form for range repair with correct zipcode #6" classname="User should be able to fill up the form and submit" time="11.415">
    <system-out><![CDATA[
@regression
Scenario Outline: User should be able to fill up and submit form for range repair with correct zipcode                     &amp#27;[90m# src/test/resources/features/scheduleService.feature:95&amp#27;[0m
  &amp#27;[32mGiven &amp#27;[0m&amp#27;[32mUser at the Service Schedule page&amp#27;[0m                                                                                  &amp#27;[90m# com.ncApplianceRepair.step_definition.ServiceScheduleStepDef.userAtTheServiceSchedulePage()&amp#27;[0m
  &amp#27;[32mWhen &amp#27;[0m&amp#27;[32muser fill up page one of a Service Schedule with a &amp#27;[0m&amp#27;[32m&amp#27;[1m"28110"&amp#27;[0m&amp#27;[32m for the range and fill up page two of a Service Schedule&amp#27;[0m &amp#27;[90m# com.ncApplianceRepair.step_definition.ServiceScheduleStepDef.userFillUpPageOneOfAServiceScheduleWithAForTheRangeAndFillUpPageTwoOfAServiceSchedule(java.lang.String)&amp#27;[0m
  &amp#27;[32mThen &amp#27;[0m&amp#27;[32muser will see page Request was submitted&amp#27;[0m                                                                            &amp#27;[90m# com.ncApplianceRepair.step_definition.ServiceScheduleStepDef.userWillSeePageRequestWasSubmitted()&amp#27;[0m
]]></system-out>
    <system-err><![CDATA[[pool-2-thread-2] INFO io.github.bonigarcia.wdm.WebDriverManager - Using chromedriver 114.0.5735.90 (resolved driver for Chrome 118)
[pool-2-thread-2] INFO io.github.bonigarcia.wdm.WebDriverManager - Exporting webdriver.chrome.driver as C:\Users\USER\.cache\selenium\chromedriver\win32\114.0.5735.90\chromedriver.exe
Starting ChromeDriver 118.0.5993.70 (e52f33f30b91b4ddfad649acddc39ab570473b86-refs/branch-heads/5993@{#1216}) on port 22671
Only local connections are allowed.
Please see https://chromedriver.chromium.org/security-considerations for suggestions on keeping ChromeDriver safe.
ChromeDriver was started successfully.
Oct 26, 2023 3:35:18 AM org.openqa.selenium.devtools.CdpVersionFinder findNearestMatch
WARNING: Unable to find CDP implementation matching 118
Oct 26, 2023 3:35:18 AM org.openqa.selenium.chromium.ChromiumDriver lambda$new$3
WARNING: Unable to find version of CDP to use for . You may need to include a dependency on a specific version of the CDP using something similar to `org.seleniumhq.selenium:selenium-devtools-v86:4.8.1` where the version ("v86") matches the version of the chromium-based browser you're using and the version number of the artifact is the same as Selenium's.
]]></system-err>
  </testcase>
  <testcase name="User should be able to fill up and submit form for range repair with correct zipcode #7" classname="User should be able to fill up the form and submit" time="10.448">
    <system-out><![CDATA[
@regression
Scenario Outline: User should be able to fill up and submit form for range repair with correct zipcode                     &amp#27;[90m# src/test/resources/features/scheduleService.feature:96&amp#27;[0m
  &amp#27;[32mGiven &amp#27;[0m&amp#27;[32mUser at the Service Schedule page&amp#27;[0m                                                                                  &amp#27;[90m# com.ncApplianceRepair.step_definition.ServiceScheduleStepDef.userAtTheServiceSchedulePage()&amp#27;[0m
  &amp#27;[32mWhen &amp#27;[0m&amp#27;[32muser fill up page one of a Service Schedule with a &amp#27;[0m&amp#27;[32m&amp#27;[1m"28112"&amp#27;[0m&amp#27;[32m for the range and fill up page two of a Service Schedule&amp#27;[0m &amp#27;[90m# com.ncApplianceRepair.step_definition.ServiceScheduleStepDef.userFillUpPageOneOfAServiceScheduleWithAForTheRangeAndFillUpPageTwoOfAServiceSchedule(java.lang.String)&amp#27;[0m
  &amp#27;[32mThen &amp#27;[0m&amp#27;[32muser will see page Request was submitted&amp#27;[0m                                                                            &amp#27;[90m# com.ncApplianceRepair.step_definition.ServiceScheduleStepDef.userWillSeePageRequestWasSubmitted()&amp#27;[0m
]]></system-out>
    <system-err><![CDATA[[pool-2-thread-2] INFO io.github.bonigarcia.wdm.WebDriverManager - Using chromedriver 114.0.5735.90 (resolved driver for Chrome 118)
[pool-2-thread-2] INFO io.github.bonigarcia.wdm.WebDriverManager - Exporting webdriver.chrome.driver as C:\Users\USER\.cache\selenium\chromedriver\win32\114.0.5735.90\chromedriver.exe
Starting ChromeDriver 118.0.5993.70 (e52f33f30b91b4ddfad649acddc39ab570473b86-refs/branch-heads/5993@{#1216}) on port 42016
Only local connections are allowed.
Please see https://chromedriver.chromium.org/security-considerations for suggestions on keeping ChromeDriver safe.
ChromeDriver was started successfully.
Oct 26, 2023 3:35:29 AM org.openqa.selenium.devtools.CdpVersionFinder findNearestMatch
WARNING: Unable to find CDP implementation matching 118
Oct 26, 2023 3:35:29 AM org.openqa.selenium.chromium.ChromiumDriver lambda$new$3
WARNING: Unable to find version of CDP to use for . You may need to include a dependency on a specific version of the CDP using something similar to `org.seleniumhq.selenium:selenium-devtools-v86:4.8.1` where the version ("v86") matches the version of the chromium-based browser you're using and the version number of the artifact is the same as Selenium's.
]]></system-err>
  </testcase>
  <testcase name="User should be able to fill up and submit form for range repair with correct zipcode #8" classname="User should be able to fill up the form and submit" time="11.256">
    <system-out><![CDATA[
@regression
Scenario Outline: User should be able to fill up and submit form for range repair with correct zipcode                     &amp#27;[90m# src/test/resources/features/scheduleService.feature:97&amp#27;[0m
  &amp#27;[32mGiven &amp#27;[0m&amp#27;[32mUser at the Service Schedule page&amp#27;[0m                                                                                  &amp#27;[90m# com.ncApplianceRepair.step_definition.ServiceScheduleStepDef.userAtTheServiceSchedulePage()&amp#27;[0m
  &amp#27;[32mWhen &amp#27;[0m&amp#27;[32muser fill up page one of a Service Schedule with a &amp#27;[0m&amp#27;[32m&amp#27;[1m"28173"&amp#27;[0m&amp#27;[32m for the range and fill up page two of a Service Schedule&amp#27;[0m &amp#27;[90m# com.ncApplianceRepair.step_definition.ServiceScheduleStepDef.userFillUpPageOneOfAServiceScheduleWithAForTheRangeAndFillUpPageTwoOfAServiceSchedule(java.lang.String)&amp#27;[0m
  &amp#27;[32mThen &amp#27;[0m&amp#27;[32muser will see page Request was submitted&amp#27;[0m                                                                            &amp#27;[90m# com.ncApplianceRepair.step_definition.ServiceScheduleStepDef.userWillSeePageRequestWasSubmitted()&amp#27;[0m
]]></system-out>
    <system-err><![CDATA[[pool-2-thread-2] INFO io.github.bonigarcia.wdm.WebDriverManager - Using chromedriver 114.0.5735.90 (resolved driver for Chrome 118)
[pool-2-thread-2] INFO io.github.bonigarcia.wdm.WebDriverManager - Exporting webdriver.chrome.driver as C:\Users\USER\.cache\selenium\chromedriver\win32\114.0.5735.90\chromedriver.exe
Starting ChromeDriver 118.0.5993.70 (e52f33f30b91b4ddfad649acddc39ab570473b86-refs/branch-heads/5993@{#1216}) on port 22063
Only local connections are allowed.
Please see https://chromedriver.chromium.org/security-considerations for suggestions on keeping ChromeDriver safe.
ChromeDriver was started successfully.
Oct 26, 2023 3:35:40 AM org.openqa.selenium.devtools.CdpVersionFinder findNearestMatch
WARNING: Unable to find CDP implementation matching 118
Oct 26, 2023 3:35:40 AM org.openqa.selenium.chromium.ChromiumDriver lambda$new$3
WARNING: Unable to find version of CDP to use for . You may need to include a dependency on a specific version of the CDP using something similar to `org.seleniumhq.selenium:selenium-devtools-v86:4.8.1` where the version ("v86") matches the version of the chromium-based browser you're using and the version number of the artifact is the same as Selenium's.
]]></system-err>
  </testcase>
  <testcase name="User should be able to fill up and submit form for freezer repair with correct zipcode #1" classname="User should be able to fill up the form and submit" time="10.674">
    <system-out><![CDATA[
@regression
Scenario Outline: User should be able to fill up and submit form for freezer repair with correct zipcode                     &amp#27;[90m# src/test/resources/features/scheduleService.feature:104&amp#27;[0m
  &amp#27;[32mGiven &amp#27;[0m&amp#27;[32mUser at the Service Schedule page&amp#27;[0m                                                                                    &amp#27;[90m# com.ncApplianceRepair.step_definition.ServiceScheduleStepDef.userAtTheServiceSchedulePage()&amp#27;[0m
  &amp#27;[32mWhen &amp#27;[0m&amp#27;[32muser fill up page one of a Service Schedule with a &amp#27;[0m&amp#27;[32m&amp#27;[1m"28079"&amp#27;[0m&amp#27;[32m for the freezer and fill up page two of a Service Schedule&amp#27;[0m &amp#27;[90m# com.ncApplianceRepair.step_definition.ServiceScheduleStepDef.userFillUpPageOneOfAServiceScheduleWithAForTheFreezerAndFillUpPageTwoOfAServiceSchedule(java.lang.String)&amp#27;[0m
  &amp#27;[32mThen &amp#27;[0m&amp#27;[32muser will see page Request was submitted&amp#27;[0m                                                                              &amp#27;[90m# com.ncApplianceRepair.step_definition.ServiceScheduleStepDef.userWillSeePageRequestWasSubmitted()&amp#27;[0m
]]></system-out>
    <system-err><![CDATA[[pool-2-thread-2] INFO io.github.bonigarcia.wdm.WebDriverManager - Using chromedriver 114.0.5735.90 (resolved driver for Chrome 118)
[pool-2-thread-2] INFO io.github.bonigarcia.wdm.WebDriverManager - Exporting webdriver.chrome.driver as C:\Users\USER\.cache\selenium\chromedriver\win32\114.0.5735.90\chromedriver.exe
Starting ChromeDriver 118.0.5993.70 (e52f33f30b91b4ddfad649acddc39ab570473b86-refs/branch-heads/5993@{#1216}) on port 15048
Only local connections are allowed.
Please see https://chromedriver.chromium.org/security-considerations for suggestions on keeping ChromeDriver safe.
ChromeDriver was started successfully.
Oct 26, 2023 3:35:52 AM org.openqa.selenium.devtools.CdpVersionFinder findNearestMatch
WARNING: Unable to find CDP implementation matching 118
Oct 26, 2023 3:35:52 AM org.openqa.selenium.chromium.ChromiumDriver lambda$new$3
WARNING: Unable to find version of CDP to use for . You may need to include a dependency on a specific version of the CDP using something similar to `org.seleniumhq.selenium:selenium-devtools-v86:4.8.1` where the version ("v86") matches the version of the chromium-based browser you're using and the version number of the artifact is the same as Selenium's.
]]></system-err>
  </testcase>
  <testcase name="User should be able to fill up and submit form for freezer repair with correct zipcode #2" classname="User should be able to fill up the form and submit" time="10.691">
    <system-out><![CDATA[
@regression
Scenario Outline: User should be able to fill up and submit form for freezer repair with correct zipcode                     &amp#27;[90m# src/test/resources/features/scheduleService.feature:105&amp#27;[0m
  &amp#27;[32mGiven &amp#27;[0m&amp#27;[32mUser at the Service Schedule page&amp#27;[0m                                                                                    &amp#27;[90m# com.ncApplianceRepair.step_definition.ServiceScheduleStepDef.userAtTheServiceSchedulePage()&amp#27;[0m
  &amp#27;[32mWhen &amp#27;[0m&amp#27;[32muser fill up page one of a Service Schedule with a &amp#27;[0m&amp#27;[32m&amp#27;[1m"28104"&amp#27;[0m&amp#27;[32m for the freezer and fill up page two of a Service Schedule&amp#27;[0m &amp#27;[90m# com.ncApplianceRepair.step_definition.ServiceScheduleStepDef.userFillUpPageOneOfAServiceScheduleWithAForTheFreezerAndFillUpPageTwoOfAServiceSchedule(java.lang.String)&amp#27;[0m
  &amp#27;[32mThen &amp#27;[0m&amp#27;[32muser will see page Request was submitted&amp#27;[0m                                                                              &amp#27;[90m# com.ncApplianceRepair.step_definition.ServiceScheduleStepDef.userWillSeePageRequestWasSubmitted()&amp#27;[0m
]]></system-out>
    <system-err><![CDATA[[pool-2-thread-2] INFO io.github.bonigarcia.wdm.WebDriverManager - Using chromedriver 114.0.5735.90 (resolved driver for Chrome 118)
[pool-2-thread-2] INFO io.github.bonigarcia.wdm.WebDriverManager - Exporting webdriver.chrome.driver as C:\Users\USER\.cache\selenium\chromedriver\win32\114.0.5735.90\chromedriver.exe
Starting ChromeDriver 118.0.5993.70 (e52f33f30b91b4ddfad649acddc39ab570473b86-refs/branch-heads/5993@{#1216}) on port 38897
Only local connections are allowed.
Please see https://chromedriver.chromium.org/security-considerations for suggestions on keeping ChromeDriver safe.
ChromeDriver was started successfully.
Oct 26, 2023 3:36:02 AM org.openqa.selenium.devtools.CdpVersionFinder findNearestMatch
WARNING: Unable to find CDP implementation matching 118
Oct 26, 2023 3:36:02 AM org.openqa.selenium.chromium.ChromiumDriver lambda$new$3
WARNING: Unable to find version of CDP to use for . You may need to include a dependency on a specific version of the CDP using something similar to `org.seleniumhq.selenium:selenium-devtools-v86:4.8.1` where the version ("v86") matches the version of the chromium-based browser you're using and the version number of the artifact is the same as Selenium's.
]]></system-err>
  </testcase>
  <testcase name="User should be able to fill up and submit form for freezer repair with correct zipcode #3" classname="User should be able to fill up the form and submit" time="10.7">
    <system-out><![CDATA[
@regression
Scenario Outline: User should be able to fill up and submit form for freezer repair with correct zipcode                     &amp#27;[90m# src/test/resources/features/scheduleService.feature:106&amp#27;[0m
  &amp#27;[32mGiven &amp#27;[0m&amp#27;[32mUser at the Service Schedule page&amp#27;[0m                                                                                    &amp#27;[90m# com.ncApplianceRepair.step_definition.ServiceScheduleStepDef.userAtTheServiceSchedulePage()&amp#27;[0m
  &amp#27;[32mWhen &amp#27;[0m&amp#27;[32muser fill up page one of a Service Schedule with a &amp#27;[0m&amp#27;[32m&amp#27;[1m"28110"&amp#27;[0m&amp#27;[32m for the freezer and fill up page two of a Service Schedule&amp#27;[0m &amp#27;[90m# com.ncApplianceRepair.step_definition.ServiceScheduleStepDef.userFillUpPageOneOfAServiceScheduleWithAForTheFreezerAndFillUpPageTwoOfAServiceSchedule(java.lang.String)&amp#27;[0m
  &amp#27;[32mThen &amp#27;[0m&amp#27;[32muser will see page Request was submitted&amp#27;[0m                                                                              &amp#27;[90m# com.ncApplianceRepair.step_definition.ServiceScheduleStepDef.userWillSeePageRequestWasSubmitted()&amp#27;[0m
]]></system-out>
    <system-err><![CDATA[[pool-2-thread-2] INFO io.github.bonigarcia.wdm.WebDriverManager - Using chromedriver 114.0.5735.90 (resolved driver for Chrome 118)
[pool-2-thread-2] INFO io.github.bonigarcia.wdm.WebDriverManager - Exporting webdriver.chrome.driver as C:\Users\USER\.cache\selenium\chromedriver\win32\114.0.5735.90\chromedriver.exe
Starting ChromeDriver 118.0.5993.70 (e52f33f30b91b4ddfad649acddc39ab570473b86-refs/branch-heads/5993@{#1216}) on port 21295
Only local connections are allowed.
Please see https://chromedriver.chromium.org/security-considerations for suggestions on keeping ChromeDriver safe.
ChromeDriver was started successfully.
Oct 26, 2023 3:36:13 AM org.openqa.selenium.devtools.CdpVersionFinder findNearestMatch
WARNING: Unable to find CDP implementation matching 118
Oct 26, 2023 3:36:13 AM org.openqa.selenium.chromium.ChromiumDriver lambda$new$3
WARNING: Unable to find version of CDP to use for . You may need to include a dependency on a specific version of the CDP using something similar to `org.seleniumhq.selenium:selenium-devtools-v86:4.8.1` where the version ("v86") matches the version of the chromium-based browser you're using and the version number of the artifact is the same as Selenium's.
]]></system-err>
  </testcase>
  <testcase name="User should be able to fill up and submit form for freezer repair with correct zipcode #4" classname="User should be able to fill up the form and submit" time="10.087">
    <system-out><![CDATA[
@regression
Scenario Outline: User should be able to fill up and submit form for freezer repair with correct zipcode                     &amp#27;[90m# src/test/resources/features/scheduleService.feature:107&amp#27;[0m
  &amp#27;[32mGiven &amp#27;[0m&amp#27;[32mUser at the Service Schedule page&amp#27;[0m                                                                                    &amp#27;[90m# com.ncApplianceRepair.step_definition.ServiceScheduleStepDef.userAtTheServiceSchedulePage()&amp#27;[0m
  &amp#27;[32mWhen &amp#27;[0m&amp#27;[32muser fill up page one of a Service Schedule with a &amp#27;[0m&amp#27;[32m&amp#27;[1m"28104"&amp#27;[0m&amp#27;[32m for the freezer and fill up page two of a Service Schedule&amp#27;[0m &amp#27;[90m# com.ncApplianceRepair.step_definition.ServiceScheduleStepDef.userFillUpPageOneOfAServiceScheduleWithAForTheFreezerAndFillUpPageTwoOfAServiceSchedule(java.lang.String)&amp#27;[0m
  &amp#27;[32mThen &amp#27;[0m&amp#27;[32muser will see page Request was submitted&amp#27;[0m                                                                              &amp#27;[90m# com.ncApplianceRepair.step_definition.ServiceScheduleStepDef.userWillSeePageRequestWasSubmitted()&amp#27;[0m
]]></system-out>
    <system-err><![CDATA[[pool-2-thread-2] INFO io.github.bonigarcia.wdm.WebDriverManager - Using chromedriver 114.0.5735.90 (resolved driver for Chrome 118)
[pool-2-thread-2] INFO io.github.bonigarcia.wdm.WebDriverManager - Exporting webdriver.chrome.driver as C:\Users\USER\.cache\selenium\chromedriver\win32\114.0.5735.90\chromedriver.exe
Starting ChromeDriver 118.0.5993.70 (e52f33f30b91b4ddfad649acddc39ab570473b86-refs/branch-heads/5993@{#1216}) on port 12817
Only local connections are allowed.
Please see https://chromedriver.chromium.org/security-considerations for suggestions on keeping ChromeDriver safe.
ChromeDriver was started successfully.
Oct 26, 2023 3:36:23 AM org.openqa.selenium.devtools.CdpVersionFinder findNearestMatch
WARNING: Unable to find CDP implementation matching 118
Oct 26, 2023 3:36:23 AM org.openqa.selenium.chromium.ChromiumDriver lambda$new$3
WARNING: Unable to find version of CDP to use for . You may need to include a dependency on a specific version of the CDP using something similar to `org.seleniumhq.selenium:selenium-devtools-v86:4.8.1` where the version ("v86") matches the version of the chromium-based browser you're using and the version number of the artifact is the same as Selenium's.
]]></system-err>
  </testcase>
  <testcase name="User should be able to fill up and submit form for freezer repair with correct zipcode #5" classname="User should be able to fill up the form and submit" time="11.177">
    <system-out><![CDATA[
@regression
Scenario Outline: User should be able to fill up and submit form for freezer repair with correct zipcode                     &amp#27;[90m# src/test/resources/features/scheduleService.feature:108&amp#27;[0m
  &amp#27;[32mGiven &amp#27;[0m&amp#27;[32mUser at the Service Schedule page&amp#27;[0m                                                                                    &amp#27;[90m# com.ncApplianceRepair.step_definition.ServiceScheduleStepDef.userAtTheServiceSchedulePage()&amp#27;[0m
  &amp#27;[32mWhen &amp#27;[0m&amp#27;[32muser fill up page one of a Service Schedule with a &amp#27;[0m&amp#27;[32m&amp#27;[1m"28105"&amp#27;[0m&amp#27;[32m for the freezer and fill up page two of a Service Schedule&amp#27;[0m &amp#27;[90m# com.ncApplianceRepair.step_definition.ServiceScheduleStepDef.userFillUpPageOneOfAServiceScheduleWithAForTheFreezerAndFillUpPageTwoOfAServiceSchedule(java.lang.String)&amp#27;[0m
  &amp#27;[32mThen &amp#27;[0m&amp#27;[32muser will see page Request was submitted&amp#27;[0m                                                                              &amp#27;[90m# com.ncApplianceRepair.step_definition.ServiceScheduleStepDef.userWillSeePageRequestWasSubmitted()&amp#27;[0m
]]></system-out>
    <system-err><![CDATA[[pool-2-thread-2] INFO io.github.bonigarcia.wdm.WebDriverManager - Using chromedriver 114.0.5735.90 (resolved driver for Chrome 118)
[pool-2-thread-2] INFO io.github.bonigarcia.wdm.WebDriverManager - Exporting webdriver.chrome.driver as C:\Users\USER\.cache\selenium\chromedriver\win32\114.0.5735.90\chromedriver.exe
Starting ChromeDriver 118.0.5993.70 (e52f33f30b91b4ddfad649acddc39ab570473b86-refs/branch-heads/5993@{#1216}) on port 25246
Only local connections are allowed.
Please see https://chromedriver.chromium.org/security-considerations for suggestions on keeping ChromeDriver safe.
ChromeDriver was started successfully.
Oct 26, 2023 3:36:34 AM org.openqa.selenium.devtools.CdpVersionFinder findNearestMatch
WARNING: Unable to find CDP implementation matching 118
Oct 26, 2023 3:36:34 AM org.openqa.selenium.chromium.ChromiumDriver lambda$new$3
WARNING: Unable to find version of CDP to use for . You may need to include a dependency on a specific version of the CDP using something similar to `org.seleniumhq.selenium:selenium-devtools-v86:4.8.1` where the version ("v86") matches the version of the chromium-based browser you're using and the version number of the artifact is the same as Selenium's.
]]></system-err>
  </testcase>
  <testcase name="User should be able to fill up and submit form for freezer repair with correct zipcode #6" classname="User should be able to fill up the form and submit" time="10.309">
    <system-out><![CDATA[
@regression
Scenario Outline: User should be able to fill up and submit form for freezer repair with correct zipcode                     &amp#27;[90m# src/test/resources/features/scheduleService.feature:109&amp#27;[0m
  &amp#27;[32mGiven &amp#27;[0m&amp#27;[32mUser at the Service Schedule page&amp#27;[0m                                                                                    &amp#27;[90m# com.ncApplianceRepair.step_definition.ServiceScheduleStepDef.userAtTheServiceSchedulePage()&amp#27;[0m
  &amp#27;[32mWhen &amp#27;[0m&amp#27;[32muser fill up page one of a Service Schedule with a &amp#27;[0m&amp#27;[32m&amp#27;[1m"28110"&amp#27;[0m&amp#27;[32m for the freezer and fill up page two of a Service Schedule&amp#27;[0m &amp#27;[90m# com.ncApplianceRepair.step_definition.ServiceScheduleStepDef.userFillUpPageOneOfAServiceScheduleWithAForTheFreezerAndFillUpPageTwoOfAServiceSchedule(java.lang.String)&amp#27;[0m
  &amp#27;[32mThen &amp#27;[0m&amp#27;[32muser will see page Request was submitted&amp#27;[0m                                                                              &amp#27;[90m# com.ncApplianceRepair.step_definition.ServiceScheduleStepDef.userWillSeePageRequestWasSubmitted()&amp#27;[0m
]]></system-out>
    <system-err><![CDATA[[pool-2-thread-2] INFO io.github.bonigarcia.wdm.WebDriverManager - Using chromedriver 114.0.5735.90 (resolved driver for Chrome 118)
[pool-2-thread-2] INFO io.github.bonigarcia.wdm.WebDriverManager - Exporting webdriver.chrome.driver as C:\Users\USER\.cache\selenium\chromedriver\win32\114.0.5735.90\chromedriver.exe
Starting ChromeDriver 118.0.5993.70 (e52f33f30b91b4ddfad649acddc39ab570473b86-refs/branch-heads/5993@{#1216}) on port 41926
Only local connections are allowed.
Please see https://chromedriver.chromium.org/security-considerations for suggestions on keeping ChromeDriver safe.
ChromeDriver was started successfully.
Oct 26, 2023 3:36:45 AM org.openqa.selenium.devtools.CdpVersionFinder findNearestMatch
WARNING: Unable to find CDP implementation matching 118
Oct 26, 2023 3:36:45 AM org.openqa.selenium.chromium.ChromiumDriver lambda$new$3
WARNING: Unable to find version of CDP to use for . You may need to include a dependency on a specific version of the CDP using something similar to `org.seleniumhq.selenium:selenium-devtools-v86:4.8.1` where the version ("v86") matches the version of the chromium-based browser you're using and the version number of the artifact is the same as Selenium's.
]]></system-err>
  </testcase>
  <testcase name="User should be able to fill up and submit form for freezer repair with correct zipcode #7" classname="User should be able to fill up the form and submit" time="10.899">
    <system-out><![CDATA[
@regression
Scenario Outline: User should be able to fill up and submit form for freezer repair with correct zipcode                     &amp#27;[90m# src/test/resources/features/scheduleService.feature:110&amp#27;[0m
  &amp#27;[32mGiven &amp#27;[0m&amp#27;[32mUser at the Service Schedule page&amp#27;[0m                                                                                    &amp#27;[90m# com.ncApplianceRepair.step_definition.ServiceScheduleStepDef.userAtTheServiceSchedulePage()&amp#27;[0m
  &amp#27;[32mWhen &amp#27;[0m&amp#27;[32muser fill up page one of a Service Schedule with a &amp#27;[0m&amp#27;[32m&amp#27;[1m"28112"&amp#27;[0m&amp#27;[32m for the freezer and fill up page two of a Service Schedule&amp#27;[0m &amp#27;[90m# com.ncApplianceRepair.step_definition.ServiceScheduleStepDef.userFillUpPageOneOfAServiceScheduleWithAForTheFreezerAndFillUpPageTwoOfAServiceSchedule(java.lang.String)&amp#27;[0m
  &amp#27;[32mThen &amp#27;[0m&amp#27;[32muser will see page Request was submitted&amp#27;[0m                                                                              &amp#27;[90m# com.ncApplianceRepair.step_definition.ServiceScheduleStepDef.userWillSeePageRequestWasSubmitted()&amp#27;[0m
]]></system-out>
    <system-err><![CDATA[[pool-2-thread-2] INFO io.github.bonigarcia.wdm.WebDriverManager - Using chromedriver 114.0.5735.90 (resolved driver for Chrome 118)
[pool-2-thread-2] INFO io.github.bonigarcia.wdm.WebDriverManager - Exporting webdriver.chrome.driver as C:\Users\USER\.cache\selenium\chromedriver\win32\114.0.5735.90\chromedriver.exe
Starting ChromeDriver 118.0.5993.70 (e52f33f30b91b4ddfad649acddc39ab570473b86-refs/branch-heads/5993@{#1216}) on port 4517
Only local connections are allowed.
Please see https://chromedriver.chromium.org/security-considerations for suggestions on keeping ChromeDriver safe.
ChromeDriver was started successfully.
Oct 26, 2023 3:36:55 AM org.openqa.selenium.devtools.CdpVersionFinder findNearestMatch
WARNING: Unable to find CDP implementation matching 118
Oct 26, 2023 3:36:55 AM org.openqa.selenium.chromium.ChromiumDriver lambda$new$3
WARNING: Unable to find version of CDP to use for . You may need to include a dependency on a specific version of the CDP using something similar to `org.seleniumhq.selenium:selenium-devtools-v86:4.8.1` where the version ("v86") matches the version of the chromium-based browser you're using and the version number of the artifact is the same as Selenium's.
]]></system-err>
  </testcase>
  <testcase name="User should be able to fill up and submit form for freezer repair with correct zipcode #8" classname="User should be able to fill up the form and submit" time="10.99">
    <system-out><![CDATA[
@regression
Scenario Outline: User should be able to fill up and submit form for freezer repair with correct zipcode                     &amp#27;[90m# src/test/resources/features/scheduleService.feature:111&amp#27;[0m
  &amp#27;[32mGiven &amp#27;[0m&amp#27;[32mUser at the Service Schedule page&amp#27;[0m                                                                                    &amp#27;[90m# com.ncApplianceRepair.step_definition.ServiceScheduleStepDef.userAtTheServiceSchedulePage()&amp#27;[0m
  &amp#27;[32mWhen &amp#27;[0m&amp#27;[32muser fill up page one of a Service Schedule with a &amp#27;[0m&amp#27;[32m&amp#27;[1m"28173"&amp#27;[0m&amp#27;[32m for the freezer and fill up page two of a Service Schedule&amp#27;[0m &amp#27;[90m# com.ncApplianceRepair.step_definition.ServiceScheduleStepDef.userFillUpPageOneOfAServiceScheduleWithAForTheFreezerAndFillUpPageTwoOfAServiceSchedule(java.lang.String)&amp#27;[0m
  &amp#27;[32mThen &amp#27;[0m&amp#27;[32muser will see page Request was submitted&amp#27;[0m                                                                              &amp#27;[90m# com.ncApplianceRepair.step_definition.ServiceScheduleStepDef.userWillSeePageRequestWasSubmitted()&amp#27;[0m
]]></system-out>
    <system-err><![CDATA[[pool-2-thread-2] INFO io.github.bonigarcia.wdm.WebDriverManager - Using chromedriver 114.0.5735.90 (resolved driver for Chrome 118)
[pool-2-thread-2] INFO io.github.bonigarcia.wdm.WebDriverManager - Exporting webdriver.chrome.driver as C:\Users\USER\.cache\selenium\chromedriver\win32\114.0.5735.90\chromedriver.exe
Starting ChromeDriver 118.0.5993.70 (e52f33f30b91b4ddfad649acddc39ab570473b86-refs/branch-heads/5993@{#1216}) on port 26012
Only local connections are allowed.
Please see https://chromedriver.chromium.org/security-considerations for suggestions on keeping ChromeDriver safe.
ChromeDriver was started successfully.
Oct 26, 2023 3:37:06 AM org.openqa.selenium.devtools.CdpVersionFinder findNearestMatch
WARNING: Unable to find CDP implementation matching 118
Oct 26, 2023 3:37:06 AM org.openqa.selenium.chromium.ChromiumDriver lambda$new$3
WARNING: Unable to find version of CDP to use for . You may need to include a dependency on a specific version of the CDP using something similar to `org.seleniumhq.selenium:selenium-devtools-v86:4.8.1` where the version ("v86") matches the version of the chromium-based browser you're using and the version number of the artifact is the same as Selenium's.
]]></system-err>
  </testcase>
  <testcase name="User should be able to fill up and submit form for cooktop repair with correct zipcode #1" classname="User should be able to fill up the form and submit" time="11.444">
    <system-out><![CDATA[
@regression
Scenario Outline: User should be able to fill up and submit form for cooktop repair with correct zipcode                     &amp#27;[90m# src/test/resources/features/scheduleService.feature:119&amp#27;[0m
  &amp#27;[32mGiven &amp#27;[0m&amp#27;[32mUser at the Service Schedule page&amp#27;[0m                                                                                    &amp#27;[90m# com.ncApplianceRepair.step_definition.ServiceScheduleStepDef.userAtTheServiceSchedulePage()&amp#27;[0m
  &amp#27;[32mWhen &amp#27;[0m&amp#27;[32muser fill up page one of a Service Schedule with a &amp#27;[0m&amp#27;[32m&amp#27;[1m"28079"&amp#27;[0m&amp#27;[32m for the cooktop and fill up page two of a Service Schedule&amp#27;[0m &amp#27;[90m# com.ncApplianceRepair.step_definition.ServiceScheduleStepDef.userFillUpPageOneOfAServiceScheduleWithAForTheCooktopAndFillUpPageTwoOfAServiceSchedule(java.lang.String)&amp#27;[0m
  &amp#27;[32mThen &amp#27;[0m&amp#27;[32muser will see page Request was submitted&amp#27;[0m                                                                              &amp#27;[90m# com.ncApplianceRepair.step_definition.ServiceScheduleStepDef.userWillSeePageRequestWasSubmitted()&amp#27;[0m
]]></system-out>
    <system-err><![CDATA[[pool-2-thread-2] INFO io.github.bonigarcia.wdm.WebDriverManager - Using chromedriver 114.0.5735.90 (resolved driver for Chrome 118)
[pool-2-thread-2] INFO io.github.bonigarcia.wdm.WebDriverManager - Exporting webdriver.chrome.driver as C:\Users\USER\.cache\selenium\chromedriver\win32\114.0.5735.90\chromedriver.exe
Starting ChromeDriver 118.0.5993.70 (e52f33f30b91b4ddfad649acddc39ab570473b86-refs/branch-heads/5993@{#1216}) on port 34787
Only local connections are allowed.
Please see https://chromedriver.chromium.org/security-considerations for suggestions on keeping ChromeDriver safe.
ChromeDriver was started successfully.
Oct 26, 2023 3:37:17 AM org.openqa.selenium.devtools.CdpVersionFinder findNearestMatch
WARNING: Unable to find CDP implementation matching 118
Oct 26, 2023 3:37:18 AM org.openqa.selenium.chromium.ChromiumDriver lambda$new$3
WARNING: Unable to find version of CDP to use for . You may need to include a dependency on a specific version of the CDP using something similar to `org.seleniumhq.selenium:selenium-devtools-v86:4.8.1` where the version ("v86") matches the version of the chromium-based browser you're using and the version number of the artifact is the same as Selenium's.
]]></system-err>
  </testcase>
  <testcase name="User should be able to fill up and submit form for cooktop repair with correct zipcode #2" classname="User should be able to fill up the form and submit" time="11.067">
    <system-out><![CDATA[
@regression
Scenario Outline: User should be able to fill up and submit form for cooktop repair with correct zipcode                     &amp#27;[90m# src/test/resources/features/scheduleService.feature:120&amp#27;[0m
  &amp#27;[32mGiven &amp#27;[0m&amp#27;[32mUser at the Service Schedule page&amp#27;[0m                                                                                    &amp#27;[90m# com.ncApplianceRepair.step_definition.ServiceScheduleStepDef.userAtTheServiceSchedulePage()&amp#27;[0m
  &amp#27;[32mWhen &amp#27;[0m&amp#27;[32muser fill up page one of a Service Schedule with a &amp#27;[0m&amp#27;[32m&amp#27;[1m"28104"&amp#27;[0m&amp#27;[32m for the cooktop and fill up page two of a Service Schedule&amp#27;[0m &amp#27;[90m# com.ncApplianceRepair.step_definition.ServiceScheduleStepDef.userFillUpPageOneOfAServiceScheduleWithAForTheCooktopAndFillUpPageTwoOfAServiceSchedule(java.lang.String)&amp#27;[0m
  &amp#27;[32mThen &amp#27;[0m&amp#27;[32muser will see page Request was submitted&amp#27;[0m                                                                              &amp#27;[90m# com.ncApplianceRepair.step_definition.ServiceScheduleStepDef.userWillSeePageRequestWasSubmitted()&amp#27;[0m
]]></system-out>
    <system-err><![CDATA[[pool-2-thread-2] INFO io.github.bonigarcia.wdm.WebDriverManager - Using chromedriver 114.0.5735.90 (resolved driver for Chrome 118)
[pool-2-thread-2] INFO io.github.bonigarcia.wdm.WebDriverManager - Exporting webdriver.chrome.driver as C:\Users\USER\.cache\selenium\chromedriver\win32\114.0.5735.90\chromedriver.exe
Starting ChromeDriver 118.0.5993.70 (e52f33f30b91b4ddfad649acddc39ab570473b86-refs/branch-heads/5993@{#1216}) on port 11077
Only local connections are allowed.
Please see https://chromedriver.chromium.org/security-considerations for suggestions on keeping ChromeDriver safe.
ChromeDriver was started successfully.
Oct 26, 2023 3:37:29 AM org.openqa.selenium.devtools.CdpVersionFinder findNearestMatch
WARNING: Unable to find CDP implementation matching 118
Oct 26, 2023 3:37:29 AM org.openqa.selenium.chromium.ChromiumDriver lambda$new$3
WARNING: Unable to find version of CDP to use for . You may need to include a dependency on a specific version of the CDP using something similar to `org.seleniumhq.selenium:selenium-devtools-v86:4.8.1` where the version ("v86") matches the version of the chromium-based browser you're using and the version number of the artifact is the same as Selenium's.
]]></system-err>
  </testcase>
  <testcase name="User should be able to fill up and submit form for cooktop repair with correct zipcode #3" classname="User should be able to fill up the form and submit" time="10.506">
    <system-out><![CDATA[
@regression
Scenario Outline: User should be able to fill up and submit form for cooktop repair with correct zipcode                     &amp#27;[90m# src/test/resources/features/scheduleService.feature:121&amp#27;[0m
  &amp#27;[32mGiven &amp#27;[0m&amp#27;[32mUser at the Service Schedule page&amp#27;[0m                                                                                    &amp#27;[90m# com.ncApplianceRepair.step_definition.ServiceScheduleStepDef.userAtTheServiceSchedulePage()&amp#27;[0m
  &amp#27;[32mWhen &amp#27;[0m&amp#27;[32muser fill up page one of a Service Schedule with a &amp#27;[0m&amp#27;[32m&amp#27;[1m"28110"&amp#27;[0m&amp#27;[32m for the cooktop and fill up page two of a Service Schedule&amp#27;[0m &amp#27;[90m# com.ncApplianceRepair.step_definition.ServiceScheduleStepDef.userFillUpPageOneOfAServiceScheduleWithAForTheCooktopAndFillUpPageTwoOfAServiceSchedule(java.lang.String)&amp#27;[0m
  &amp#27;[32mThen &amp#27;[0m&amp#27;[32muser will see page Request was submitted&amp#27;[0m                                                                              &amp#27;[90m# com.ncApplianceRepair.step_definition.ServiceScheduleStepDef.userWillSeePageRequestWasSubmitted()&amp#27;[0m
]]></system-out>
    <system-err><![CDATA[[pool-2-thread-2] INFO io.github.bonigarcia.wdm.WebDriverManager - Using chromedriver 114.0.5735.90 (resolved driver for Chrome 118)
[pool-2-thread-2] INFO io.github.bonigarcia.wdm.WebDriverManager - Exporting webdriver.chrome.driver as C:\Users\USER\.cache\selenium\chromedriver\win32\114.0.5735.90\chromedriver.exe
Starting ChromeDriver 118.0.5993.70 (e52f33f30b91b4ddfad649acddc39ab570473b86-refs/branch-heads/5993@{#1216}) on port 25811
Only local connections are allowed.
Please see https://chromedriver.chromium.org/security-considerations for suggestions on keeping ChromeDriver safe.
ChromeDriver was started successfully.
Oct 26, 2023 3:37:40 AM org.openqa.selenium.devtools.CdpVersionFinder findNearestMatch
WARNING: Unable to find CDP implementation matching 118
Oct 26, 2023 3:37:40 AM org.openqa.selenium.chromium.ChromiumDriver lambda$new$3
WARNING: Unable to find version of CDP to use for . You may need to include a dependency on a specific version of the CDP using something similar to `org.seleniumhq.selenium:selenium-devtools-v86:4.8.1` where the version ("v86") matches the version of the chromium-based browser you're using and the version number of the artifact is the same as Selenium's.
]]></system-err>
  </testcase>
  <testcase name="User should be able to fill up and submit form for cooktop repair with correct zipcode #4" classname="User should be able to fill up the form and submit" time="10.913">
    <system-out><![CDATA[
@regression
Scenario Outline: User should be able to fill up and submit form for cooktop repair with correct zipcode                     &amp#27;[90m# src/test/resources/features/scheduleService.feature:122&amp#27;[0m
  &amp#27;[32mGiven &amp#27;[0m&amp#27;[32mUser at the Service Schedule page&amp#27;[0m                                                                                    &amp#27;[90m# com.ncApplianceRepair.step_definition.ServiceScheduleStepDef.userAtTheServiceSchedulePage()&amp#27;[0m
  &amp#27;[32mWhen &amp#27;[0m&amp#27;[32muser fill up page one of a Service Schedule with a &amp#27;[0m&amp#27;[32m&amp#27;[1m"28104"&amp#27;[0m&amp#27;[32m for the cooktop and fill up page two of a Service Schedule&amp#27;[0m &amp#27;[90m# com.ncApplianceRepair.step_definition.ServiceScheduleStepDef.userFillUpPageOneOfAServiceScheduleWithAForTheCooktopAndFillUpPageTwoOfAServiceSchedule(java.lang.String)&amp#27;[0m
  &amp#27;[32mThen &amp#27;[0m&amp#27;[32muser will see page Request was submitted&amp#27;[0m                                                                              &amp#27;[90m# com.ncApplianceRepair.step_definition.ServiceScheduleStepDef.userWillSeePageRequestWasSubmitted()&amp#27;[0m
]]></system-out>
    <system-err><![CDATA[[pool-2-thread-2] INFO io.github.bonigarcia.wdm.WebDriverManager - Using chromedriver 114.0.5735.90 (resolved driver for Chrome 118)
[pool-2-thread-2] INFO io.github.bonigarcia.wdm.WebDriverManager - Exporting webdriver.chrome.driver as C:\Users\USER\.cache\selenium\chromedriver\win32\114.0.5735.90\chromedriver.exe
Starting ChromeDriver 118.0.5993.70 (e52f33f30b91b4ddfad649acddc39ab570473b86-refs/branch-heads/5993@{#1216}) on port 31261
Only local connections are allowed.
Please see https://chromedriver.chromium.org/security-considerations for suggestions on keeping ChromeDriver safe.
ChromeDriver was started successfully.
Oct 26, 2023 3:37:50 AM org.openqa.selenium.devtools.CdpVersionFinder findNearestMatch
WARNING: Unable to find CDP implementation matching 118
Oct 26, 2023 3:37:50 AM org.openqa.selenium.chromium.ChromiumDriver lambda$new$3
WARNING: Unable to find version of CDP to use for . You may need to include a dependency on a specific version of the CDP using something similar to `org.seleniumhq.selenium:selenium-devtools-v86:4.8.1` where the version ("v86") matches the version of the chromium-based browser you're using and the version number of the artifact is the same as Selenium's.
]]></system-err>
  </testcase>
  <testcase name="User should be able to fill up and submit form for cooktop repair with correct zipcode #5" classname="User should be able to fill up the form and submit" time="11.409">
    <system-out><![CDATA[
@regression
Scenario Outline: User should be able to fill up and submit form for cooktop repair with correct zipcode                     &amp#27;[90m# src/test/resources/features/scheduleService.feature:123&amp#27;[0m
  &amp#27;[32mGiven &amp#27;[0m&amp#27;[32mUser at the Service Schedule page&amp#27;[0m                                                                                    &amp#27;[90m# com.ncApplianceRepair.step_definition.ServiceScheduleStepDef.userAtTheServiceSchedulePage()&amp#27;[0m
  &amp#27;[32mWhen &amp#27;[0m&amp#27;[32muser fill up page one of a Service Schedule with a &amp#27;[0m&amp#27;[32m&amp#27;[1m"28105"&amp#27;[0m&amp#27;[32m for the cooktop and fill up page two of a Service Schedule&amp#27;[0m &amp#27;[90m# com.ncApplianceRepair.step_definition.ServiceScheduleStepDef.userFillUpPageOneOfAServiceScheduleWithAForTheCooktopAndFillUpPageTwoOfAServiceSchedule(java.lang.String)&amp#27;[0m
  &amp#27;[32mThen &amp#27;[0m&amp#27;[32muser will see page Request was submitted&amp#27;[0m                                                                              &amp#27;[90m# com.ncApplianceRepair.step_definition.ServiceScheduleStepDef.userWillSeePageRequestWasSubmitted()&amp#27;[0m
]]></system-out>
    <system-err><![CDATA[[pool-2-thread-2] INFO io.github.bonigarcia.wdm.WebDriverManager - Using chromedriver 114.0.5735.90 (resolved driver for Chrome 118)
[pool-2-thread-2] INFO io.github.bonigarcia.wdm.WebDriverManager - Exporting webdriver.chrome.driver as C:\Users\USER\.cache\selenium\chromedriver\win32\114.0.5735.90\chromedriver.exe
Starting ChromeDriver 118.0.5993.70 (e52f33f30b91b4ddfad649acddc39ab570473b86-refs/branch-heads/5993@{#1216}) on port 16928
Only local connections are allowed.
Please see https://chromedriver.chromium.org/security-considerations for suggestions on keeping ChromeDriver safe.
ChromeDriver was started successfully.
Oct 26, 2023 3:38:01 AM org.openqa.selenium.devtools.CdpVersionFinder findNearestMatch
WARNING: Unable to find CDP implementation matching 118
Oct 26, 2023 3:38:01 AM org.openqa.selenium.chromium.ChromiumDriver lambda$new$3
WARNING: Unable to find version of CDP to use for . You may need to include a dependency on a specific version of the CDP using something similar to `org.seleniumhq.selenium:selenium-devtools-v86:4.8.1` where the version ("v86") matches the version of the chromium-based browser you're using and the version number of the artifact is the same as Selenium's.
]]></system-err>
  </testcase>
  <testcase name="User should be able to fill up and submit form for cooktop repair with correct zipcode #6" classname="User should be able to fill up the form and submit" time="10.868">
    <system-out><![CDATA[
@regression
Scenario Outline: User should be able to fill up and submit form for cooktop repair with correct zipcode                     &amp#27;[90m# src/test/resources/features/scheduleService.feature:124&amp#27;[0m
  &amp#27;[32mGiven &amp#27;[0m&amp#27;[32mUser at the Service Schedule page&amp#27;[0m                                                                                    &amp#27;[90m# com.ncApplianceRepair.step_definition.ServiceScheduleStepDef.userAtTheServiceSchedulePage()&amp#27;[0m
  &amp#27;[32mWhen &amp#27;[0m&amp#27;[32muser fill up page one of a Service Schedule with a &amp#27;[0m&amp#27;[32m&amp#27;[1m"28110"&amp#27;[0m&amp#27;[32m for the cooktop and fill up page two of a Service Schedule&amp#27;[0m &amp#27;[90m# com.ncApplianceRepair.step_definition.ServiceScheduleStepDef.userFillUpPageOneOfAServiceScheduleWithAForTheCooktopAndFillUpPageTwoOfAServiceSchedule(java.lang.String)&amp#27;[0m
  &amp#27;[32mThen &amp#27;[0m&amp#27;[32muser will see page Request was submitted&amp#27;[0m                                                                              &amp#27;[90m# com.ncApplianceRepair.step_definition.ServiceScheduleStepDef.userWillSeePageRequestWasSubmitted()&amp#27;[0m
]]></system-out>
    <system-err><![CDATA[[pool-2-thread-2] INFO io.github.bonigarcia.wdm.WebDriverManager - Using chromedriver 114.0.5735.90 (resolved driver for Chrome 118)
[pool-2-thread-2] INFO io.github.bonigarcia.wdm.WebDriverManager - Exporting webdriver.chrome.driver as C:\Users\USER\.cache\selenium\chromedriver\win32\114.0.5735.90\chromedriver.exe
Starting ChromeDriver 118.0.5993.70 (e52f33f30b91b4ddfad649acddc39ab570473b86-refs/branch-heads/5993@{#1216}) on port 43921
Only local connections are allowed.
Please see https://chromedriver.chromium.org/security-considerations for suggestions on keeping ChromeDriver safe.
ChromeDriver was started successfully.
Oct 26, 2023 3:38:12 AM org.openqa.selenium.devtools.CdpVersionFinder findNearestMatch
WARNING: Unable to find CDP implementation matching 118
Oct 26, 2023 3:38:12 AM org.openqa.selenium.chromium.ChromiumDriver lambda$new$3
WARNING: Unable to find version of CDP to use for . You may need to include a dependency on a specific version of the CDP using something similar to `org.seleniumhq.selenium:selenium-devtools-v86:4.8.1` where the version ("v86") matches the version of the chromium-based browser you're using and the version number of the artifact is the same as Selenium's.
]]></system-err>
  </testcase>
  <testcase name="User should be able to fill up and submit form for cooktop repair with correct zipcode #7" classname="User should be able to fill up the form and submit" time="12.294">
    <system-out><![CDATA[
@regression
Scenario Outline: User should be able to fill up and submit form for cooktop repair with correct zipcode                     &amp#27;[90m# src/test/resources/features/scheduleService.feature:125&amp#27;[0m
  &amp#27;[32mGiven &amp#27;[0m&amp#27;[32mUser at the Service Schedule page&amp#27;[0m                                                                                    &amp#27;[90m# com.ncApplianceRepair.step_definition.ServiceScheduleStepDef.userAtTheServiceSchedulePage()&amp#27;[0m
  &amp#27;[32mWhen &amp#27;[0m&amp#27;[32muser fill up page one of a Service Schedule with a &amp#27;[0m&amp#27;[32m&amp#27;[1m"28112"&amp#27;[0m&amp#27;[32m for the cooktop and fill up page two of a Service Schedule&amp#27;[0m &amp#27;[90m# com.ncApplianceRepair.step_definition.ServiceScheduleStepDef.userFillUpPageOneOfAServiceScheduleWithAForTheCooktopAndFillUpPageTwoOfAServiceSchedule(java.lang.String)&amp#27;[0m
  &amp#27;[32mThen &amp#27;[0m&amp#27;[32muser will see page Request was submitted&amp#27;[0m                                                                              &amp#27;[90m# com.ncApplianceRepair.step_definition.ServiceScheduleStepDef.userWillSeePageRequestWasSubmitted()&amp#27;[0m
]]></system-out>
    <system-err><![CDATA[[pool-2-thread-2] INFO io.github.bonigarcia.wdm.WebDriverManager - Using chromedriver 114.0.5735.90 (resolved driver for Chrome 118)
[pool-2-thread-2] INFO io.github.bonigarcia.wdm.WebDriverManager - Exporting webdriver.chrome.driver as C:\Users\USER\.cache\selenium\chromedriver\win32\114.0.5735.90\chromedriver.exe
Starting ChromeDriver 118.0.5993.70 (e52f33f30b91b4ddfad649acddc39ab570473b86-refs/branch-heads/5993@{#1216}) on port 48164
Only local connections are allowed.
Please see https://chromedriver.chromium.org/security-considerations for suggestions on keeping ChromeDriver safe.
ChromeDriver was started successfully.
Oct 26, 2023 3:38:23 AM org.openqa.selenium.devtools.CdpVersionFinder findNearestMatch
WARNING: Unable to find CDP implementation matching 118
Oct 26, 2023 3:38:23 AM org.openqa.selenium.chromium.ChromiumDriver lambda$new$3
WARNING: Unable to find version of CDP to use for . You may need to include a dependency on a specific version of the CDP using something similar to `org.seleniumhq.selenium:selenium-devtools-v86:4.8.1` where the version ("v86") matches the version of the chromium-based browser you're using and the version number of the artifact is the same as Selenium's.
]]></system-err>
  </testcase>
  <testcase name="User should be able to fill up and submit form for cooktop repair with correct zipcode #8" classname="User should be able to fill up the form and submit" time="11.15">
    <system-out><![CDATA[
@regression
Scenario Outline: User should be able to fill up and submit form for cooktop repair with correct zipcode                     &amp#27;[90m# src/test/resources/features/scheduleService.feature:126&amp#27;[0m
  &amp#27;[32mGiven &amp#27;[0m&amp#27;[32mUser at the Service Schedule page&amp#27;[0m                                                                                    &amp#27;[90m# com.ncApplianceRepair.step_definition.ServiceScheduleStepDef.userAtTheServiceSchedulePage()&amp#27;[0m
  &amp#27;[32mWhen &amp#27;[0m&amp#27;[32muser fill up page one of a Service Schedule with a &amp#27;[0m&amp#27;[32m&amp#27;[1m"28173"&amp#27;[0m&amp#27;[32m for the cooktop and fill up page two of a Service Schedule&amp#27;[0m &amp#27;[90m# com.ncApplianceRepair.step_definition.ServiceScheduleStepDef.userFillUpPageOneOfAServiceScheduleWithAForTheCooktopAndFillUpPageTwoOfAServiceSchedule(java.lang.String)&amp#27;[0m
  &amp#27;[32mThen &amp#27;[0m&amp#27;[32muser will see page Request was submitted&amp#27;[0m                                                                              &amp#27;[90m# com.ncApplianceRepair.step_definition.ServiceScheduleStepDef.userWillSeePageRequestWasSubmitted()&amp#27;[0m
]]></system-out>
    <system-err><![CDATA[[pool-2-thread-2] INFO io.github.bonigarcia.wdm.WebDriverManager - Using chromedriver 114.0.5735.90 (resolved driver for Chrome 118)
[pool-2-thread-2] INFO io.github.bonigarcia.wdm.WebDriverManager - Exporting webdriver.chrome.driver as C:\Users\USER\.cache\selenium\chromedriver\win32\114.0.5735.90\chromedriver.exe
Starting ChromeDriver 118.0.5993.70 (e52f33f30b91b4ddfad649acddc39ab570473b86-refs/branch-heads/5993@{#1216}) on port 34228
Only local connections are allowed.
Please see https://chromedriver.chromium.org/security-considerations for suggestions on keeping ChromeDriver safe.
ChromeDriver was started successfully.
Oct 26, 2023 3:38:36 AM org.openqa.selenium.devtools.CdpVersionFinder findNearestMatch
WARNING: Unable to find CDP implementation matching 118
Oct 26, 2023 3:38:36 AM org.openqa.selenium.chromium.ChromiumDriver lambda$new$3
WARNING: Unable to find version of CDP to use for . You may need to include a dependency on a specific version of the CDP using something similar to `org.seleniumhq.selenium:selenium-devtools-v86:4.8.1` where the version ("v86") matches the version of the chromium-based browser you're using and the version number of the artifact is the same as Selenium's.
]]></system-err>
  </testcase>
</testsuite>